{"/Users/joey/GitHub/swarm-monitor/build/app/adapters/jsonapi.js":{"path":"/Users/joey/GitHub/swarm-monitor/build/app/adapters/jsonapi.js","s":{"1":1,"2":1,"3":0,"4":0,"5":0,"6":0,"7":0,"8":0,"9":0,"10":0,"11":0,"12":0,"13":0,"14":0,"15":0,"16":0,"17":0,"18":0,"19":0,"20":0,"21":0,"22":0,"23":0,"24":0,"25":0,"26":0,"27":0,"28":0,"29":0,"30":0,"31":0,"32":0,"33":0,"34":0,"35":0,"36":0,"37":0,"38":0,"39":0,"40":0,"41":0,"42":0,"43":0,"44":0,"45":0,"46":0,"47":0,"48":0,"49":0,"50":0,"51":0,"52":0,"53":0,"54":0,"55":0,"56":0,"57":0,"58":1,"59":1,"60":1},"b":{"1":[0,0],"2":[0,0],"3":[0,0],"4":[0,0],"5":[0,0],"6":[0,0],"7":[0,0],"8":[0,0],"9":[0,0],"10":[0,0],"11":[0,0]},"f":{"1":0,"2":0,"3":0},"fnMap":{"1":{"name":"(anonymous_1)","line":7,"loc":{"start":{"line":7,"column":15},"end":{"line":7,"column":25}}},"2":{"name":"(anonymous_2)","line":51,"loc":{"start":{"line":51,"column":21},"end":{"line":51,"column":24}}},"3":{"name":"(anonymous_3)","line":54,"loc":{"start":{"line":54,"column":14},"end":{"line":54,"column":18}}}},"statementMap":{"1":{"start":{"line":2,"column":0},"end":{"line":2,"column":35}},"2":{"start":{"line":5,"column":0},"end":{"line":5,"column":35}},"3":{"start":{"line":8,"column":8},"end":{"line":20,"column":10}},"4":{"start":{"line":9,"column":12},"end":{"line":9,"column":29}},"5":{"start":{"line":10,"column":12},"end":{"line":10,"column":28}},"6":{"start":{"line":11,"column":12},"end":{"line":11,"column":37}},"7":{"start":{"line":12,"column":12},"end":{"line":14,"column":13}},"8":{"start":{"line":13,"column":16},"end":{"line":13,"column":98}},"9":{"start":{"line":15,"column":12},"end":{"line":15,"column":42}},"10":{"start":{"line":16,"column":12},"end":{"line":16,"column":53}},"11":{"start":{"line":17,"column":12},"end":{"line":17,"column":64}},"12":{"start":{"line":18,"column":12},"end":{"line":18,"column":58}},"13":{"start":{"line":19,"column":12},"end":{"line":19,"column":26}},"14":{"start":{"line":21,"column":8},"end":{"line":32,"column":10}},"15":{"start":{"line":22,"column":12},"end":{"line":22,"column":23}},"16":{"start":{"line":23,"column":12},"end":{"line":30,"column":13}},"17":{"start":{"line":24,"column":16},"end":{"line":26,"column":19}},"18":{"start":{"line":25,"column":20},"end":{"line":25,"column":46}},"19":{"start":{"line":29,"column":16},"end":{"line":29,"column":48}},"20":{"start":{"line":31,"column":12},"end":{"line":31,"column":36}},"21":{"start":{"line":33,"column":8},"end":{"line":45,"column":10}},"22":{"start":{"line":34,"column":12},"end":{"line":34,"column":23}},"23":{"start":{"line":35,"column":12},"end":{"line":35,"column":34}},"24":{"start":{"line":36,"column":12},"end":{"line":43,"column":13}},"25":{"start":{"line":37,"column":16},"end":{"line":39,"column":19}},"26":{"start":{"line":38,"column":20},"end":{"line":38,"column":48}},"27":{"start":{"line":42,"column":16},"end":{"line":42,"column":49}},"28":{"start":{"line":44,"column":12},"end":{"line":44,"column":26}},"29":{"start":{"line":46,"column":8},"end":{"line":46,"column":42}},"30":{"start":{"line":47,"column":8},"end":{"line":47,"column":46}},"31":{"start":{"line":48,"column":8},"end":{"line":48,"column":43}},"32":{"start":{"line":49,"column":8},"end":{"line":49,"column":33}},"33":{"start":{"line":52,"column":8},"end":{"line":52,"column":25}},"34":{"start":{"line":55,"column":8},"end":{"line":55,"column":35}},"35":{"start":{"line":56,"column":8},"end":{"line":56,"column":32}},"36":{"start":{"line":57,"column":8},"end":{"line":57,"column":71}},"37":{"start":{"line":58,"column":8},"end":{"line":58,"column":44}},"38":{"start":{"line":59,"column":8},"end":{"line":59,"column":55}},"39":{"start":{"line":60,"column":8},"end":{"line":60,"column":93}},"40":{"start":{"line":61,"column":8},"end":{"line":61,"column":60}},"41":{"start":{"line":62,"column":8},"end":{"line":87,"column":11}},"42":{"start":{"line":63,"column":12},"end":{"line":63,"column":68}},"43":{"start":{"line":64,"column":12},"end":{"line":64,"column":66}},"44":{"start":{"line":65,"column":12},"end":{"line":67,"column":13}},"45":{"start":{"line":66,"column":16},"end":{"line":66,"column":23}},"46":{"start":{"line":68,"column":12},"end":{"line":86,"column":13}},"47":{"start":{"line":69,"column":16},"end":{"line":69,"column":81}},"48":{"start":{"line":72,"column":16},"end":{"line":72,"column":39}},"49":{"start":{"line":73,"column":16},"end":{"line":76,"column":18}},"50":{"start":{"line":77,"column":16},"end":{"line":84,"column":17}},"51":{"start":{"line":78,"column":20},"end":{"line":80,"column":23}},"52":{"start":{"line":79,"column":24},"end":{"line":79,"column":56}},"53":{"start":{"line":83,"column":20},"end":{"line":83,"column":60}},"54":{"start":{"line":85,"column":16},"end":{"line":85,"column":138}},"55":{"start":{"line":88,"column":8},"end":{"line":90,"column":9}},"56":{"start":{"line":89,"column":12},"end":{"line":89,"column":35}},"57":{"start":{"line":91,"column":8},"end":{"line":91,"column":17}},"58":{"start":{"line":94,"column":0},"end":{"line":94,"column":40}},"59":{"start":{"line":95,"column":0},"end":{"line":95,"column":62}},"60":{"start":{"line":96,"column":0},"end":{"line":96,"column":33}}},"branchMap":{"1":{"line":12,"type":"if","locations":[{"start":{"line":12,"column":12},"end":{"line":12,"column":12}},{"start":{"line":12,"column":12},"end":{"line":12,"column":12}}]},"2":{"line":23,"type":"if","locations":[{"start":{"line":23,"column":12},"end":{"line":23,"column":12}},{"start":{"line":23,"column":12},"end":{"line":23,"column":12}}]},"3":{"line":36,"type":"if","locations":[{"start":{"line":36,"column":12},"end":{"line":36,"column":12}},{"start":{"line":36,"column":12},"end":{"line":36,"column":12}}]},"4":{"line":47,"type":"binary-expr","locations":[{"start":{"line":47,"column":22},"end":{"line":47,"column":36}},{"start":{"line":47,"column":40},"end":{"line":47,"column":45}}]},"5":{"line":57,"type":"cond-expr","locations":[{"start":{"line":57,"column":45},"end":{"line":57,"column":65}},{"start":{"line":57,"column":68},"end":{"line":57,"column":70}}]},"6":{"line":59,"type":"binary-expr","locations":[{"start":{"line":59,"column":30},"end":{"line":59,"column":48}},{"start":{"line":59,"column":52},"end":{"line":59,"column":54}}]},"7":{"line":64,"type":"cond-expr","locations":[{"start":{"line":64,"column":35},"end":{"line":64,"column":50}},{"start":{"line":64,"column":53},"end":{"line":64,"column":65}}]},"8":{"line":65,"type":"if","locations":[{"start":{"line":65,"column":12},"end":{"line":65,"column":12}},{"start":{"line":65,"column":12},"end":{"line":65,"column":12}}]},"9":{"line":68,"type":"if","locations":[{"start":{"line":68,"column":12},"end":{"line":68,"column":12}},{"start":{"line":68,"column":12},"end":{"line":68,"column":12}}]},"10":{"line":77,"type":"if","locations":[{"start":{"line":77,"column":16},"end":{"line":77,"column":16}},{"start":{"line":77,"column":16},"end":{"line":77,"column":16}}]},"11":{"line":88,"type":"if","locations":[{"start":{"line":88,"column":8},"end":{"line":88,"column":8}},{"start":{"line":88,"column":8},"end":{"line":88,"column":8}}]}}},"/Users/joey/GitHub/swarm-monitor/build/app/helpers/query.js":{"path":"/Users/joey/GitHub/swarm-monitor/build/app/helpers/query.js","s":{"1":1,"2":0,"3":1,"4":0,"5":0,"6":0,"7":1,"8":0,"9":0,"10":0,"11":1,"12":0,"13":0,"14":0,"15":1,"16":1,"17":0,"18":1,"19":0,"20":0,"21":0,"22":0,"23":0,"24":0,"25":1,"26":0,"27":0,"28":0,"29":0,"30":0,"31":0,"32":0,"33":0,"34":0,"35":0,"36":0,"37":0,"38":0,"39":0,"40":0,"41":0,"42":0,"43":0,"44":0,"45":0,"46":0,"47":0,"48":0,"49":0,"50":0,"51":0,"52":0,"53":0,"54":0,"55":1},"b":{"1":[1,1,1],"2":[0,0],"3":[0,0],"4":[0,0],"5":[0,0],"6":[0,0],"7":[0,0],"8":[0,0],"9":[0,0],"10":[0,0],"11":[0,0]},"f":{"1":0,"2":0,"3":0,"4":0,"5":0,"6":0,"7":0,"8":0,"9":0,"10":0},"fnMap":{"1":{"name":"(anonymous_1)","line":2,"loc":{"start":{"line":2,"column":44},"end":{"line":2,"column":89}}},"2":{"name":"(anonymous_2)","line":3,"loc":{"start":{"line":3,"column":36},"end":{"line":3,"column":63}}},"3":{"name":"fulfilled","line":4,"loc":{"start":{"line":4,"column":8},"end":{"line":4,"column":34}}},"4":{"name":"rejected","line":5,"loc":{"start":{"line":5,"column":8},"end":{"line":5,"column":33}}},"5":{"name":"step","line":6,"loc":{"start":{"line":6,"column":8},"end":{"line":6,"column":30}}},"6":{"name":"(anonymous_6)","line":6,"loc":{"start":{"line":6,"column":76},"end":{"line":6,"column":95}}},"7":{"name":"queryHelper","line":11,"loc":{"start":{"line":11,"column":0},"end":{"line":11,"column":35}}},"8":{"name":"(anonymous_8)","line":12,"loc":{"start":{"line":12,"column":43},"end":{"line":12,"column":56}}},"9":{"name":"_filter","line":13,"loc":{"start":{"line":13,"column":8},"end":{"line":13,"column":30}}},"10":{"name":"_sort","line":22,"loc":{"start":{"line":22,"column":8},"end":{"line":22,"column":30}}}},"statementMap":{"1":{"start":{"line":2,"column":0},"end":{"line":9,"column":2}},"2":{"start":{"line":3,"column":4},"end":{"line":8,"column":7}},"3":{"start":{"line":4,"column":8},"end":{"line":4,"column":99}},"4":{"start":{"line":4,"column":36},"end":{"line":4,"column":97}},"5":{"start":{"line":4,"column":42},"end":{"line":4,"column":70}},"6":{"start":{"line":4,"column":85},"end":{"line":4,"column":95}},"7":{"start":{"line":5,"column":8},"end":{"line":5,"column":99}},"8":{"start":{"line":5,"column":35},"end":{"line":5,"column":97}},"9":{"start":{"line":5,"column":41},"end":{"line":5,"column":70}},"10":{"start":{"line":5,"column":85},"end":{"line":5,"column":95}},"11":{"start":{"line":6,"column":8},"end":{"line":6,"column":151}},"12":{"start":{"line":6,"column":32},"end":{"line":6,"column":149}},"13":{"start":{"line":6,"column":97},"end":{"line":6,"column":119}},"14":{"start":{"line":7,"column":8},"end":{"line":7,"column":72}},"15":{"start":{"line":10,"column":0},"end":{"line":10,"column":35}},"16":{"start":{"line":11,"column":0},"end":{"line":72,"column":1}},"17":{"start":{"line":12,"column":4},"end":{"line":71,"column":7}},"18":{"start":{"line":13,"column":8},"end":{"line":21,"column":9}},"19":{"start":{"line":14,"column":12},"end":{"line":14,"column":64}},"20":{"start":{"line":15,"column":12},"end":{"line":15,"column":22}},"21":{"start":{"line":16,"column":12},"end":{"line":16,"column":40}},"22":{"start":{"line":17,"column":12},"end":{"line":19,"column":13}},"23":{"start":{"line":18,"column":16},"end":{"line":18,"column":35}},"24":{"start":{"line":20,"column":12},"end":{"line":20,"column":25}},"25":{"start":{"line":22,"column":8},"end":{"line":33,"column":9}},"26":{"start":{"line":23,"column":12},"end":{"line":23,"column":46}},"27":{"start":{"line":24,"column":12},"end":{"line":24,"column":31}},"28":{"start":{"line":25,"column":12},"end":{"line":31,"column":15}},"29":{"start":{"line":26,"column":16},"end":{"line":26,"column":59}},"30":{"start":{"line":27,"column":16},"end":{"line":29,"column":17}},"31":{"start":{"line":28,"column":20},"end":{"line":28,"column":40}},"32":{"start":{"line":30,"column":16},"end":{"line":30,"column":57}},"33":{"start":{"line":32,"column":12},"end":{"line":32,"column":27}},"34":{"start":{"line":34,"column":8},"end":{"line":40,"column":10}},"35":{"start":{"line":41,"column":8},"end":{"line":59,"column":11}},"36":{"start":{"line":42,"column":12},"end":{"line":42,"column":23}},"37":{"start":{"line":43,"column":12},"end":{"line":58,"column":13}},"38":{"start":{"line":44,"column":16},"end":{"line":44,"column":38}},"39":{"start":{"line":45,"column":16},"end":{"line":45,"column":41}},"40":{"start":{"line":47,"column":17},"end":{"line":58,"column":13}},"41":{"start":{"line":48,"column":16},"end":{"line":48,"column":46}},"42":{"start":{"line":50,"column":17},"end":{"line":58,"column":13}},"43":{"start":{"line":51,"column":16},"end":{"line":51,"column":40}},"44":{"start":{"line":53,"column":17},"end":{"line":58,"column":13}},"45":{"start":{"line":54,"column":16},"end":{"line":54,"column":39}},"46":{"start":{"line":57,"column":16},"end":{"line":57,"column":38}},"47":{"start":{"line":60,"column":8},"end":{"line":60,"column":69}},"48":{"start":{"line":61,"column":8},"end":{"line":66,"column":9}},"49":{"start":{"line":62,"column":12},"end":{"line":65,"column":15}},"50":{"start":{"line":63,"column":16},"end":{"line":63,"column":38}},"51":{"start":{"line":64,"column":16},"end":{"line":64,"column":36}},"52":{"start":{"line":67,"column":8},"end":{"line":69,"column":11}},"53":{"start":{"line":68,"column":12},"end":{"line":68,"column":35}},"54":{"start":{"line":70,"column":8},"end":{"line":70,"column":27}},"55":{"start":{"line":73,"column":0},"end":{"line":73,"column":34}}},"branchMap":{"1":{"line":2,"type":"binary-expr","locations":[{"start":{"line":2,"column":17},"end":{"line":2,"column":21}},{"start":{"line":2,"column":25},"end":{"line":2,"column":39}},{"start":{"line":2,"column":44},"end":{"line":9,"column":1}}]},"2":{"line":3,"type":"binary-expr","locations":[{"start":{"line":3,"column":16},"end":{"line":3,"column":17}},{"start":{"line":3,"column":22},"end":{"line":3,"column":33}}]},"3":{"line":6,"type":"cond-expr","locations":[{"start":{"line":6,"column":46},"end":{"line":6,"column":67}},{"start":{"line":6,"column":70},"end":{"line":6,"column":148}}]},"4":{"line":17,"type":"if","locations":[{"start":{"line":17,"column":12},"end":{"line":17,"column":12}},{"start":{"line":17,"column":12},"end":{"line":17,"column":12}}]},"5":{"line":27,"type":"if","locations":[{"start":{"line":27,"column":16},"end":{"line":27,"column":16}},{"start":{"line":27,"column":16},"end":{"line":27,"column":16}}]},"6":{"line":30,"type":"cond-expr","locations":[{"start":{"line":30,"column":50},"end":{"line":30,"column":52}},{"start":{"line":30,"column":55},"end":{"line":30,"column":56}}]},"7":{"line":43,"type":"if","locations":[{"start":{"line":43,"column":12},"end":{"line":43,"column":12}},{"start":{"line":43,"column":12},"end":{"line":43,"column":12}}]},"8":{"line":47,"type":"if","locations":[{"start":{"line":47,"column":17},"end":{"line":47,"column":17}},{"start":{"line":47,"column":17},"end":{"line":47,"column":17}}]},"9":{"line":50,"type":"if","locations":[{"start":{"line":50,"column":17},"end":{"line":50,"column":17}},{"start":{"line":50,"column":17},"end":{"line":50,"column":17}}]},"10":{"line":53,"type":"if","locations":[{"start":{"line":53,"column":17},"end":{"line":53,"column":17}},{"start":{"line":53,"column":17},"end":{"line":53,"column":17}}]},"11":{"line":61,"type":"if","locations":[{"start":{"line":61,"column":8},"end":{"line":61,"column":8}},{"start":{"line":61,"column":8},"end":{"line":61,"column":8}}]}}},"/Users/joey/GitHub/swarm-monitor/build/app/lib/index.js":{"path":"/Users/joey/GitHub/swarm-monitor/build/app/lib/index.js","s":{"1":1,"2":1,"3":2,"4":2,"5":1,"6":1,"7":0,"8":0,"9":0,"10":0,"11":0,"12":0,"13":0,"14":0},"b":{"1":[2,0]},"f":{"1":1},"fnMap":{"1":{"name":"__export","line":2,"loc":{"start":{"line":2,"column":0},"end":{"line":2,"column":21}}}},"statementMap":{"1":{"start":{"line":2,"column":0},"end":{"line":4,"column":1}},"2":{"start":{"line":3,"column":4},"end":{"line":3,"column":71}},"3":{"start":{"line":3,"column":21},"end":{"line":3,"column":71}},"4":{"start":{"line":3,"column":53},"end":{"line":3,"column":71}},"5":{"start":{"line":5,"column":0},"end":{"line":5,"column":30}},"6":{"start":{"line":6,"column":0},"end":{"line":6,"column":27}},"7":{"start":{"line":7,"column":0},"end":{"line":7,"column":30}},"8":{"start":{"line":8,"column":0},"end":{"line":8,"column":37}},"9":{"start":{"line":9,"column":0},"end":{"line":9,"column":36}},"10":{"start":{"line":10,"column":0},"end":{"line":10,"column":38}},"11":{"start":{"line":11,"column":0},"end":{"line":11,"column":31}},"12":{"start":{"line":12,"column":0},"end":{"line":12,"column":29}},"13":{"start":{"line":13,"column":0},"end":{"line":13,"column":30}},"14":{"start":{"line":16,"column":0},"end":{"line":16,"column":36}}},"branchMap":{"1":{"line":3,"type":"if","locations":[{"start":{"line":3,"column":21},"end":{"line":3,"column":21}},{"start":{"line":3,"column":21},"end":{"line":3,"column":21}}]}}},"/Users/joey/GitHub/swarm-monitor/build/app/lib/router.js":{"path":"/Users/joey/GitHub/swarm-monitor/build/app/lib/router.js","s":{"1":1,"2":0,"3":0,"4":0,"5":0,"6":0,"7":0,"8":0,"9":1,"10":1,"11":1},"b":{"1":[0,0]},"f":{"1":0,"2":0,"3":0,"4":0,"5":0,"6":0},"fnMap":{"1":{"name":"(anonymous_1)","line":4,"loc":{"start":{"line":4,"column":15},"end":{"line":4,"column":18}}},"2":{"name":"(anonymous_2)","line":8,"loc":{"start":{"line":8,"column":10},"end":{"line":8,"column":13}}},"3":{"name":"(anonymous_3)","line":13,"loc":{"start":{"line":13,"column":10},"end":{"line":13,"column":13}}},"4":{"name":"(anonymous_4)","line":16,"loc":{"start":{"line":16,"column":18},"end":{"line":16,"column":21}}},"5":{"name":"(anonymous_5)","line":19,"loc":{"start":{"line":19,"column":13},"end":{"line":19,"column":16}}},"6":{"name":"(anonymous_6)","line":22,"loc":{"start":{"line":22,"column":13},"end":{"line":22,"column":22}}}},"statementMap":{"1":{"start":{"line":2,"column":0},"end":{"line":2,"column":40}},"2":{"start":{"line":5,"column":8},"end":{"line":5,"column":63}},"3":{"start":{"line":6,"column":8},"end":{"line":6,"column":36}},"4":{"start":{"line":9,"column":8},"end":{"line":9,"column":43}},"5":{"start":{"line":10,"column":8},"end":{"line":10,"column":52}},"6":{"start":{"line":14,"column":8},"end":{"line":14,"column":36}},"7":{"start":{"line":17,"column":8},"end":{"line":17,"column":44}},"8":{"start":{"line":20,"column":8},"end":{"line":20,"column":25}},"9":{"start":{"line":24,"column":0},"end":{"line":24,"column":24}},"10":{"start":{"line":25,"column":0},"end":{"line":25,"column":62}},"11":{"start":{"line":26,"column":0},"end":{"line":26,"column":25}}},"branchMap":{"1":{"line":10,"type":"cond-expr","locations":[{"start":{"line":10,"column":31},"end":{"line":10,"column":46}},{"start":{"line":10,"column":49},"end":{"line":10,"column":51}}]}}},"/Users/joey/GitHub/swarm-monitor/build/app/lib/app.js":{"path":"/Users/joey/GitHub/swarm-monitor/build/app/lib/app.js","s":{"1":1,"2":0,"3":1,"4":0,"5":0,"6":0,"7":1,"8":0,"9":0,"10":0,"11":1,"12":0,"13":0,"14":0,"15":1,"16":1,"17":1,"18":1,"19":1,"20":1,"21":1,"22":0,"23":0,"24":0,"25":0,"26":0,"27":0,"28":0,"29":0,"30":0,"31":0,"32":0,"33":0,"34":0,"35":0,"36":0,"37":0,"38":0,"39":0,"40":0,"41":0,"42":0,"43":0,"44":0,"45":0,"46":0,"47":0,"48":0,"49":0,"50":0,"51":0,"52":0,"53":0,"54":0,"55":0,"56":0,"57":0,"58":0,"59":0,"60":0,"61":0,"62":0,"63":0,"64":0,"65":0,"66":0,"67":0,"68":0,"69":0,"70":0,"71":0},"b":{"1":[1,1,1],"2":[0,0],"3":[0,0],"4":[0,0],"5":[0,0],"6":[0,0],"7":[0,0],"8":[0,0],"9":[0,0],"10":[0,0,0],"11":[0,0],"12":[0,0]},"f":{"1":0,"2":0,"3":0,"4":0,"5":0,"6":0,"7":0,"8":0,"9":0,"10":0,"11":0,"12":0,"13":0,"14":0,"15":0,"16":0,"17":0,"18":0},"fnMap":{"1":{"name":"(anonymous_1)","line":2,"loc":{"start":{"line":2,"column":44},"end":{"line":2,"column":89}}},"2":{"name":"(anonymous_2)","line":3,"loc":{"start":{"line":3,"column":36},"end":{"line":3,"column":63}}},"3":{"name":"fulfilled","line":4,"loc":{"start":{"line":4,"column":8},"end":{"line":4,"column":34}}},"4":{"name":"rejected","line":5,"loc":{"start":{"line":5,"column":8},"end":{"line":5,"column":33}}},"5":{"name":"step","line":6,"loc":{"start":{"line":6,"column":8},"end":{"line":6,"column":30}}},"6":{"name":"(anonymous_6)","line":6,"loc":{"start":{"line":6,"column":76},"end":{"line":6,"column":95}}},"7":{"name":"(anonymous_7)","line":21,"loc":{"start":{"line":21,"column":15},"end":{"line":21,"column":24}}},"8":{"name":"(anonymous_8)","line":31,"loc":{"start":{"line":31,"column":14},"end":{"line":31,"column":17}}},"9":{"name":"(anonymous_9)","line":35,"loc":{"start":{"line":35,"column":14},"end":{"line":35,"column":17}}},"10":{"name":"(anonymous_10)","line":38,"loc":{"start":{"line":38,"column":12},"end":{"line":38,"column":15}}},"11":{"name":"(anonymous_11)","line":41,"loc":{"start":{"line":41,"column":11},"end":{"line":41,"column":14}}},"12":{"name":"(anonymous_12)","line":42,"loc":{"start":{"line":42,"column":12},"end":{"line":42,"column":18}}},"13":{"name":"(anonymous_13)","line":43,"loc":{"start":{"line":43,"column":7},"end":{"line":43,"column":17}}},"14":{"name":"(anonymous_14)","line":46,"loc":{"start":{"line":46,"column":7},"end":{"line":46,"column":20}}},"15":{"name":"(anonymous_15)","line":49,"loc":{"start":{"line":49,"column":7},"end":{"line":49,"column":13}}},"16":{"name":"(anonymous_16)","line":52,"loc":{"start":{"line":52,"column":8},"end":{"line":52,"column":76}}},"17":{"name":"(anonymous_17)","line":53,"loc":{"start":{"line":53,"column":47},"end":{"line":53,"column":60}}},"18":{"name":"(anonymous_18)","line":72,"loc":{"start":{"line":72,"column":94},"end":{"line":72,"column":107}}}},"statementMap":{"1":{"start":{"line":2,"column":0},"end":{"line":9,"column":2}},"2":{"start":{"line":3,"column":4},"end":{"line":8,"column":7}},"3":{"start":{"line":4,"column":8},"end":{"line":4,"column":99}},"4":{"start":{"line":4,"column":36},"end":{"line":4,"column":97}},"5":{"start":{"line":4,"column":42},"end":{"line":4,"column":70}},"6":{"start":{"line":4,"column":85},"end":{"line":4,"column":95}},"7":{"start":{"line":5,"column":8},"end":{"line":5,"column":99}},"8":{"start":{"line":5,"column":35},"end":{"line":5,"column":97}},"9":{"start":{"line":5,"column":41},"end":{"line":5,"column":70}},"10":{"start":{"line":5,"column":85},"end":{"line":5,"column":95}},"11":{"start":{"line":6,"column":8},"end":{"line":6,"column":151}},"12":{"start":{"line":6,"column":32},"end":{"line":6,"column":149}},"13":{"start":{"line":6,"column":97},"end":{"line":6,"column":119}},"14":{"start":{"line":7,"column":8},"end":{"line":7,"column":72}},"15":{"start":{"line":10,"column":0},"end":{"line":10,"column":27}},"16":{"start":{"line":11,"column":0},"end":{"line":11,"column":40}},"17":{"start":{"line":12,"column":0},"end":{"line":12,"column":53}},"18":{"start":{"line":13,"column":0},"end":{"line":13,"column":31}},"19":{"start":{"line":14,"column":0},"end":{"line":14,"column":35}},"20":{"start":{"line":15,"column":0},"end":{"line":15,"column":51}},"21":{"start":{"line":16,"column":0},"end":{"line":16,"column":40}},"22":{"start":{"line":17,"column":0},"end":{"line":17,"column":49}},"23":{"start":{"line":18,"column":0},"end":{"line":18,"column":35}},"24":{"start":{"line":19,"column":0},"end":{"line":19,"column":45}},"25":{"start":{"line":22,"column":8},"end":{"line":22,"column":16}},"26":{"start":{"line":23,"column":8},"end":{"line":23,"column":57}},"27":{"start":{"line":24,"column":8},"end":{"line":26,"column":9}},"28":{"start":{"line":25,"column":12},"end":{"line":25,"column":33}},"29":{"start":{"line":27,"column":8},"end":{"line":27,"column":29}},"30":{"start":{"line":28,"column":8},"end":{"line":28,"column":27}},"31":{"start":{"line":29,"column":8},"end":{"line":29,"column":52}},"32":{"start":{"line":32,"column":8},"end":{"line":32,"column":21}},"33":{"start":{"line":33,"column":8},"end":{"line":33,"column":17}},"34":{"start":{"line":36,"column":8},"end":{"line":36,"column":20}},"35":{"start":{"line":39,"column":8},"end":{"line":39,"column":35}},"36":{"start":{"line":44,"column":8},"end":{"line":44,"column":30}},"37":{"start":{"line":47,"column":8},"end":{"line":47,"column":51}},"38":{"start":{"line":50,"column":8},"end":{"line":50,"column":51}},"39":{"start":{"line":53,"column":8},"end":{"line":92,"column":11}},"40":{"start":{"line":54,"column":12},"end":{"line":54,"column":33}},"41":{"start":{"line":55,"column":12},"end":{"line":55,"column":63}},"42":{"start":{"line":56,"column":12},"end":{"line":56,"column":71}},"43":{"start":{"line":57,"column":12},"end":{"line":57,"column":61}},"44":{"start":{"line":58,"column":12},"end":{"line":58,"column":23}},"45":{"start":{"line":59,"column":12},"end":{"line":59,"column":22}},"46":{"start":{"line":60,"column":12},"end":{"line":60,"column":43}},"47":{"start":{"line":61,"column":12},"end":{"line":70,"column":13}},"48":{"start":{"line":62,"column":16},"end":{"line":62,"column":55}},"49":{"start":{"line":63,"column":16},"end":{"line":68,"column":17}},"50":{"start":{"line":64,"column":20},"end":{"line":64,"column":71}},"51":{"start":{"line":67,"column":20},"end":{"line":67,"column":41}},"52":{"start":{"line":69,"column":16},"end":{"line":69,"column":48}},"53":{"start":{"line":71,"column":12},"end":{"line":75,"column":13}},"54":{"start":{"line":72,"column":16},"end":{"line":74,"column":20}},"55":{"start":{"line":72,"column":62},"end":{"line":74,"column":18}},"56":{"start":{"line":73,"column":20},"end":{"line":73,"column":60}},"57":{"start":{"line":76,"column":12},"end":{"line":78,"column":13}},"58":{"start":{"line":77,"column":16},"end":{"line":77,"column":38}},"59":{"start":{"line":79,"column":12},"end":{"line":81,"column":13}},"60":{"start":{"line":80,"column":16},"end":{"line":80,"column":38}},"61":{"start":{"line":82,"column":12},"end":{"line":86,"column":13}},"62":{"start":{"line":83,"column":16},"end":{"line":83,"column":40}},"63":{"start":{"line":84,"column":16},"end":{"line":84,"column":126}},"64":{"start":{"line":85,"column":16},"end":{"line":85,"column":40}},"65":{"start":{"line":87,"column":12},"end":{"line":89,"column":13}},"66":{"start":{"line":88,"column":16},"end":{"line":88,"column":45}},"67":{"start":{"line":90,"column":12},"end":{"line":90,"column":33}},"68":{"start":{"line":91,"column":12},"end":{"line":91,"column":23}},"69":{"start":{"line":95,"column":0},"end":{"line":95,"column":18}},"70":{"start":{"line":96,"column":0},"end":{"line":96,"column":62}},"71":{"start":{"line":97,"column":0},"end":{"line":97,"column":22}}},"branchMap":{"1":{"line":2,"type":"binary-expr","locations":[{"start":{"line":2,"column":17},"end":{"line":2,"column":21}},{"start":{"line":2,"column":25},"end":{"line":2,"column":39}},{"start":{"line":2,"column":44},"end":{"line":9,"column":1}}]},"2":{"line":3,"type":"binary-expr","locations":[{"start":{"line":3,"column":16},"end":{"line":3,"column":17}},{"start":{"line":3,"column":22},"end":{"line":3,"column":33}}]},"3":{"line":6,"type":"cond-expr","locations":[{"start":{"line":6,"column":46},"end":{"line":6,"column":67}},{"start":{"line":6,"column":70},"end":{"line":6,"column":148}}]},"4":{"line":24,"type":"if","locations":[{"start":{"line":24,"column":8},"end":{"line":24,"column":8}},{"start":{"line":24,"column":8},"end":{"line":24,"column":8}}]},"5":{"line":61,"type":"if","locations":[{"start":{"line":61,"column":12},"end":{"line":61,"column":12}},{"start":{"line":61,"column":12},"end":{"line":61,"column":12}}]},"6":{"line":63,"type":"if","locations":[{"start":{"line":63,"column":16},"end":{"line":63,"column":16}},{"start":{"line":63,"column":16},"end":{"line":63,"column":16}}]},"7":{"line":71,"type":"if","locations":[{"start":{"line":71,"column":12},"end":{"line":71,"column":12}},{"start":{"line":71,"column":12},"end":{"line":71,"column":12}}]},"8":{"line":76,"type":"if","locations":[{"start":{"line":76,"column":12},"end":{"line":76,"column":12}},{"start":{"line":76,"column":12},"end":{"line":76,"column":12}}]},"9":{"line":82,"type":"if","locations":[{"start":{"line":82,"column":12},"end":{"line":82,"column":12}},{"start":{"line":82,"column":12},"end":{"line":82,"column":12}}]},"10":{"line":82,"type":"binary-expr","locations":[{"start":{"line":82,"column":16},"end":{"line":82,"column":42}},{"start":{"line":82,"column":46},"end":{"line":82,"column":90}},{"start":{"line":82,"column":94},"end":{"line":82,"column":118}}]},"11":{"line":84,"type":"binary-expr","locations":[{"start":{"line":84,"column":31},"end":{"line":84,"column":79}},{"start":{"line":84,"column":83},"end":{"line":84,"column":90}}]},"12":{"line":87,"type":"if","locations":[{"start":{"line":87,"column":12},"end":{"line":87,"column":12}},{"start":{"line":87,"column":12},"end":{"line":87,"column":12}}]}}},"/Users/joey/GitHub/swarm-monitor/build/app/lib/service-loader.js":{"path":"/Users/joey/GitHub/swarm-monitor/build/app/lib/service-loader.js","s":{"1":1,"2":0,"3":1,"4":0,"5":0,"6":0,"7":1,"8":0,"9":0,"10":0,"11":1,"12":0,"13":0,"14":0,"15":1,"16":0,"17":0,"18":0,"19":0,"20":0,"21":0,"22":0,"23":0,"24":0,"25":0,"26":1,"27":1,"28":1},"b":{"1":[1,1,1],"2":[0,0],"3":[0,0],"4":[0,0]},"f":{"1":0,"2":0,"3":0,"4":0,"5":0,"6":0,"7":0,"8":0,"9":0},"fnMap":{"1":{"name":"(anonymous_1)","line":2,"loc":{"start":{"line":2,"column":44},"end":{"line":2,"column":89}}},"2":{"name":"(anonymous_2)","line":3,"loc":{"start":{"line":3,"column":36},"end":{"line":3,"column":63}}},"3":{"name":"fulfilled","line":4,"loc":{"start":{"line":4,"column":8},"end":{"line":4,"column":34}}},"4":{"name":"rejected","line":5,"loc":{"start":{"line":5,"column":8},"end":{"line":5,"column":33}}},"5":{"name":"step","line":6,"loc":{"start":{"line":6,"column":8},"end":{"line":6,"column":30}}},"6":{"name":"(anonymous_6)","line":6,"loc":{"start":{"line":6,"column":76},"end":{"line":6,"column":95}}},"7":{"name":"(anonymous_7)","line":12,"loc":{"start":{"line":12,"column":15},"end":{"line":12,"column":18}}},"8":{"name":"(anonymous_8)","line":15,"loc":{"start":{"line":15,"column":8},"end":{"line":15,"column":23}}},"9":{"name":"(anonymous_9)","line":16,"loc":{"start":{"line":16,"column":47},"end":{"line":16,"column":60}}}},"statementMap":{"1":{"start":{"line":2,"column":0},"end":{"line":9,"column":2}},"2":{"start":{"line":3,"column":4},"end":{"line":8,"column":7}},"3":{"start":{"line":4,"column":8},"end":{"line":4,"column":99}},"4":{"start":{"line":4,"column":36},"end":{"line":4,"column":97}},"5":{"start":{"line":4,"column":42},"end":{"line":4,"column":70}},"6":{"start":{"line":4,"column":85},"end":{"line":4,"column":95}},"7":{"start":{"line":5,"column":8},"end":{"line":5,"column":99}},"8":{"start":{"line":5,"column":35},"end":{"line":5,"column":97}},"9":{"start":{"line":5,"column":41},"end":{"line":5,"column":70}},"10":{"start":{"line":5,"column":85},"end":{"line":5,"column":95}},"11":{"start":{"line":6,"column":8},"end":{"line":6,"column":151}},"12":{"start":{"line":6,"column":32},"end":{"line":6,"column":149}},"13":{"start":{"line":6,"column":97},"end":{"line":6,"column":119}},"14":{"start":{"line":7,"column":8},"end":{"line":7,"column":72}},"15":{"start":{"line":10,"column":0},"end":{"line":10,"column":35}},"16":{"start":{"line":13,"column":8},"end":{"line":13,"column":31}},"17":{"start":{"line":16,"column":8},"end":{"line":25,"column":11}},"18":{"start":{"line":17,"column":12},"end":{"line":17,"column":61}},"19":{"start":{"line":18,"column":12},"end":{"line":18,"column":48}},"20":{"start":{"line":19,"column":12},"end":{"line":19,"column":23}},"21":{"start":{"line":20,"column":12},"end":{"line":20,"column":33}},"22":{"start":{"line":21,"column":12},"end":{"line":21,"column":79}},"23":{"start":{"line":22,"column":12},"end":{"line":22,"column":60}},"24":{"start":{"line":23,"column":12},"end":{"line":23,"column":52}},"25":{"start":{"line":24,"column":12},"end":{"line":24,"column":27}},"26":{"start":{"line":28,"column":0},"end":{"line":28,"column":38}},"27":{"start":{"line":29,"column":0},"end":{"line":29,"column":62}},"28":{"start":{"line":30,"column":0},"end":{"line":30,"column":32}}},"branchMap":{"1":{"line":2,"type":"binary-expr","locations":[{"start":{"line":2,"column":17},"end":{"line":2,"column":21}},{"start":{"line":2,"column":25},"end":{"line":2,"column":39}},{"start":{"line":2,"column":44},"end":{"line":9,"column":1}}]},"2":{"line":3,"type":"binary-expr","locations":[{"start":{"line":3,"column":16},"end":{"line":3,"column":17}},{"start":{"line":3,"column":22},"end":{"line":3,"column":33}}]},"3":{"line":6,"type":"cond-expr","locations":[{"start":{"line":6,"column":46},"end":{"line":6,"column":67}},{"start":{"line":6,"column":70},"end":{"line":6,"column":148}}]},"4":{"line":21,"type":"cond-expr","locations":[{"start":{"line":21,"column":53},"end":{"line":21,"column":63}},{"start":{"line":21,"column":66},"end":{"line":21,"column":78}}]}}},"/Users/joey/GitHub/swarm-monitor/build/app/lib/config-loader.js":{"path":"/Users/joey/GitHub/swarm-monitor/build/app/lib/config-loader.js","s":{"1":1,"2":0,"3":1,"4":0,"5":0,"6":0,"7":1,"8":0,"9":0,"10":0,"11":1,"12":0,"13":0,"14":0,"15":1,"16":1,"17":1,"18":1,"19":0,"20":0,"21":0,"22":0,"23":0,"24":0,"25":0,"26":0,"27":0,"28":0,"29":0,"30":0,"31":1,"32":0,"33":0,"34":0,"35":0,"36":0,"37":0,"38":0,"39":0,"40":0,"41":0,"42":0,"43":0,"44":0,"45":0,"46":0,"47":0,"48":0,"49":0,"50":0,"51":0,"52":0,"53":1,"54":1,"55":1},"b":{"1":[1,1,1],"2":[0,0],"3":[0,0],"4":[0,0],"5":[0,0],"6":[0,0],"7":[0,0],"8":[0,0]},"f":{"1":0,"2":0,"3":0,"4":0,"5":0,"6":0,"7":0,"8":0,"9":0,"10":0,"11":0,"12":0,"13":0,"14":0,"15":0},"fnMap":{"1":{"name":"(anonymous_1)","line":2,"loc":{"start":{"line":2,"column":44},"end":{"line":2,"column":89}}},"2":{"name":"(anonymous_2)","line":3,"loc":{"start":{"line":3,"column":36},"end":{"line":3,"column":63}}},"3":{"name":"fulfilled","line":4,"loc":{"start":{"line":4,"column":8},"end":{"line":4,"column":34}}},"4":{"name":"rejected","line":5,"loc":{"start":{"line":5,"column":8},"end":{"line":5,"column":33}}},"5":{"name":"step","line":6,"loc":{"start":{"line":6,"column":8},"end":{"line":6,"column":30}}},"6":{"name":"(anonymous_6)","line":6,"loc":{"start":{"line":6,"column":76},"end":{"line":6,"column":95}}},"7":{"name":"(anonymous_7)","line":15,"loc":{"start":{"line":15,"column":15},"end":{"line":15,"column":18}}},"8":{"name":"(anonymous_8)","line":20,"loc":{"start":{"line":20,"column":8},"end":{"line":20,"column":14}}},"9":{"name":"(anonymous_9)","line":21,"loc":{"start":{"line":21,"column":47},"end":{"line":21,"column":60}}},"10":{"name":"(anonymous_10)","line":27,"loc":{"start":{"line":27,"column":8},"end":{"line":27,"column":11}}},"11":{"name":"(anonymous_11)","line":28,"loc":{"start":{"line":28,"column":47},"end":{"line":28,"column":60}}},"12":{"name":"_find","line":33,"loc":{"start":{"line":33,"column":12},"end":{"line":33,"column":33}}},"13":{"name":"(anonymous_13)","line":34,"loc":{"start":{"line":34,"column":55},"end":{"line":34,"column":68}}},"14":{"name":"(anonymous_14)","line":58,"loc":{"start":{"line":58,"column":10},"end":{"line":58,"column":27}}},"15":{"name":"(anonymous_15)","line":59,"loc":{"start":{"line":59,"column":47},"end":{"line":59,"column":60}}}},"statementMap":{"1":{"start":{"line":2,"column":0},"end":{"line":9,"column":2}},"2":{"start":{"line":3,"column":4},"end":{"line":8,"column":7}},"3":{"start":{"line":4,"column":8},"end":{"line":4,"column":99}},"4":{"start":{"line":4,"column":36},"end":{"line":4,"column":97}},"5":{"start":{"line":4,"column":42},"end":{"line":4,"column":70}},"6":{"start":{"line":4,"column":85},"end":{"line":4,"column":95}},"7":{"start":{"line":5,"column":8},"end":{"line":5,"column":99}},"8":{"start":{"line":5,"column":35},"end":{"line":5,"column":97}},"9":{"start":{"line":5,"column":41},"end":{"line":5,"column":70}},"10":{"start":{"line":5,"column":85},"end":{"line":5,"column":95}},"11":{"start":{"line":6,"column":8},"end":{"line":6,"column":151}},"12":{"start":{"line":6,"column":32},"end":{"line":6,"column":149}},"13":{"start":{"line":6,"column":97},"end":{"line":6,"column":119}},"14":{"start":{"line":7,"column":8},"end":{"line":7,"column":72}},"15":{"start":{"line":10,"column":0},"end":{"line":10,"column":31}},"16":{"start":{"line":11,"column":0},"end":{"line":11,"column":31}},"17":{"start":{"line":12,"column":0},"end":{"line":12,"column":39}},"18":{"start":{"line":13,"column":0},"end":{"line":13,"column":35}},"19":{"start":{"line":16,"column":8},"end":{"line":16,"column":39}},"20":{"start":{"line":17,"column":8},"end":{"line":17,"column":50}},"21":{"start":{"line":18,"column":8},"end":{"line":18,"column":62}},"22":{"start":{"line":21,"column":8},"end":{"line":25,"column":11}},"23":{"start":{"line":22,"column":12},"end":{"line":22,"column":39}},"24":{"start":{"line":23,"column":12},"end":{"line":23,"column":44}},"25":{"start":{"line":24,"column":12},"end":{"line":24,"column":43}},"26":{"start":{"line":28,"column":8},"end":{"line":56,"column":11}},"27":{"start":{"line":29,"column":12},"end":{"line":29,"column":55}},"28":{"start":{"line":30,"column":12},"end":{"line":30,"column":31}},"29":{"start":{"line":31,"column":12},"end":{"line":31,"column":62}},"30":{"start":{"line":32,"column":12},"end":{"line":32,"column":41}},"31":{"start":{"line":33,"column":12},"end":{"line":45,"column":13}},"32":{"start":{"line":34,"column":16},"end":{"line":44,"column":19}},"33":{"start":{"line":35,"column":20},"end":{"line":35,"column":63}},"34":{"start":{"line":36,"column":20},"end":{"line":36,"column":31}},"35":{"start":{"line":37,"column":20},"end":{"line":42,"column":21}},"36":{"start":{"line":38,"column":24},"end":{"line":38,"column":57}},"37":{"start":{"line":41,"column":24},"end":{"line":41,"column":39}},"38":{"start":{"line":43,"column":20},"end":{"line":43,"column":65}},"39":{"start":{"line":46,"column":12},"end":{"line":48,"column":13}},"40":{"start":{"line":47,"column":16},"end":{"line":47,"column":36}},"41":{"start":{"line":49,"column":12},"end":{"line":54,"column":13}},"42":{"start":{"line":50,"column":16},"end":{"line":50,"column":48}},"43":{"start":{"line":51,"column":16},"end":{"line":53,"column":17}},"44":{"start":{"line":52,"column":20},"end":{"line":52,"column":42}},"45":{"start":{"line":55,"column":12},"end":{"line":55,"column":27}},"46":{"start":{"line":59,"column":8},"end":{"line":67,"column":11}},"47":{"start":{"line":60,"column":12},"end":{"line":60,"column":31}},"48":{"start":{"line":61,"column":12},"end":{"line":63,"column":13}},"49":{"start":{"line":62,"column":16},"end":{"line":62,"column":44}},"50":{"start":{"line":64,"column":12},"end":{"line":64,"column":32}},"51":{"start":{"line":65,"column":12},"end":{"line":65,"column":61}},"52":{"start":{"line":66,"column":12},"end":{"line":66,"column":36}},"53":{"start":{"line":70,"column":0},"end":{"line":70,"column":36}},"54":{"start":{"line":71,"column":0},"end":{"line":71,"column":62}},"55":{"start":{"line":72,"column":0},"end":{"line":72,"column":31}}},"branchMap":{"1":{"line":2,"type":"binary-expr","locations":[{"start":{"line":2,"column":17},"end":{"line":2,"column":21}},{"start":{"line":2,"column":25},"end":{"line":2,"column":39}},{"start":{"line":2,"column":44},"end":{"line":9,"column":1}}]},"2":{"line":3,"type":"binary-expr","locations":[{"start":{"line":3,"column":16},"end":{"line":3,"column":17}},{"start":{"line":3,"column":22},"end":{"line":3,"column":33}}]},"3":{"line":6,"type":"cond-expr","locations":[{"start":{"line":6,"column":46},"end":{"line":6,"column":67}},{"start":{"line":6,"column":70},"end":{"line":6,"column":148}}]},"4":{"line":17,"type":"binary-expr","locations":[{"start":{"line":17,"column":20},"end":{"line":17,"column":43}},{"start":{"line":17,"column":47},"end":{"line":17,"column":49}}]},"5":{"line":18,"type":"cond-expr","locations":[{"start":{"line":18,"column":38},"end":{"line":18,"column":47}},{"start":{"line":18,"column":50},"end":{"line":18,"column":52}}]},"6":{"line":43,"type":"cond-expr","locations":[{"start":{"line":43,"column":45},"end":{"line":43,"column":52}},{"start":{"line":43,"column":55},"end":{"line":43,"column":64}}]},"7":{"line":46,"type":"if","locations":[{"start":{"line":46,"column":12},"end":{"line":46,"column":12}},{"start":{"line":46,"column":12},"end":{"line":46,"column":12}}]},"8":{"line":51,"type":"if","locations":[{"start":{"line":51,"column":16},"end":{"line":51,"column":16}},{"start":{"line":51,"column":16},"end":{"line":51,"column":16}}]}}},"/Users/joey/GitHub/swarm-monitor/build/app/services/index.js":{"path":"/Users/joey/GitHub/swarm-monitor/build/app/services/index.js","s":{"1":1,"2":0,"3":0,"4":0,"5":1,"6":0,"7":0},"b":{"1":[0,0]},"f":{"1":0},"fnMap":{"1":{"name":"__export","line":2,"loc":{"start":{"line":2,"column":0},"end":{"line":2,"column":21}}}},"statementMap":{"1":{"start":{"line":2,"column":0},"end":{"line":4,"column":1}},"2":{"start":{"line":3,"column":4},"end":{"line":3,"column":71}},"3":{"start":{"line":3,"column":21},"end":{"line":3,"column":71}},"4":{"start":{"line":3,"column":53},"end":{"line":3,"column":71}},"5":{"start":{"line":5,"column":0},"end":{"line":5,"column":30}},"6":{"start":{"line":6,"column":0},"end":{"line":6,"column":29}},"7":{"start":{"line":7,"column":0},"end":{"line":7,"column":31}}},"branchMap":{"1":{"line":3,"type":"if","locations":[{"start":{"line":3,"column":21},"end":{"line":3,"column":21}},{"start":{"line":3,"column":21},"end":{"line":3,"column":21}}]}}},"/Users/joey/GitHub/swarm-monitor/build/app/services/logger.js":{"path":"/Users/joey/GitHub/swarm-monitor/build/app/services/logger.js","s":{"1":1,"2":0,"3":1,"4":0,"5":0,"6":0,"7":1,"8":0,"9":0,"10":0,"11":1,"12":0,"13":0,"14":0,"15":1,"16":1,"17":1,"18":0,"19":0,"20":0,"21":0,"22":0,"23":0,"24":0,"25":0,"26":0,"27":0,"28":0,"29":0,"30":0,"31":0,"32":0,"33":0,"34":0,"35":0,"36":0,"37":0,"38":0,"39":0,"40":0,"41":0,"42":0,"43":0,"44":0},"b":{"1":[1,1,1],"2":[0,0],"3":[0,0],"4":[0,0],"5":[0,0],"6":[0,0]},"f":{"1":0,"2":0,"3":0,"4":0,"5":0,"6":0,"7":0,"8":0,"9":0,"10":0,"11":0,"12":0,"13":0,"14":0,"15":0,"16":0,"17":0},"fnMap":{"1":{"name":"(anonymous_1)","line":2,"loc":{"start":{"line":2,"column":44},"end":{"line":2,"column":89}}},"2":{"name":"(anonymous_2)","line":3,"loc":{"start":{"line":3,"column":36},"end":{"line":3,"column":63}}},"3":{"name":"fulfilled","line":4,"loc":{"start":{"line":4,"column":8},"end":{"line":4,"column":34}}},"4":{"name":"rejected","line":5,"loc":{"start":{"line":5,"column":8},"end":{"line":5,"column":33}}},"5":{"name":"step","line":6,"loc":{"start":{"line":6,"column":8},"end":{"line":6,"column":30}}},"6":{"name":"(anonymous_6)","line":6,"loc":{"start":{"line":6,"column":76},"end":{"line":6,"column":95}}},"7":{"name":"(anonymous_7)","line":14,"loc":{"start":{"line":14,"column":15},"end":{"line":14,"column":18}}},"8":{"name":"(anonymous_8)","line":18,"loc":{"start":{"line":18,"column":15},"end":{"line":18,"column":21}}},"9":{"name":"(anonymous_9)","line":22,"loc":{"start":{"line":22,"column":8},"end":{"line":22,"column":11}}},"10":{"name":"(anonymous_10)","line":23,"loc":{"start":{"line":23,"column":47},"end":{"line":23,"column":60}}},"11":{"name":"(anonymous_11)","line":40,"loc":{"start":{"line":40,"column":7},"end":{"line":40,"column":20}}},"12":{"name":"(anonymous_12)","line":47,"loc":{"start":{"line":47,"column":8},"end":{"line":47,"column":24}}},"13":{"name":"(anonymous_13)","line":50,"loc":{"start":{"line":50,"column":9},"end":{"line":50,"column":25}}},"14":{"name":"(anonymous_14)","line":53,"loc":{"start":{"line":53,"column":9},"end":{"line":53,"column":25}}},"15":{"name":"(anonymous_15)","line":56,"loc":{"start":{"line":56,"column":8},"end":{"line":56,"column":24}}},"16":{"name":"(anonymous_16)","line":59,"loc":{"start":{"line":59,"column":11},"end":{"line":59,"column":27}}},"17":{"name":"(anonymous_17)","line":62,"loc":{"start":{"line":62,"column":9},"end":{"line":62,"column":25}}}},"statementMap":{"1":{"start":{"line":2,"column":0},"end":{"line":9,"column":2}},"2":{"start":{"line":3,"column":4},"end":{"line":8,"column":7}},"3":{"start":{"line":4,"column":8},"end":{"line":4,"column":99}},"4":{"start":{"line":4,"column":36},"end":{"line":4,"column":97}},"5":{"start":{"line":4,"column":42},"end":{"line":4,"column":70}},"6":{"start":{"line":4,"column":85},"end":{"line":4,"column":95}},"7":{"start":{"line":5,"column":8},"end":{"line":5,"column":99}},"8":{"start":{"line":5,"column":35},"end":{"line":5,"column":97}},"9":{"start":{"line":5,"column":41},"end":{"line":5,"column":70}},"10":{"start":{"line":5,"column":85},"end":{"line":5,"column":95}},"11":{"start":{"line":6,"column":8},"end":{"line":6,"column":151}},"12":{"start":{"line":6,"column":32},"end":{"line":6,"column":149}},"13":{"start":{"line":6,"column":97},"end":{"line":6,"column":119}},"14":{"start":{"line":7,"column":8},"end":{"line":7,"column":72}},"15":{"start":{"line":10,"column":0},"end":{"line":10,"column":32}},"16":{"start":{"line":11,"column":0},"end":{"line":11,"column":35}},"17":{"start":{"line":12,"column":0},"end":{"line":12,"column":28}},"18":{"start":{"line":15,"column":8},"end":{"line":15,"column":28}},"19":{"start":{"line":16,"column":8},"end":{"line":16,"column":24}},"20":{"start":{"line":19,"column":8},"end":{"line":19,"column":46}},"21":{"start":{"line":20,"column":8},"end":{"line":20,"column":24}},"22":{"start":{"line":23,"column":8},"end":{"line":38,"column":11}},"23":{"start":{"line":24,"column":12},"end":{"line":24,"column":54}},"24":{"start":{"line":25,"column":12},"end":{"line":25,"column":49}},"25":{"start":{"line":26,"column":12},"end":{"line":34,"column":15}},"26":{"start":{"line":27,"column":16},"end":{"line":29,"column":17}},"27":{"start":{"line":28,"column":20},"end":{"line":28,"column":27}},"28":{"start":{"line":30,"column":16},"end":{"line":30,"column":55}},"29":{"start":{"line":31,"column":16},"end":{"line":33,"column":17}},"30":{"start":{"line":32,"column":20},"end":{"line":32,"column":82}},"31":{"start":{"line":35,"column":12},"end":{"line":35,"column":74}},"32":{"start":{"line":36,"column":12},"end":{"line":36,"column":74}},"33":{"start":{"line":37,"column":12},"end":{"line":37,"column":24}},"34":{"start":{"line":41,"column":8},"end":{"line":44,"column":9}},"35":{"start":{"line":42,"column":12},"end":{"line":42,"column":24}},"36":{"start":{"line":43,"column":12},"end":{"line":43,"column":27}},"37":{"start":{"line":45,"column":8},"end":{"line":45,"column":38}},"38":{"start":{"line":48,"column":8},"end":{"line":48,"column":42}},"39":{"start":{"line":51,"column":8},"end":{"line":51,"column":43}},"40":{"start":{"line":54,"column":8},"end":{"line":54,"column":43}},"41":{"start":{"line":57,"column":8},"end":{"line":57,"column":42}},"42":{"start":{"line":60,"column":8},"end":{"line":60,"column":45}},"43":{"start":{"line":63,"column":8},"end":{"line":63,"column":43}},"44":{"start":{"line":66,"column":0},"end":{"line":66,"column":24}}},"branchMap":{"1":{"line":2,"type":"binary-expr","locations":[{"start":{"line":2,"column":17},"end":{"line":2,"column":21}},{"start":{"line":2,"column":25},"end":{"line":2,"column":39}},{"start":{"line":2,"column":44},"end":{"line":9,"column":1}}]},"2":{"line":3,"type":"binary-expr","locations":[{"start":{"line":3,"column":16},"end":{"line":3,"column":17}},{"start":{"line":3,"column":22},"end":{"line":3,"column":33}}]},"3":{"line":6,"type":"cond-expr","locations":[{"start":{"line":6,"column":46},"end":{"line":6,"column":67}},{"start":{"line":6,"column":70},"end":{"line":6,"column":148}}]},"4":{"line":27,"type":"if","locations":[{"start":{"line":27,"column":16},"end":{"line":27,"column":16}},{"start":{"line":27,"column":16},"end":{"line":27,"column":16}}]},"5":{"line":31,"type":"if","locations":[{"start":{"line":31,"column":16},"end":{"line":31,"column":16}},{"start":{"line":31,"column":16},"end":{"line":31,"column":16}}]},"6":{"line":41,"type":"if","locations":[{"start":{"line":41,"column":8},"end":{"line":41,"column":8}},{"start":{"line":41,"column":8},"end":{"line":41,"column":8}}]}}}}