{"/Users/joey/GitHub/swarm-monitor/build/app/adapters/jsonapi.js":{"path":"/Users/joey/GitHub/swarm-monitor/build/app/adapters/jsonapi.js","s":{"1":1,"2":1,"3":58,"4":220,"5":220,"6":220,"7":220,"8":0,"9":220,"10":220,"11":220,"12":220,"13":220,"14":58,"15":4,"16":4,"17":2,"18":385,"19":2,"20":4,"21":58,"22":2,"23":2,"24":2,"25":1,"26":219,"27":1,"28":2,"29":58,"30":58,"31":58,"32":58,"33":387,"34":387,"35":387,"36":387,"37":387,"38":387,"39":387,"40":387,"41":387,"42":1548,"43":1548,"44":1548,"45":387,"46":1161,"47":774,"48":387,"49":387,"50":387,"51":387,"52":50252,"53":0,"54":387,"55":387,"56":387,"57":387,"58":1,"59":1,"60":1},"b":{"1":[0,220],"2":[2,2],"3":[1,1],"4":[58,0],"5":[0,387],"6":[387,0],"7":[387,1161],"8":[387,1161],"9":[774,387],"10":[387,0],"11":[387,0]},"f":{"1":58,"2":387,"3":387},"fnMap":{"1":{"name":"(anonymous_1)","line":7,"loc":{"start":{"line":7,"column":15},"end":{"line":7,"column":25}}},"2":{"name":"(anonymous_2)","line":51,"loc":{"start":{"line":51,"column":21},"end":{"line":51,"column":24}}},"3":{"name":"(anonymous_3)","line":54,"loc":{"start":{"line":54,"column":14},"end":{"line":54,"column":18}}}},"statementMap":{"1":{"start":{"line":2,"column":0},"end":{"line":2,"column":35}},"2":{"start":{"line":5,"column":0},"end":{"line":5,"column":35}},"3":{"start":{"line":8,"column":8},"end":{"line":20,"column":10}},"4":{"start":{"line":9,"column":12},"end":{"line":9,"column":29}},"5":{"start":{"line":10,"column":12},"end":{"line":10,"column":28}},"6":{"start":{"line":11,"column":12},"end":{"line":11,"column":37}},"7":{"start":{"line":12,"column":12},"end":{"line":14,"column":13}},"8":{"start":{"line":13,"column":16},"end":{"line":13,"column":98}},"9":{"start":{"line":15,"column":12},"end":{"line":15,"column":42}},"10":{"start":{"line":16,"column":12},"end":{"line":16,"column":53}},"11":{"start":{"line":17,"column":12},"end":{"line":17,"column":64}},"12":{"start":{"line":18,"column":12},"end":{"line":18,"column":58}},"13":{"start":{"line":19,"column":12},"end":{"line":19,"column":26}},"14":{"start":{"line":21,"column":8},"end":{"line":32,"column":10}},"15":{"start":{"line":22,"column":12},"end":{"line":22,"column":23}},"16":{"start":{"line":23,"column":12},"end":{"line":30,"column":13}},"17":{"start":{"line":24,"column":16},"end":{"line":26,"column":19}},"18":{"start":{"line":25,"column":20},"end":{"line":25,"column":46}},"19":{"start":{"line":29,"column":16},"end":{"line":29,"column":48}},"20":{"start":{"line":31,"column":12},"end":{"line":31,"column":36}},"21":{"start":{"line":33,"column":8},"end":{"line":45,"column":10}},"22":{"start":{"line":34,"column":12},"end":{"line":34,"column":23}},"23":{"start":{"line":35,"column":12},"end":{"line":35,"column":34}},"24":{"start":{"line":36,"column":12},"end":{"line":43,"column":13}},"25":{"start":{"line":37,"column":16},"end":{"line":39,"column":19}},"26":{"start":{"line":38,"column":20},"end":{"line":38,"column":48}},"27":{"start":{"line":42,"column":16},"end":{"line":42,"column":49}},"28":{"start":{"line":44,"column":12},"end":{"line":44,"column":26}},"29":{"start":{"line":46,"column":8},"end":{"line":46,"column":42}},"30":{"start":{"line":47,"column":8},"end":{"line":47,"column":46}},"31":{"start":{"line":48,"column":8},"end":{"line":48,"column":43}},"32":{"start":{"line":49,"column":8},"end":{"line":49,"column":33}},"33":{"start":{"line":52,"column":8},"end":{"line":52,"column":25}},"34":{"start":{"line":55,"column":8},"end":{"line":55,"column":35}},"35":{"start":{"line":56,"column":8},"end":{"line":56,"column":32}},"36":{"start":{"line":57,"column":8},"end":{"line":57,"column":71}},"37":{"start":{"line":58,"column":8},"end":{"line":58,"column":44}},"38":{"start":{"line":59,"column":8},"end":{"line":59,"column":55}},"39":{"start":{"line":60,"column":8},"end":{"line":60,"column":93}},"40":{"start":{"line":61,"column":8},"end":{"line":61,"column":60}},"41":{"start":{"line":62,"column":8},"end":{"line":87,"column":11}},"42":{"start":{"line":63,"column":12},"end":{"line":63,"column":68}},"43":{"start":{"line":64,"column":12},"end":{"line":64,"column":66}},"44":{"start":{"line":65,"column":12},"end":{"line":67,"column":13}},"45":{"start":{"line":66,"column":16},"end":{"line":66,"column":23}},"46":{"start":{"line":68,"column":12},"end":{"line":86,"column":13}},"47":{"start":{"line":69,"column":16},"end":{"line":69,"column":81}},"48":{"start":{"line":72,"column":16},"end":{"line":72,"column":39}},"49":{"start":{"line":73,"column":16},"end":{"line":76,"column":18}},"50":{"start":{"line":77,"column":16},"end":{"line":84,"column":17}},"51":{"start":{"line":78,"column":20},"end":{"line":80,"column":23}},"52":{"start":{"line":79,"column":24},"end":{"line":79,"column":56}},"53":{"start":{"line":83,"column":20},"end":{"line":83,"column":60}},"54":{"start":{"line":85,"column":16},"end":{"line":85,"column":138}},"55":{"start":{"line":88,"column":8},"end":{"line":90,"column":9}},"56":{"start":{"line":89,"column":12},"end":{"line":89,"column":35}},"57":{"start":{"line":91,"column":8},"end":{"line":91,"column":17}},"58":{"start":{"line":94,"column":0},"end":{"line":94,"column":40}},"59":{"start":{"line":95,"column":0},"end":{"line":95,"column":62}},"60":{"start":{"line":96,"column":0},"end":{"line":96,"column":33}}},"branchMap":{"1":{"line":12,"type":"if","locations":[{"start":{"line":12,"column":12},"end":{"line":12,"column":12}},{"start":{"line":12,"column":12},"end":{"line":12,"column":12}}]},"2":{"line":23,"type":"if","locations":[{"start":{"line":23,"column":12},"end":{"line":23,"column":12}},{"start":{"line":23,"column":12},"end":{"line":23,"column":12}}]},"3":{"line":36,"type":"if","locations":[{"start":{"line":36,"column":12},"end":{"line":36,"column":12}},{"start":{"line":36,"column":12},"end":{"line":36,"column":12}}]},"4":{"line":47,"type":"binary-expr","locations":[{"start":{"line":47,"column":22},"end":{"line":47,"column":36}},{"start":{"line":47,"column":40},"end":{"line":47,"column":45}}]},"5":{"line":57,"type":"cond-expr","locations":[{"start":{"line":57,"column":45},"end":{"line":57,"column":65}},{"start":{"line":57,"column":68},"end":{"line":57,"column":70}}]},"6":{"line":59,"type":"binary-expr","locations":[{"start":{"line":59,"column":30},"end":{"line":59,"column":48}},{"start":{"line":59,"column":52},"end":{"line":59,"column":54}}]},"7":{"line":64,"type":"cond-expr","locations":[{"start":{"line":64,"column":35},"end":{"line":64,"column":50}},{"start":{"line":64,"column":53},"end":{"line":64,"column":65}}]},"8":{"line":65,"type":"if","locations":[{"start":{"line":65,"column":12},"end":{"line":65,"column":12}},{"start":{"line":65,"column":12},"end":{"line":65,"column":12}}]},"9":{"line":68,"type":"if","locations":[{"start":{"line":68,"column":12},"end":{"line":68,"column":12}},{"start":{"line":68,"column":12},"end":{"line":68,"column":12}}]},"10":{"line":77,"type":"if","locations":[{"start":{"line":77,"column":16},"end":{"line":77,"column":16}},{"start":{"line":77,"column":16},"end":{"line":77,"column":16}}]},"11":{"line":88,"type":"if","locations":[{"start":{"line":88,"column":8},"end":{"line":88,"column":8}},{"start":{"line":88,"column":8},"end":{"line":88,"column":8}}]}}},"/Users/joey/GitHub/swarm-monitor/build/app/helpers/query.js":{"path":"/Users/joey/GitHub/swarm-monitor/build/app/helpers/query.js","s":{"1":1,"2":4,"3":1,"4":0,"5":0,"6":0,"7":1,"8":0,"9":0,"10":0,"11":1,"12":4,"13":0,"14":4,"15":1,"16":1,"17":4,"18":1,"19":1,"20":1,"21":1,"22":1,"23":1,"24":1,"25":1,"26":2,"27":2,"28":2,"29":2,"30":2,"31":2,"32":2,"33":2,"34":4,"35":4,"36":6,"37":6,"38":1,"39":1,"40":5,"41":2,"42":3,"43":2,"44":1,"45":1,"46":0,"47":4,"48":4,"49":4,"50":2,"51":2,"52":4,"53":1,"54":4,"55":1},"b":{"1":[1,1,1],"2":[4,4],"3":[4,0],"4":[1,0],"5":[2,0],"6":[2,0],"7":[1,5],"8":[2,3],"9":[2,1],"10":[1,0],"11":[4,0]},"f":{"1":4,"2":4,"3":0,"4":0,"5":4,"6":0,"7":4,"8":4,"9":1,"10":2},"fnMap":{"1":{"name":"(anonymous_1)","line":2,"loc":{"start":{"line":2,"column":44},"end":{"line":2,"column":89}}},"2":{"name":"(anonymous_2)","line":3,"loc":{"start":{"line":3,"column":36},"end":{"line":3,"column":63}}},"3":{"name":"fulfilled","line":4,"loc":{"start":{"line":4,"column":8},"end":{"line":4,"column":34}}},"4":{"name":"rejected","line":5,"loc":{"start":{"line":5,"column":8},"end":{"line":5,"column":33}}},"5":{"name":"step","line":6,"loc":{"start":{"line":6,"column":8},"end":{"line":6,"column":30}}},"6":{"name":"(anonymous_6)","line":6,"loc":{"start":{"line":6,"column":76},"end":{"line":6,"column":95}}},"7":{"name":"queryHelper","line":11,"loc":{"start":{"line":11,"column":0},"end":{"line":11,"column":35}}},"8":{"name":"(anonymous_8)","line":12,"loc":{"start":{"line":12,"column":43},"end":{"line":12,"column":56}}},"9":{"name":"_filter","line":13,"loc":{"start":{"line":13,"column":8},"end":{"line":13,"column":30}}},"10":{"name":"_sort","line":22,"loc":{"start":{"line":22,"column":8},"end":{"line":22,"column":30}}}},"statementMap":{"1":{"start":{"line":2,"column":0},"end":{"line":9,"column":2}},"2":{"start":{"line":3,"column":4},"end":{"line":8,"column":7}},"3":{"start":{"line":4,"column":8},"end":{"line":4,"column":99}},"4":{"start":{"line":4,"column":36},"end":{"line":4,"column":97}},"5":{"start":{"line":4,"column":42},"end":{"line":4,"column":70}},"6":{"start":{"line":4,"column":85},"end":{"line":4,"column":95}},"7":{"start":{"line":5,"column":8},"end":{"line":5,"column":99}},"8":{"start":{"line":5,"column":35},"end":{"line":5,"column":97}},"9":{"start":{"line":5,"column":41},"end":{"line":5,"column":70}},"10":{"start":{"line":5,"column":85},"end":{"line":5,"column":95}},"11":{"start":{"line":6,"column":8},"end":{"line":6,"column":151}},"12":{"start":{"line":6,"column":32},"end":{"line":6,"column":149}},"13":{"start":{"line":6,"column":97},"end":{"line":6,"column":119}},"14":{"start":{"line":7,"column":8},"end":{"line":7,"column":72}},"15":{"start":{"line":10,"column":0},"end":{"line":10,"column":35}},"16":{"start":{"line":11,"column":0},"end":{"line":72,"column":1}},"17":{"start":{"line":12,"column":4},"end":{"line":71,"column":7}},"18":{"start":{"line":13,"column":8},"end":{"line":21,"column":9}},"19":{"start":{"line":14,"column":12},"end":{"line":14,"column":64}},"20":{"start":{"line":15,"column":12},"end":{"line":15,"column":22}},"21":{"start":{"line":16,"column":12},"end":{"line":16,"column":40}},"22":{"start":{"line":17,"column":12},"end":{"line":19,"column":13}},"23":{"start":{"line":18,"column":16},"end":{"line":18,"column":35}},"24":{"start":{"line":20,"column":12},"end":{"line":20,"column":25}},"25":{"start":{"line":22,"column":8},"end":{"line":33,"column":9}},"26":{"start":{"line":23,"column":12},"end":{"line":23,"column":46}},"27":{"start":{"line":24,"column":12},"end":{"line":24,"column":31}},"28":{"start":{"line":25,"column":12},"end":{"line":31,"column":15}},"29":{"start":{"line":26,"column":16},"end":{"line":26,"column":59}},"30":{"start":{"line":27,"column":16},"end":{"line":29,"column":17}},"31":{"start":{"line":28,"column":20},"end":{"line":28,"column":40}},"32":{"start":{"line":30,"column":16},"end":{"line":30,"column":57}},"33":{"start":{"line":32,"column":12},"end":{"line":32,"column":27}},"34":{"start":{"line":34,"column":8},"end":{"line":40,"column":10}},"35":{"start":{"line":41,"column":8},"end":{"line":59,"column":11}},"36":{"start":{"line":42,"column":12},"end":{"line":42,"column":23}},"37":{"start":{"line":43,"column":12},"end":{"line":58,"column":13}},"38":{"start":{"line":44,"column":16},"end":{"line":44,"column":38}},"39":{"start":{"line":45,"column":16},"end":{"line":45,"column":41}},"40":{"start":{"line":47,"column":17},"end":{"line":58,"column":13}},"41":{"start":{"line":48,"column":16},"end":{"line":48,"column":46}},"42":{"start":{"line":50,"column":17},"end":{"line":58,"column":13}},"43":{"start":{"line":51,"column":16},"end":{"line":51,"column":40}},"44":{"start":{"line":53,"column":17},"end":{"line":58,"column":13}},"45":{"start":{"line":54,"column":16},"end":{"line":54,"column":39}},"46":{"start":{"line":57,"column":16},"end":{"line":57,"column":38}},"47":{"start":{"line":60,"column":8},"end":{"line":60,"column":69}},"48":{"start":{"line":61,"column":8},"end":{"line":66,"column":9}},"49":{"start":{"line":62,"column":12},"end":{"line":65,"column":15}},"50":{"start":{"line":63,"column":16},"end":{"line":63,"column":38}},"51":{"start":{"line":64,"column":16},"end":{"line":64,"column":36}},"52":{"start":{"line":67,"column":8},"end":{"line":69,"column":11}},"53":{"start":{"line":68,"column":12},"end":{"line":68,"column":35}},"54":{"start":{"line":70,"column":8},"end":{"line":70,"column":27}},"55":{"start":{"line":73,"column":0},"end":{"line":73,"column":34}}},"branchMap":{"1":{"line":2,"type":"binary-expr","locations":[{"start":{"line":2,"column":17},"end":{"line":2,"column":21}},{"start":{"line":2,"column":25},"end":{"line":2,"column":39}},{"start":{"line":2,"column":44},"end":{"line":9,"column":1}}]},"2":{"line":3,"type":"binary-expr","locations":[{"start":{"line":3,"column":16},"end":{"line":3,"column":17}},{"start":{"line":3,"column":22},"end":{"line":3,"column":33}}]},"3":{"line":6,"type":"cond-expr","locations":[{"start":{"line":6,"column":46},"end":{"line":6,"column":67}},{"start":{"line":6,"column":70},"end":{"line":6,"column":148}}]},"4":{"line":17,"type":"if","locations":[{"start":{"line":17,"column":12},"end":{"line":17,"column":12}},{"start":{"line":17,"column":12},"end":{"line":17,"column":12}}]},"5":{"line":27,"type":"if","locations":[{"start":{"line":27,"column":16},"end":{"line":27,"column":16}},{"start":{"line":27,"column":16},"end":{"line":27,"column":16}}]},"6":{"line":30,"type":"cond-expr","locations":[{"start":{"line":30,"column":50},"end":{"line":30,"column":52}},{"start":{"line":30,"column":55},"end":{"line":30,"column":56}}]},"7":{"line":43,"type":"if","locations":[{"start":{"line":43,"column":12},"end":{"line":43,"column":12}},{"start":{"line":43,"column":12},"end":{"line":43,"column":12}}]},"8":{"line":47,"type":"if","locations":[{"start":{"line":47,"column":17},"end":{"line":47,"column":17}},{"start":{"line":47,"column":17},"end":{"line":47,"column":17}}]},"9":{"line":50,"type":"if","locations":[{"start":{"line":50,"column":17},"end":{"line":50,"column":17}},{"start":{"line":50,"column":17},"end":{"line":50,"column":17}}]},"10":{"line":53,"type":"if","locations":[{"start":{"line":53,"column":17},"end":{"line":53,"column":17}},{"start":{"line":53,"column":17},"end":{"line":53,"column":17}}]},"11":{"line":61,"type":"if","locations":[{"start":{"line":61,"column":8},"end":{"line":61,"column":8}},{"start":{"line":61,"column":8},"end":{"line":61,"column":8}}]}}},"/Users/joey/GitHub/swarm-monitor/build/app/lib/index.js":{"path":"/Users/joey/GitHub/swarm-monitor/build/app/lib/index.js","s":{"1":1,"2":9,"3":17,"4":10,"5":1,"6":1,"7":1,"8":1,"9":1,"10":1,"11":1,"12":1,"13":1,"14":1},"b":{"1":[10,7]},"f":{"1":9},"fnMap":{"1":{"name":"__export","line":2,"loc":{"start":{"line":2,"column":0},"end":{"line":2,"column":21}}}},"statementMap":{"1":{"start":{"line":2,"column":0},"end":{"line":4,"column":1}},"2":{"start":{"line":3,"column":4},"end":{"line":3,"column":71}},"3":{"start":{"line":3,"column":21},"end":{"line":3,"column":71}},"4":{"start":{"line":3,"column":53},"end":{"line":3,"column":71}},"5":{"start":{"line":5,"column":0},"end":{"line":5,"column":30}},"6":{"start":{"line":6,"column":0},"end":{"line":6,"column":27}},"7":{"start":{"line":7,"column":0},"end":{"line":7,"column":30}},"8":{"start":{"line":8,"column":0},"end":{"line":8,"column":37}},"9":{"start":{"line":9,"column":0},"end":{"line":9,"column":36}},"10":{"start":{"line":10,"column":0},"end":{"line":10,"column":38}},"11":{"start":{"line":11,"column":0},"end":{"line":11,"column":31}},"12":{"start":{"line":12,"column":0},"end":{"line":12,"column":29}},"13":{"start":{"line":13,"column":0},"end":{"line":13,"column":30}},"14":{"start":{"line":16,"column":0},"end":{"line":16,"column":36}}},"branchMap":{"1":{"line":3,"type":"if","locations":[{"start":{"line":3,"column":21},"end":{"line":3,"column":21}},{"start":{"line":3,"column":21},"end":{"line":3,"column":21}}]}}},"/Users/joey/GitHub/swarm-monitor/build/app/lib/router.js":{"path":"/Users/joey/GitHub/swarm-monitor/build/app/lib/router.js","s":{"1":1,"2":21,"3":21,"4":12,"5":12,"6":21,"7":0,"8":9,"9":1,"10":1,"11":1},"b":{"1":[3,9]},"f":{"1":21,"2":12,"3":21,"4":0,"5":9,"6":0},"fnMap":{"1":{"name":"(anonymous_1)","line":4,"loc":{"start":{"line":4,"column":15},"end":{"line":4,"column":18}}},"2":{"name":"(anonymous_2)","line":8,"loc":{"start":{"line":8,"column":10},"end":{"line":8,"column":13}}},"3":{"name":"(anonymous_3)","line":13,"loc":{"start":{"line":13,"column":10},"end":{"line":13,"column":13}}},"4":{"name":"(anonymous_4)","line":16,"loc":{"start":{"line":16,"column":18},"end":{"line":16,"column":21}}},"5":{"name":"(anonymous_5)","line":19,"loc":{"start":{"line":19,"column":13},"end":{"line":19,"column":16}}},"6":{"name":"(anonymous_6)","line":22,"loc":{"start":{"line":22,"column":13},"end":{"line":22,"column":22}}}},"statementMap":{"1":{"start":{"line":2,"column":0},"end":{"line":2,"column":40}},"2":{"start":{"line":5,"column":8},"end":{"line":5,"column":63}},"3":{"start":{"line":6,"column":8},"end":{"line":6,"column":36}},"4":{"start":{"line":9,"column":8},"end":{"line":9,"column":43}},"5":{"start":{"line":10,"column":8},"end":{"line":10,"column":52}},"6":{"start":{"line":14,"column":8},"end":{"line":14,"column":36}},"7":{"start":{"line":17,"column":8},"end":{"line":17,"column":44}},"8":{"start":{"line":20,"column":8},"end":{"line":20,"column":25}},"9":{"start":{"line":24,"column":0},"end":{"line":24,"column":24}},"10":{"start":{"line":25,"column":0},"end":{"line":25,"column":62}},"11":{"start":{"line":26,"column":0},"end":{"line":26,"column":25}}},"branchMap":{"1":{"line":10,"type":"cond-expr","locations":[{"start":{"line":10,"column":31},"end":{"line":10,"column":46}},{"start":{"line":10,"column":49},"end":{"line":10,"column":51}}]}}},"/Users/joey/GitHub/swarm-monitor/build/app/lib/app.js":{"path":"/Users/joey/GitHub/swarm-monitor/build/app/lib/app.js","s":{"1":1,"2":9,"3":1,"4":27,"5":27,"6":0,"7":1,"8":0,"9":0,"10":0,"11":1,"12":36,"13":27,"14":9,"15":1,"16":1,"17":1,"18":1,"19":1,"20":1,"21":1,"22":1,"23":1,"24":10,"25":10,"26":10,"27":0,"28":10,"29":10,"30":10,"31":8,"32":8,"33":9,"34":7,"35":22,"36":46,"37":37,"38":9,"39":9,"40":9,"41":9,"42":9,"43":9,"44":9,"45":9,"46":9,"47":9,"48":9,"49":0,"50":9,"51":9,"52":9,"53":9,"54":9,"55":9,"56":9,"57":1,"58":9,"59":9,"60":9,"61":9,"62":9,"63":9,"64":9,"65":9,"66":1,"67":1,"68":1},"b":{"1":[1,1,1],"2":[9,9],"3":[9,27],"4":[0,10],"5":[9,0],"6":[0,9],"7":[9,0],"8":[9,0],"9":[9,0],"10":[9,9],"11":[9,0],"12":[9,0]},"f":{"1":9,"2":9,"3":27,"4":0,"5":36,"6":27,"7":10,"8":8,"9":9,"10":7,"11":8,"12":0,"13":22,"14":46,"15":37,"16":9,"17":9},"fnMap":{"1":{"name":"(anonymous_1)","line":2,"loc":{"start":{"line":2,"column":44},"end":{"line":2,"column":89}}},"2":{"name":"(anonymous_2)","line":3,"loc":{"start":{"line":3,"column":36},"end":{"line":3,"column":63}}},"3":{"name":"fulfilled","line":4,"loc":{"start":{"line":4,"column":8},"end":{"line":4,"column":34}}},"4":{"name":"rejected","line":5,"loc":{"start":{"line":5,"column":8},"end":{"line":5,"column":33}}},"5":{"name":"step","line":6,"loc":{"start":{"line":6,"column":8},"end":{"line":6,"column":30}}},"6":{"name":"(anonymous_6)","line":6,"loc":{"start":{"line":6,"column":76},"end":{"line":6,"column":95}}},"7":{"name":"(anonymous_7)","line":20,"loc":{"start":{"line":20,"column":15},"end":{"line":20,"column":24}}},"8":{"name":"(anonymous_8)","line":30,"loc":{"start":{"line":30,"column":14},"end":{"line":30,"column":17}}},"9":{"name":"(anonymous_9)","line":34,"loc":{"start":{"line":34,"column":14},"end":{"line":34,"column":17}}},"10":{"name":"(anonymous_10)","line":37,"loc":{"start":{"line":37,"column":12},"end":{"line":37,"column":15}}},"11":{"name":"(anonymous_11)","line":40,"loc":{"start":{"line":40,"column":11},"end":{"line":40,"column":14}}},"12":{"name":"(anonymous_12)","line":41,"loc":{"start":{"line":41,"column":12},"end":{"line":41,"column":18}}},"13":{"name":"(anonymous_13)","line":42,"loc":{"start":{"line":42,"column":7},"end":{"line":42,"column":17}}},"14":{"name":"(anonymous_14)","line":45,"loc":{"start":{"line":45,"column":7},"end":{"line":45,"column":20}}},"15":{"name":"(anonymous_15)","line":48,"loc":{"start":{"line":48,"column":7},"end":{"line":48,"column":13}}},"16":{"name":"(anonymous_16)","line":51,"loc":{"start":{"line":51,"column":8},"end":{"line":51,"column":76}}},"17":{"name":"(anonymous_17)","line":52,"loc":{"start":{"line":52,"column":47},"end":{"line":52,"column":60}}}},"statementMap":{"1":{"start":{"line":2,"column":0},"end":{"line":9,"column":2}},"2":{"start":{"line":3,"column":4},"end":{"line":8,"column":7}},"3":{"start":{"line":4,"column":8},"end":{"line":4,"column":99}},"4":{"start":{"line":4,"column":36},"end":{"line":4,"column":97}},"5":{"start":{"line":4,"column":42},"end":{"line":4,"column":70}},"6":{"start":{"line":4,"column":85},"end":{"line":4,"column":95}},"7":{"start":{"line":5,"column":8},"end":{"line":5,"column":99}},"8":{"start":{"line":5,"column":35},"end":{"line":5,"column":97}},"9":{"start":{"line":5,"column":41},"end":{"line":5,"column":70}},"10":{"start":{"line":5,"column":85},"end":{"line":5,"column":95}},"11":{"start":{"line":6,"column":8},"end":{"line":6,"column":151}},"12":{"start":{"line":6,"column":32},"end":{"line":6,"column":149}},"13":{"start":{"line":6,"column":97},"end":{"line":6,"column":119}},"14":{"start":{"line":7,"column":8},"end":{"line":7,"column":72}},"15":{"start":{"line":10,"column":0},"end":{"line":10,"column":27}},"16":{"start":{"line":11,"column":0},"end":{"line":11,"column":40}},"17":{"start":{"line":12,"column":0},"end":{"line":12,"column":53}},"18":{"start":{"line":13,"column":0},"end":{"line":13,"column":31}},"19":{"start":{"line":14,"column":0},"end":{"line":14,"column":35}},"20":{"start":{"line":15,"column":0},"end":{"line":15,"column":51}},"21":{"start":{"line":16,"column":0},"end":{"line":16,"column":49}},"22":{"start":{"line":17,"column":0},"end":{"line":17,"column":35}},"23":{"start":{"line":18,"column":0},"end":{"line":18,"column":45}},"24":{"start":{"line":21,"column":8},"end":{"line":21,"column":16}},"25":{"start":{"line":22,"column":8},"end":{"line":22,"column":57}},"26":{"start":{"line":23,"column":8},"end":{"line":25,"column":9}},"27":{"start":{"line":24,"column":12},"end":{"line":24,"column":33}},"28":{"start":{"line":26,"column":8},"end":{"line":26,"column":29}},"29":{"start":{"line":27,"column":8},"end":{"line":27,"column":27}},"30":{"start":{"line":28,"column":8},"end":{"line":28,"column":52}},"31":{"start":{"line":31,"column":8},"end":{"line":31,"column":21}},"32":{"start":{"line":32,"column":8},"end":{"line":32,"column":17}},"33":{"start":{"line":35,"column":8},"end":{"line":35,"column":20}},"34":{"start":{"line":38,"column":8},"end":{"line":38,"column":35}},"35":{"start":{"line":43,"column":8},"end":{"line":43,"column":30}},"36":{"start":{"line":46,"column":8},"end":{"line":46,"column":51}},"37":{"start":{"line":49,"column":8},"end":{"line":49,"column":51}},"38":{"start":{"line":52,"column":8},"end":{"line":89,"column":11}},"39":{"start":{"line":53,"column":12},"end":{"line":53,"column":33}},"40":{"start":{"line":54,"column":12},"end":{"line":54,"column":63}},"41":{"start":{"line":55,"column":12},"end":{"line":55,"column":71}},"42":{"start":{"line":56,"column":12},"end":{"line":56,"column":61}},"43":{"start":{"line":57,"column":12},"end":{"line":57,"column":23}},"44":{"start":{"line":58,"column":12},"end":{"line":58,"column":22}},"45":{"start":{"line":59,"column":12},"end":{"line":59,"column":43}},"46":{"start":{"line":60,"column":12},"end":{"line":69,"column":13}},"47":{"start":{"line":61,"column":16},"end":{"line":61,"column":55}},"48":{"start":{"line":62,"column":16},"end":{"line":67,"column":17}},"49":{"start":{"line":63,"column":20},"end":{"line":63,"column":71}},"50":{"start":{"line":66,"column":20},"end":{"line":66,"column":41}},"51":{"start":{"line":68,"column":16},"end":{"line":68,"column":48}},"52":{"start":{"line":70,"column":12},"end":{"line":72,"column":13}},"53":{"start":{"line":71,"column":16},"end":{"line":71,"column":47}},"54":{"start":{"line":73,"column":12},"end":{"line":75,"column":13}},"55":{"start":{"line":74,"column":16},"end":{"line":74,"column":38}},"56":{"start":{"line":76,"column":12},"end":{"line":78,"column":13}},"57":{"start":{"line":77,"column":16},"end":{"line":77,"column":38}},"58":{"start":{"line":79,"column":12},"end":{"line":83,"column":13}},"59":{"start":{"line":80,"column":16},"end":{"line":80,"column":40}},"60":{"start":{"line":81,"column":16},"end":{"line":81,"column":126}},"61":{"start":{"line":82,"column":16},"end":{"line":82,"column":40}},"62":{"start":{"line":84,"column":12},"end":{"line":86,"column":13}},"63":{"start":{"line":85,"column":16},"end":{"line":85,"column":45}},"64":{"start":{"line":87,"column":12},"end":{"line":87,"column":33}},"65":{"start":{"line":88,"column":12},"end":{"line":88,"column":23}},"66":{"start":{"line":92,"column":0},"end":{"line":92,"column":18}},"67":{"start":{"line":93,"column":0},"end":{"line":93,"column":62}},"68":{"start":{"line":94,"column":0},"end":{"line":94,"column":22}}},"branchMap":{"1":{"line":2,"type":"binary-expr","locations":[{"start":{"line":2,"column":17},"end":{"line":2,"column":21}},{"start":{"line":2,"column":25},"end":{"line":2,"column":39}},{"start":{"line":2,"column":44},"end":{"line":9,"column":1}}]},"2":{"line":3,"type":"binary-expr","locations":[{"start":{"line":3,"column":16},"end":{"line":3,"column":17}},{"start":{"line":3,"column":22},"end":{"line":3,"column":33}}]},"3":{"line":6,"type":"cond-expr","locations":[{"start":{"line":6,"column":46},"end":{"line":6,"column":67}},{"start":{"line":6,"column":70},"end":{"line":6,"column":148}}]},"4":{"line":23,"type":"if","locations":[{"start":{"line":23,"column":8},"end":{"line":23,"column":8}},{"start":{"line":23,"column":8},"end":{"line":23,"column":8}}]},"5":{"line":60,"type":"if","locations":[{"start":{"line":60,"column":12},"end":{"line":60,"column":12}},{"start":{"line":60,"column":12},"end":{"line":60,"column":12}}]},"6":{"line":62,"type":"if","locations":[{"start":{"line":62,"column":16},"end":{"line":62,"column":16}},{"start":{"line":62,"column":16},"end":{"line":62,"column":16}}]},"7":{"line":70,"type":"if","locations":[{"start":{"line":70,"column":12},"end":{"line":70,"column":12}},{"start":{"line":70,"column":12},"end":{"line":70,"column":12}}]},"8":{"line":73,"type":"if","locations":[{"start":{"line":73,"column":12},"end":{"line":73,"column":12}},{"start":{"line":73,"column":12},"end":{"line":73,"column":12}}]},"9":{"line":79,"type":"if","locations":[{"start":{"line":79,"column":12},"end":{"line":79,"column":12}},{"start":{"line":79,"column":12},"end":{"line":79,"column":12}}]},"10":{"line":79,"type":"binary-expr","locations":[{"start":{"line":79,"column":16},"end":{"line":79,"column":42}},{"start":{"line":79,"column":46},"end":{"line":79,"column":97}}]},"11":{"line":81,"type":"binary-expr","locations":[{"start":{"line":81,"column":31},"end":{"line":81,"column":79}},{"start":{"line":81,"column":83},"end":{"line":81,"column":90}}]},"12":{"line":84,"type":"if","locations":[{"start":{"line":84,"column":12},"end":{"line":84,"column":12}},{"start":{"line":84,"column":12},"end":{"line":84,"column":12}}]}}},"/Users/joey/GitHub/swarm-monitor/build/app/lib/service-loader.js":{"path":"/Users/joey/GitHub/swarm-monitor/build/app/lib/service-loader.js","s":{"1":1,"2":45,"3":1,"4":45,"5":45,"6":0,"7":1,"8":0,"9":0,"10":0,"11":1,"12":90,"13":45,"14":45,"15":1,"16":1,"17":1,"18":9,"19":9,"20":36,"21":36,"22":36,"23":36,"24":36,"25":36,"26":36,"27":36,"28":36,"29":1,"30":1,"31":1},"b":{"1":[1,1,1],"2":[45,45],"3":[45,45],"4":[36,0]},"f":{"1":45,"2":45,"3":45,"4":0,"5":90,"6":45,"7":9,"8":9,"9":36},"fnMap":{"1":{"name":"(anonymous_1)","line":2,"loc":{"start":{"line":2,"column":44},"end":{"line":2,"column":89}}},"2":{"name":"(anonymous_2)","line":3,"loc":{"start":{"line":3,"column":36},"end":{"line":3,"column":63}}},"3":{"name":"fulfilled","line":4,"loc":{"start":{"line":4,"column":8},"end":{"line":4,"column":34}}},"4":{"name":"rejected","line":5,"loc":{"start":{"line":5,"column":8},"end":{"line":5,"column":33}}},"5":{"name":"step","line":6,"loc":{"start":{"line":6,"column":8},"end":{"line":6,"column":30}}},"6":{"name":"(anonymous_6)","line":6,"loc":{"start":{"line":6,"column":76},"end":{"line":6,"column":95}}},"7":{"name":"(anonymous_7)","line":14,"loc":{"start":{"line":14,"column":8},"end":{"line":14,"column":14}}},"8":{"name":"(anonymous_8)","line":15,"loc":{"start":{"line":15,"column":47},"end":{"line":15,"column":60}}},"9":{"name":"(anonymous_9)","line":16,"loc":{"start":{"line":16,"column":79},"end":{"line":16,"column":92}}}},"statementMap":{"1":{"start":{"line":2,"column":0},"end":{"line":9,"column":2}},"2":{"start":{"line":3,"column":4},"end":{"line":8,"column":7}},"3":{"start":{"line":4,"column":8},"end":{"line":4,"column":99}},"4":{"start":{"line":4,"column":36},"end":{"line":4,"column":97}},"5":{"start":{"line":4,"column":42},"end":{"line":4,"column":70}},"6":{"start":{"line":4,"column":85},"end":{"line":4,"column":95}},"7":{"start":{"line":5,"column":8},"end":{"line":5,"column":99}},"8":{"start":{"line":5,"column":35},"end":{"line":5,"column":97}},"9":{"start":{"line":5,"column":41},"end":{"line":5,"column":70}},"10":{"start":{"line":5,"column":85},"end":{"line":5,"column":95}},"11":{"start":{"line":6,"column":8},"end":{"line":6,"column":151}},"12":{"start":{"line":6,"column":32},"end":{"line":6,"column":149}},"13":{"start":{"line":6,"column":97},"end":{"line":6,"column":119}},"14":{"start":{"line":7,"column":8},"end":{"line":7,"column":72}},"15":{"start":{"line":10,"column":0},"end":{"line":10,"column":35}},"16":{"start":{"line":11,"column":0},"end":{"line":11,"column":40}},"17":{"start":{"line":12,"column":0},"end":{"line":12,"column":28}},"18":{"start":{"line":15,"column":8},"end":{"line":26,"column":11}},"19":{"start":{"line":16,"column":12},"end":{"line":25,"column":16}},"20":{"start":{"line":16,"column":47},"end":{"line":25,"column":14}},"21":{"start":{"line":17,"column":16},"end":{"line":17,"column":61}},"22":{"start":{"line":18,"column":16},"end":{"line":18,"column":48}},"23":{"start":{"line":19,"column":16},"end":{"line":19,"column":27}},"24":{"start":{"line":20,"column":16},"end":{"line":20,"column":37}},"25":{"start":{"line":21,"column":16},"end":{"line":21,"column":79}},"26":{"start":{"line":22,"column":16},"end":{"line":22,"column":64}},"27":{"start":{"line":23,"column":16},"end":{"line":23,"column":56}},"28":{"start":{"line":24,"column":16},"end":{"line":24,"column":31}},"29":{"start":{"line":29,"column":0},"end":{"line":29,"column":38}},"30":{"start":{"line":30,"column":0},"end":{"line":30,"column":62}},"31":{"start":{"line":31,"column":0},"end":{"line":31,"column":32}}},"branchMap":{"1":{"line":2,"type":"binary-expr","locations":[{"start":{"line":2,"column":17},"end":{"line":2,"column":21}},{"start":{"line":2,"column":25},"end":{"line":2,"column":39}},{"start":{"line":2,"column":44},"end":{"line":9,"column":1}}]},"2":{"line":3,"type":"binary-expr","locations":[{"start":{"line":3,"column":16},"end":{"line":3,"column":17}},{"start":{"line":3,"column":22},"end":{"line":3,"column":33}}]},"3":{"line":6,"type":"cond-expr","locations":[{"start":{"line":6,"column":46},"end":{"line":6,"column":67}},{"start":{"line":6,"column":70},"end":{"line":6,"column":148}}]},"4":{"line":21,"type":"cond-expr","locations":[{"start":{"line":21,"column":57},"end":{"line":21,"column":67}},{"start":{"line":21,"column":70},"end":{"line":21,"column":78}}]}}},"/Users/joey/GitHub/swarm-monitor/build/app/services/index.js":{"path":"/Users/joey/GitHub/swarm-monitor/build/app/services/index.js","s":{"1":1,"2":3,"3":4,"4":4,"5":1,"6":1,"7":1},"b":{"1":[4,0]},"f":{"1":3},"fnMap":{"1":{"name":"__export","line":2,"loc":{"start":{"line":2,"column":0},"end":{"line":2,"column":21}}}},"statementMap":{"1":{"start":{"line":2,"column":0},"end":{"line":4,"column":1}},"2":{"start":{"line":3,"column":4},"end":{"line":3,"column":71}},"3":{"start":{"line":3,"column":21},"end":{"line":3,"column":71}},"4":{"start":{"line":3,"column":53},"end":{"line":3,"column":71}},"5":{"start":{"line":5,"column":0},"end":{"line":5,"column":30}},"6":{"start":{"line":6,"column":0},"end":{"line":6,"column":29}},"7":{"start":{"line":7,"column":0},"end":{"line":7,"column":31}}},"branchMap":{"1":{"line":3,"type":"if","locations":[{"start":{"line":3,"column":21},"end":{"line":3,"column":21}},{"start":{"line":3,"column":21},"end":{"line":3,"column":21}}]}}},"/Users/joey/GitHub/swarm-monitor/build/app/services/logger.js":{"path":"/Users/joey/GitHub/swarm-monitor/build/app/services/logger.js","s":{"1":1,"2":18,"3":1,"4":0,"5":0,"6":0,"7":1,"8":0,"9":0,"10":0,"11":1,"12":18,"13":0,"14":18,"15":1,"16":1,"17":1,"18":18,"19":18,"20":0,"21":0,"22":18,"23":18,"24":18,"25":18,"26":18,"27":0,"28":18,"29":18,"30":18,"31":18,"32":18,"33":18,"34":0,"35":0,"36":0,"37":0,"38":0,"39":0,"40":0,"41":0,"42":0,"43":0,"44":1,"45":1,"46":1},"b":{"1":[1,1,1],"2":[18,18],"3":[18,0],"4":[0,18],"5":[18,0],"6":[0,0]},"f":{"1":18,"2":18,"3":0,"4":0,"5":18,"6":0,"7":18,"8":0,"9":18,"10":18,"11":0,"12":0,"13":0,"14":0,"15":0,"16":0,"17":0},"fnMap":{"1":{"name":"(anonymous_1)","line":2,"loc":{"start":{"line":2,"column":44},"end":{"line":2,"column":89}}},"2":{"name":"(anonymous_2)","line":3,"loc":{"start":{"line":3,"column":36},"end":{"line":3,"column":63}}},"3":{"name":"fulfilled","line":4,"loc":{"start":{"line":4,"column":8},"end":{"line":4,"column":34}}},"4":{"name":"rejected","line":5,"loc":{"start":{"line":5,"column":8},"end":{"line":5,"column":33}}},"5":{"name":"step","line":6,"loc":{"start":{"line":6,"column":8},"end":{"line":6,"column":30}}},"6":{"name":"(anonymous_6)","line":6,"loc":{"start":{"line":6,"column":76},"end":{"line":6,"column":95}}},"7":{"name":"(anonymous_7)","line":14,"loc":{"start":{"line":14,"column":15},"end":{"line":14,"column":18}}},"8":{"name":"(anonymous_8)","line":18,"loc":{"start":{"line":18,"column":15},"end":{"line":18,"column":21}}},"9":{"name":"(anonymous_9)","line":22,"loc":{"start":{"line":22,"column":8},"end":{"line":22,"column":11}}},"10":{"name":"(anonymous_10)","line":23,"loc":{"start":{"line":23,"column":47},"end":{"line":23,"column":60}}},"11":{"name":"(anonymous_11)","line":40,"loc":{"start":{"line":40,"column":7},"end":{"line":40,"column":20}}},"12":{"name":"(anonymous_12)","line":47,"loc":{"start":{"line":47,"column":8},"end":{"line":47,"column":24}}},"13":{"name":"(anonymous_13)","line":50,"loc":{"start":{"line":50,"column":9},"end":{"line":50,"column":25}}},"14":{"name":"(anonymous_14)","line":53,"loc":{"start":{"line":53,"column":9},"end":{"line":53,"column":25}}},"15":{"name":"(anonymous_15)","line":56,"loc":{"start":{"line":56,"column":8},"end":{"line":56,"column":24}}},"16":{"name":"(anonymous_16)","line":59,"loc":{"start":{"line":59,"column":11},"end":{"line":59,"column":27}}},"17":{"name":"(anonymous_17)","line":62,"loc":{"start":{"line":62,"column":9},"end":{"line":62,"column":25}}}},"statementMap":{"1":{"start":{"line":2,"column":0},"end":{"line":9,"column":2}},"2":{"start":{"line":3,"column":4},"end":{"line":8,"column":7}},"3":{"start":{"line":4,"column":8},"end":{"line":4,"column":99}},"4":{"start":{"line":4,"column":36},"end":{"line":4,"column":97}},"5":{"start":{"line":4,"column":42},"end":{"line":4,"column":70}},"6":{"start":{"line":4,"column":85},"end":{"line":4,"column":95}},"7":{"start":{"line":5,"column":8},"end":{"line":5,"column":99}},"8":{"start":{"line":5,"column":35},"end":{"line":5,"column":97}},"9":{"start":{"line":5,"column":41},"end":{"line":5,"column":70}},"10":{"start":{"line":5,"column":85},"end":{"line":5,"column":95}},"11":{"start":{"line":6,"column":8},"end":{"line":6,"column":151}},"12":{"start":{"line":6,"column":32},"end":{"line":6,"column":149}},"13":{"start":{"line":6,"column":97},"end":{"line":6,"column":119}},"14":{"start":{"line":7,"column":8},"end":{"line":7,"column":72}},"15":{"start":{"line":10,"column":0},"end":{"line":10,"column":44}},"16":{"start":{"line":11,"column":0},"end":{"line":11,"column":35}},"17":{"start":{"line":12,"column":0},"end":{"line":12,"column":28}},"18":{"start":{"line":15,"column":8},"end":{"line":15,"column":28}},"19":{"start":{"line":16,"column":8},"end":{"line":16,"column":24}},"20":{"start":{"line":19,"column":8},"end":{"line":19,"column":46}},"21":{"start":{"line":20,"column":8},"end":{"line":20,"column":24}},"22":{"start":{"line":23,"column":8},"end":{"line":38,"column":11}},"23":{"start":{"line":24,"column":12},"end":{"line":24,"column":54}},"24":{"start":{"line":25,"column":12},"end":{"line":25,"column":49}},"25":{"start":{"line":26,"column":12},"end":{"line":34,"column":15}},"26":{"start":{"line":27,"column":16},"end":{"line":29,"column":17}},"27":{"start":{"line":28,"column":20},"end":{"line":28,"column":27}},"28":{"start":{"line":30,"column":16},"end":{"line":30,"column":55}},"29":{"start":{"line":31,"column":16},"end":{"line":33,"column":17}},"30":{"start":{"line":32,"column":20},"end":{"line":32,"column":82}},"31":{"start":{"line":35,"column":12},"end":{"line":35,"column":74}},"32":{"start":{"line":36,"column":12},"end":{"line":36,"column":74}},"33":{"start":{"line":37,"column":12},"end":{"line":37,"column":24}},"34":{"start":{"line":41,"column":8},"end":{"line":44,"column":9}},"35":{"start":{"line":42,"column":12},"end":{"line":42,"column":24}},"36":{"start":{"line":43,"column":12},"end":{"line":43,"column":27}},"37":{"start":{"line":45,"column":8},"end":{"line":45,"column":38}},"38":{"start":{"line":48,"column":8},"end":{"line":48,"column":42}},"39":{"start":{"line":51,"column":8},"end":{"line":51,"column":43}},"40":{"start":{"line":54,"column":8},"end":{"line":54,"column":43}},"41":{"start":{"line":57,"column":8},"end":{"line":57,"column":42}},"42":{"start":{"line":60,"column":8},"end":{"line":60,"column":45}},"43":{"start":{"line":63,"column":8},"end":{"line":63,"column":43}},"44":{"start":{"line":66,"column":0},"end":{"line":66,"column":24}},"45":{"start":{"line":67,"column":0},"end":{"line":67,"column":62}},"46":{"start":{"line":68,"column":0},"end":{"line":68,"column":25}}},"branchMap":{"1":{"line":2,"type":"binary-expr","locations":[{"start":{"line":2,"column":17},"end":{"line":2,"column":21}},{"start":{"line":2,"column":25},"end":{"line":2,"column":39}},{"start":{"line":2,"column":44},"end":{"line":9,"column":1}}]},"2":{"line":3,"type":"binary-expr","locations":[{"start":{"line":3,"column":16},"end":{"line":3,"column":17}},{"start":{"line":3,"column":22},"end":{"line":3,"column":33}}]},"3":{"line":6,"type":"cond-expr","locations":[{"start":{"line":6,"column":46},"end":{"line":6,"column":67}},{"start":{"line":6,"column":70},"end":{"line":6,"column":148}}]},"4":{"line":27,"type":"if","locations":[{"start":{"line":27,"column":16},"end":{"line":27,"column":16}},{"start":{"line":27,"column":16},"end":{"line":27,"column":16}}]},"5":{"line":31,"type":"if","locations":[{"start":{"line":31,"column":16},"end":{"line":31,"column":16}},{"start":{"line":31,"column":16},"end":{"line":31,"column":16}}]},"6":{"line":41,"type":"if","locations":[{"start":{"line":41,"column":8},"end":{"line":41,"column":8}},{"start":{"line":41,"column":8},"end":{"line":41,"column":8}}]}}},"/Users/joey/GitHub/swarm-monitor/build/app/lib/service.js":{"path":"/Users/joey/GitHub/swarm-monitor/build/app/lib/service.js","s":{"1":1,"2":0,"3":1,"4":0,"5":0,"6":0,"7":1,"8":0,"9":0,"10":0,"11":1,"12":0,"13":0,"14":0,"15":36,"16":0,"17":0,"18":0,"19":0,"20":0,"21":0,"22":1,"23":1,"24":1},"b":{"1":[1,1,1],"2":[0,0],"3":[0,0]},"f":{"1":0,"2":0,"3":0,"4":0,"5":0,"6":0,"7":36,"8":0,"9":0,"10":0,"11":0,"12":0},"fnMap":{"1":{"name":"(anonymous_1)","line":2,"loc":{"start":{"line":2,"column":44},"end":{"line":2,"column":89}}},"2":{"name":"(anonymous_2)","line":3,"loc":{"start":{"line":3,"column":36},"end":{"line":3,"column":63}}},"3":{"name":"fulfilled","line":4,"loc":{"start":{"line":4,"column":8},"end":{"line":4,"column":34}}},"4":{"name":"rejected","line":5,"loc":{"start":{"line":5,"column":8},"end":{"line":5,"column":33}}},"5":{"name":"step","line":6,"loc":{"start":{"line":6,"column":8},"end":{"line":6,"column":30}}},"6":{"name":"(anonymous_6)","line":6,"loc":{"start":{"line":6,"column":76},"end":{"line":6,"column":95}}},"7":{"name":"(anonymous_7)","line":11,"loc":{"start":{"line":11,"column":15},"end":{"line":11,"column":24}}},"8":{"name":"(anonymous_8)","line":14,"loc":{"start":{"line":14,"column":8},"end":{"line":14,"column":11}}},"9":{"name":"(anonymous_9)","line":15,"loc":{"start":{"line":15,"column":47},"end":{"line":15,"column":60}}},"10":{"name":"(anonymous_10)","line":20,"loc":{"start":{"line":20,"column":10},"end":{"line":20,"column":13}}},"11":{"name":"(anonymous_11)","line":21,"loc":{"start":{"line":21,"column":47},"end":{"line":21,"column":60}}},"12":{"name":"(anonymous_12)","line":25,"loc":{"start":{"line":25,"column":7},"end":{"line":25,"column":10}}}},"statementMap":{"1":{"start":{"line":2,"column":0},"end":{"line":9,"column":2}},"2":{"start":{"line":3,"column":4},"end":{"line":8,"column":7}},"3":{"start":{"line":4,"column":8},"end":{"line":4,"column":99}},"4":{"start":{"line":4,"column":36},"end":{"line":4,"column":97}},"5":{"start":{"line":4,"column":42},"end":{"line":4,"column":70}},"6":{"start":{"line":4,"column":85},"end":{"line":4,"column":95}},"7":{"start":{"line":5,"column":8},"end":{"line":5,"column":99}},"8":{"start":{"line":5,"column":35},"end":{"line":5,"column":97}},"9":{"start":{"line":5,"column":41},"end":{"line":5,"column":70}},"10":{"start":{"line":5,"column":85},"end":{"line":5,"column":95}},"11":{"start":{"line":6,"column":8},"end":{"line":6,"column":151}},"12":{"start":{"line":6,"column":32},"end":{"line":6,"column":149}},"13":{"start":{"line":6,"column":97},"end":{"line":6,"column":119}},"14":{"start":{"line":7,"column":8},"end":{"line":7,"column":72}},"15":{"start":{"line":12,"column":8},"end":{"line":12,"column":29}},"16":{"start":{"line":15,"column":8},"end":{"line":18,"column":11}},"17":{"start":{"line":16,"column":12},"end":{"line":16,"column":33}},"18":{"start":{"line":17,"column":12},"end":{"line":17,"column":24}},"19":{"start":{"line":21,"column":8},"end":{"line":23,"column":11}},"20":{"start":{"line":22,"column":12},"end":{"line":22,"column":24}},"21":{"start":{"line":26,"column":8},"end":{"line":26,"column":29}},"22":{"start":{"line":29,"column":0},"end":{"line":29,"column":26}},"23":{"start":{"line":30,"column":0},"end":{"line":30,"column":62}},"24":{"start":{"line":31,"column":0},"end":{"line":31,"column":26}}},"branchMap":{"1":{"line":2,"type":"binary-expr","locations":[{"start":{"line":2,"column":17},"end":{"line":2,"column":21}},{"start":{"line":2,"column":25},"end":{"line":2,"column":39}},{"start":{"line":2,"column":44},"end":{"line":9,"column":1}}]},"2":{"line":3,"type":"binary-expr","locations":[{"start":{"line":3,"column":16},"end":{"line":3,"column":17}},{"start":{"line":3,"column":22},"end":{"line":3,"column":33}}]},"3":{"line":6,"type":"cond-expr","locations":[{"start":{"line":6,"column":46},"end":{"line":6,"column":67}},{"start":{"line":6,"column":70},"end":{"line":6,"column":148}}]}}},"/Users/joey/GitHub/swarm-monitor/build/app/services/oauth.js":{"path":"/Users/joey/GitHub/swarm-monitor/build/app/services/oauth.js","s":{"1":1,"2":1,"3":9,"4":1},"b":{},"f":{"1":9},"fnMap":{"1":{"name":"(anonymous_1)","line":5,"loc":{"start":{"line":5,"column":9},"end":{"line":5,"column":12}}}},"statementMap":{"1":{"start":{"line":2,"column":0},"end":{"line":2,"column":51}},"2":{"start":{"line":3,"column":0},"end":{"line":3,"column":48}},"3":{"start":{"line":6,"column":8},"end":{"line":6,"column":40}},"4":{"start":{"line":9,"column":0},"end":{"line":9,"column":22}}},"branchMap":{}},"/Users/joey/GitHub/swarm-monitor/build/app/lib/services/oauth2/index.js":{"path":"/Users/joey/GitHub/swarm-monitor/build/app/lib/services/oauth2/index.js","s":{"1":1,"2":9,"3":1,"4":0,"5":0,"6":0,"7":1,"8":0,"9":0,"10":0,"11":1,"12":9,"13":0,"14":9,"15":1,"16":1,"17":9,"18":9,"19":0,"20":9,"21":9,"22":9,"23":9,"24":9,"25":9,"26":9,"27":1},"b":{"1":[1,1,1],"2":[9,9],"3":[9,0]},"f":{"1":9,"2":9,"3":0,"4":0,"5":9,"6":0,"7":9,"8":0,"9":9,"10":9},"fnMap":{"1":{"name":"(anonymous_1)","line":2,"loc":{"start":{"line":2,"column":44},"end":{"line":2,"column":89}}},"2":{"name":"(anonymous_2)","line":3,"loc":{"start":{"line":3,"column":36},"end":{"line":3,"column":63}}},"3":{"name":"fulfilled","line":4,"loc":{"start":{"line":4,"column":8},"end":{"line":4,"column":34}}},"4":{"name":"rejected","line":5,"loc":{"start":{"line":5,"column":8},"end":{"line":5,"column":33}}},"5":{"name":"step","line":6,"loc":{"start":{"line":6,"column":8},"end":{"line":6,"column":30}}},"6":{"name":"(anonymous_6)","line":6,"loc":{"start":{"line":6,"column":76},"end":{"line":6,"column":95}}},"7":{"name":"(anonymous_7)","line":13,"loc":{"start":{"line":13,"column":15},"end":{"line":13,"column":18}}},"8":{"name":"(anonymous_8)","line":17,"loc":{"start":{"line":17,"column":9},"end":{"line":17,"column":12}}},"9":{"name":"(anonymous_9)","line":20,"loc":{"start":{"line":20,"column":8},"end":{"line":20,"column":11}}},"10":{"name":"(anonymous_10)","line":21,"loc":{"start":{"line":21,"column":47},"end":{"line":21,"column":60}}}},"statementMap":{"1":{"start":{"line":2,"column":0},"end":{"line":9,"column":2}},"2":{"start":{"line":3,"column":4},"end":{"line":8,"column":7}},"3":{"start":{"line":4,"column":8},"end":{"line":4,"column":99}},"4":{"start":{"line":4,"column":36},"end":{"line":4,"column":97}},"5":{"start":{"line":4,"column":42},"end":{"line":4,"column":70}},"6":{"start":{"line":4,"column":85},"end":{"line":4,"column":95}},"7":{"start":{"line":5,"column":8},"end":{"line":5,"column":99}},"8":{"start":{"line":5,"column":35},"end":{"line":5,"column":97}},"9":{"start":{"line":5,"column":41},"end":{"line":5,"column":70}},"10":{"start":{"line":5,"column":85},"end":{"line":5,"column":95}},"11":{"start":{"line":6,"column":8},"end":{"line":6,"column":151}},"12":{"start":{"line":6,"column":32},"end":{"line":6,"column":149}},"13":{"start":{"line":6,"column":97},"end":{"line":6,"column":119}},"14":{"start":{"line":7,"column":8},"end":{"line":7,"column":72}},"15":{"start":{"line":10,"column":0},"end":{"line":10,"column":43}},"16":{"start":{"line":11,"column":0},"end":{"line":11,"column":35}},"17":{"start":{"line":14,"column":8},"end":{"line":14,"column":28}},"18":{"start":{"line":15,"column":8},"end":{"line":15,"column":26}},"19":{"start":{"line":18,"column":8},"end":{"line":18,"column":25}},"20":{"start":{"line":21,"column":8},"end":{"line":28,"column":11}},"21":{"start":{"line":22,"column":12},"end":{"line":22,"column":39}},"22":{"start":{"line":23,"column":12},"end":{"line":23,"column":69}},"23":{"start":{"line":24,"column":12},"end":{"line":24,"column":31}},"24":{"start":{"line":25,"column":12},"end":{"line":25,"column":29}},"25":{"start":{"line":26,"column":12},"end":{"line":26,"column":58}},"26":{"start":{"line":27,"column":12},"end":{"line":27,"column":24}},"27":{"start":{"line":31,"column":0},"end":{"line":31,"column":24}}},"branchMap":{"1":{"line":2,"type":"binary-expr","locations":[{"start":{"line":2,"column":17},"end":{"line":2,"column":21}},{"start":{"line":2,"column":25},"end":{"line":2,"column":39}},{"start":{"line":2,"column":44},"end":{"line":9,"column":1}}]},"2":{"line":3,"type":"binary-expr","locations":[{"start":{"line":3,"column":16},"end":{"line":3,"column":17}},{"start":{"line":3,"column":22},"end":{"line":3,"column":33}}]},"3":{"line":6,"type":"cond-expr","locations":[{"start":{"line":6,"column":46},"end":{"line":6,"column":67}},{"start":{"line":6,"column":70},"end":{"line":6,"column":148}}]}}},"/Users/joey/GitHub/swarm-monitor/build/app/lib/services/oauth2/lib/index.js":{"path":"/Users/joey/GitHub/swarm-monitor/build/app/lib/services/oauth2/lib/index.js","s":{"1":1,"2":4,"3":4,"4":4,"5":1,"6":1,"7":1,"8":1},"b":{"1":[4,0]},"f":{"1":4},"fnMap":{"1":{"name":"__export","line":2,"loc":{"start":{"line":2,"column":0},"end":{"line":2,"column":21}}}},"statementMap":{"1":{"start":{"line":2,"column":0},"end":{"line":4,"column":1}},"2":{"start":{"line":3,"column":4},"end":{"line":3,"column":71}},"3":{"start":{"line":3,"column":21},"end":{"line":3,"column":71}},"4":{"start":{"line":3,"column":53},"end":{"line":3,"column":71}},"5":{"start":{"line":5,"column":0},"end":{"line":5,"column":30}},"6":{"start":{"line":6,"column":0},"end":{"line":6,"column":29}},"7":{"start":{"line":7,"column":0},"end":{"line":7,"column":29}},"8":{"start":{"line":8,"column":0},"end":{"line":8,"column":36}}},"branchMap":{"1":{"line":3,"type":"if","locations":[{"start":{"line":3,"column":21},"end":{"line":3,"column":21}},{"start":{"line":3,"column":21},"end":{"line":3,"column":21}}]}}},"/Users/joey/GitHub/swarm-monitor/build/app/lib/services/oauth2/lib/server.js":{"path":"/Users/joey/GitHub/swarm-monitor/build/app/lib/services/oauth2/lib/server.js","s":{"1":1,"2":1,"3":9,"4":9,"5":9,"6":9,"7":9,"8":0,"9":0,"10":1},"b":{},"f":{"1":9,"2":9,"3":0,"4":0},"fnMap":{"1":{"name":"(anonymous_1)","line":5,"loc":{"start":{"line":5,"column":15},"end":{"line":5,"column":22}}},"2":{"name":"(anonymous_2)","line":10,"loc":{"start":{"line":10,"column":9},"end":{"line":10,"column":12}}},"3":{"name":"(anonymous_3)","line":14,"loc":{"start":{"line":14,"column":16},"end":{"line":14,"column":24}}},"4":{"name":"(anonymous_4)","line":18,"loc":{"start":{"line":18,"column":13},"end":{"line":18,"column":16}}}},"statementMap":{"1":{"start":{"line":2,"column":0},"end":{"line":2,"column":35}},"2":{"start":{"line":3,"column":0},"end":{"line":3,"column":49}},"3":{"start":{"line":6,"column":8},"end":{"line":6,"column":32}},"4":{"start":{"line":7,"column":8},"end":{"line":7,"column":48}},"5":{"start":{"line":8,"column":8},"end":{"line":8,"column":34}},"6":{"start":{"line":11,"column":8},"end":{"line":11,"column":39}},"7":{"start":{"line":12,"column":8},"end":{"line":12,"column":49}},"8":{"start":{"line":15,"column":8},"end":{"line":15,"column":39}},"9":{"start":{"line":16,"column":8},"end":{"line":16,"column":57}},"10":{"start":{"line":21,"column":0},"end":{"line":21,"column":36}}},"branchMap":{}},"/Users/joey/GitHub/swarm-monitor/build/app/lib/services/oauth2/lib/token.js":{"path":"/Users/joey/GitHub/swarm-monitor/build/app/lib/services/oauth2/lib/token.js","s":{"1":1,"2":2,"3":1,"4":1,"5":1,"6":0,"7":1,"8":0,"9":0,"10":0,"11":1,"12":3,"13":1,"14":2,"15":1,"16":1,"17":1,"18":9,"19":1,"20":1,"21":1,"22":1,"23":0,"24":1,"25":1,"26":1,"27":1,"28":0,"29":0,"30":0,"31":0,"32":1,"33":1,"34":1,"35":1,"36":1,"37":1,"38":1,"39":1,"40":1,"41":1,"42":1,"43":1,"44":1,"45":1,"46":1,"47":1,"48":1,"49":1,"50":1,"51":0,"52":0,"53":0,"54":1,"55":0,"56":0,"57":0},"b":{"1":[1,1,1],"2":[2,2],"3":[2,1],"4":[0,1],"5":[1,0,0]},"f":{"1":2,"2":2,"3":1,"4":0,"5":3,"6":1,"7":9,"8":1,"9":1,"10":1,"11":1,"12":1,"13":1,"14":0,"15":0,"16":0,"17":0},"fnMap":{"1":{"name":"(anonymous_1)","line":2,"loc":{"start":{"line":2,"column":44},"end":{"line":2,"column":89}}},"2":{"name":"(anonymous_2)","line":3,"loc":{"start":{"line":3,"column":36},"end":{"line":3,"column":63}}},"3":{"name":"fulfilled","line":4,"loc":{"start":{"line":4,"column":8},"end":{"line":4,"column":34}}},"4":{"name":"rejected","line":5,"loc":{"start":{"line":5,"column":8},"end":{"line":5,"column":33}}},"5":{"name":"step","line":6,"loc":{"start":{"line":6,"column":8},"end":{"line":6,"column":30}}},"6":{"name":"(anonymous_6)","line":6,"loc":{"start":{"line":6,"column":76},"end":{"line":6,"column":95}}},"7":{"name":"token","line":12,"loc":{"start":{"line":12,"column":0},"end":{"line":12,"column":30}}},"8":{"name":"(anonymous_8)","line":13,"loc":{"start":{"line":13,"column":11},"end":{"line":13,"column":28}}},"9":{"name":"_getGrantType","line":42,"loc":{"start":{"line":42,"column":0},"end":{"line":42,"column":25}}},"10":{"name":"_getClient","line":45,"loc":{"start":{"line":45,"column":0},"end":{"line":45,"column":27}}},"11":{"name":"(anonymous_11)","line":46,"loc":{"start":{"line":46,"column":43},"end":{"line":46,"column":56}}},"12":{"name":"_handlePasswordGrant","line":53,"loc":{"start":{"line":53,"column":0},"end":{"line":53,"column":37}}},"13":{"name":"(anonymous_13)","line":54,"loc":{"start":{"line":54,"column":43},"end":{"line":54,"column":56}}},"14":{"name":"_handleAuthorizationGrant","line":59,"loc":{"start":{"line":59,"column":0},"end":{"line":59,"column":42}}},"15":{"name":"(anonymous_15)","line":60,"loc":{"start":{"line":60,"column":43},"end":{"line":60,"column":56}}},"16":{"name":"_handleClientCredentialsGrant","line":65,"loc":{"start":{"line":65,"column":0},"end":{"line":65,"column":46}}},"17":{"name":"(anonymous_17)","line":66,"loc":{"start":{"line":66,"column":43},"end":{"line":66,"column":56}}}},"statementMap":{"1":{"start":{"line":2,"column":0},"end":{"line":9,"column":2}},"2":{"start":{"line":3,"column":4},"end":{"line":8,"column":7}},"3":{"start":{"line":4,"column":8},"end":{"line":4,"column":99}},"4":{"start":{"line":4,"column":36},"end":{"line":4,"column":97}},"5":{"start":{"line":4,"column":42},"end":{"line":4,"column":70}},"6":{"start":{"line":4,"column":85},"end":{"line":4,"column":95}},"7":{"start":{"line":5,"column":8},"end":{"line":5,"column":99}},"8":{"start":{"line":5,"column":35},"end":{"line":5,"column":97}},"9":{"start":{"line":5,"column":41},"end":{"line":5,"column":70}},"10":{"start":{"line":5,"column":85},"end":{"line":5,"column":95}},"11":{"start":{"line":6,"column":8},"end":{"line":6,"column":151}},"12":{"start":{"line":6,"column":32},"end":{"line":6,"column":149}},"13":{"start":{"line":6,"column":97},"end":{"line":6,"column":119}},"14":{"start":{"line":7,"column":8},"end":{"line":7,"column":72}},"15":{"start":{"line":10,"column":0},"end":{"line":10,"column":24}},"16":{"start":{"line":11,"column":0},"end":{"line":11,"column":36}},"17":{"start":{"line":12,"column":0},"end":{"line":40,"column":1}},"18":{"start":{"line":13,"column":4},"end":{"line":39,"column":6}},"19":{"start":{"line":14,"column":8},"end":{"line":14,"column":30}},"20":{"start":{"line":15,"column":8},"end":{"line":15,"column":51}},"21":{"start":{"line":16,"column":8},"end":{"line":16,"column":58}},"22":{"start":{"line":17,"column":8},"end":{"line":19,"column":9}},"23":{"start":{"line":18,"column":12},"end":{"line":18,"column":54}},"24":{"start":{"line":20,"column":8},"end":{"line":22,"column":10}},"25":{"start":{"line":23,"column":8},"end":{"line":33,"column":9}},"26":{"start":{"line":25,"column":16},"end":{"line":25,"column":61}},"27":{"start":{"line":26,"column":16},"end":{"line":26,"column":22}},"28":{"start":{"line":28,"column":16},"end":{"line":28,"column":66}},"29":{"start":{"line":29,"column":16},"end":{"line":29,"column":22}},"30":{"start":{"line":31,"column":16},"end":{"line":31,"column":70}},"31":{"start":{"line":32,"column":16},"end":{"line":32,"column":22}},"32":{"start":{"line":34,"column":8},"end":{"line":34,"column":49}},"33":{"start":{"line":35,"column":8},"end":{"line":35,"column":26}},"34":{"start":{"line":36,"column":8},"end":{"line":36,"column":55}},"35":{"start":{"line":37,"column":8},"end":{"line":37,"column":48}},"36":{"start":{"line":38,"column":8},"end":{"line":38,"column":19}},"37":{"start":{"line":41,"column":0},"end":{"line":41,"column":22}},"38":{"start":{"line":42,"column":0},"end":{"line":44,"column":1}},"39":{"start":{"line":43,"column":4},"end":{"line":43,"column":43}},"40":{"start":{"line":45,"column":0},"end":{"line":52,"column":1}},"41":{"start":{"line":46,"column":4},"end":{"line":51,"column":7}},"42":{"start":{"line":47,"column":8},"end":{"line":47,"column":59}},"43":{"start":{"line":48,"column":8},"end":{"line":48,"column":67}},"44":{"start":{"line":49,"column":8},"end":{"line":49,"column":69}},"45":{"start":{"line":50,"column":8},"end":{"line":50,"column":22}},"46":{"start":{"line":53,"column":0},"end":{"line":58,"column":1}},"47":{"start":{"line":54,"column":4},"end":{"line":57,"column":7}},"48":{"start":{"line":55,"column":8},"end":{"line":55,"column":61}},"49":{"start":{"line":56,"column":8},"end":{"line":56,"column":34}},"50":{"start":{"line":59,"column":0},"end":{"line":64,"column":1}},"51":{"start":{"line":60,"column":4},"end":{"line":63,"column":7}},"52":{"start":{"line":61,"column":8},"end":{"line":61,"column":70}},"53":{"start":{"line":62,"column":8},"end":{"line":62,"column":34}},"54":{"start":{"line":65,"column":0},"end":{"line":70,"column":1}},"55":{"start":{"line":66,"column":4},"end":{"line":69,"column":7}},"56":{"start":{"line":67,"column":8},"end":{"line":67,"column":70}},"57":{"start":{"line":68,"column":8},"end":{"line":68,"column":34}}},"branchMap":{"1":{"line":2,"type":"binary-expr","locations":[{"start":{"line":2,"column":17},"end":{"line":2,"column":21}},{"start":{"line":2,"column":25},"end":{"line":2,"column":39}},{"start":{"line":2,"column":44},"end":{"line":9,"column":1}}]},"2":{"line":3,"type":"binary-expr","locations":[{"start":{"line":3,"column":16},"end":{"line":3,"column":17}},{"start":{"line":3,"column":22},"end":{"line":3,"column":33}}]},"3":{"line":6,"type":"cond-expr","locations":[{"start":{"line":6,"column":46},"end":{"line":6,"column":67}},{"start":{"line":6,"column":70},"end":{"line":6,"column":148}}]},"4":{"line":17,"type":"if","locations":[{"start":{"line":17,"column":8},"end":{"line":17,"column":8}},{"start":{"line":17,"column":8},"end":{"line":17,"column":8}}]},"5":{"line":23,"type":"switch","locations":[{"start":{"line":24,"column":12},"end":{"line":26,"column":22}},{"start":{"line":27,"column":12},"end":{"line":29,"column":22}},{"start":{"line":30,"column":12},"end":{"line":32,"column":22}}]}}},"/Users/joey/GitHub/swarm-monitor/build/app/lib/services/oauth2/grants/index.js":{"path":"/Users/joey/GitHub/swarm-monitor/build/app/lib/services/oauth2/grants/index.js","s":{"1":1,"2":4,"3":4,"4":4,"5":1,"6":1,"7":1,"8":1},"b":{"1":[4,0]},"f":{"1":4},"fnMap":{"1":{"name":"__export","line":2,"loc":{"start":{"line":2,"column":0},"end":{"line":2,"column":21}}}},"statementMap":{"1":{"start":{"line":2,"column":0},"end":{"line":4,"column":1}},"2":{"start":{"line":3,"column":4},"end":{"line":3,"column":71}},"3":{"start":{"line":3,"column":21},"end":{"line":3,"column":71}},"4":{"start":{"line":3,"column":53},"end":{"line":3,"column":71}},"5":{"start":{"line":5,"column":0},"end":{"line":5,"column":32}},"6":{"start":{"line":6,"column":0},"end":{"line":6,"column":28}},"7":{"start":{"line":7,"column":0},"end":{"line":7,"column":42}},"8":{"start":{"line":8,"column":0},"end":{"line":8,"column":42}}},"branchMap":{"1":{"line":3,"type":"if","locations":[{"start":{"line":3,"column":21},"end":{"line":3,"column":21}},{"start":{"line":3,"column":21},"end":{"line":3,"column":21}}]}}},"/Users/joey/GitHub/swarm-monitor/build/app/lib/services/oauth2/grants/password.js":{"path":"/Users/joey/GitHub/swarm-monitor/build/app/lib/services/oauth2/grants/password.js","s":{"1":1,"2":1,"3":1,"4":2,"5":2,"6":0,"7":1,"8":0,"9":0,"10":0,"11":1,"12":3,"13":2,"14":1,"15":1,"16":1,"17":1,"18":1,"19":1,"20":1,"21":1,"22":1,"23":1,"24":1,"25":1,"26":1,"27":0,"28":1,"29":1,"30":0,"31":1,"32":1,"33":1,"34":1,"35":1},"b":{"1":[1,1,1],"2":[1,1],"3":[1,2],"4":[0,1],"5":[1,1],"6":[0,1]},"f":{"1":1,"2":1,"3":2,"4":0,"5":3,"6":2,"7":1,"8":1,"9":1},"fnMap":{"1":{"name":"(anonymous_1)","line":2,"loc":{"start":{"line":2,"column":44},"end":{"line":2,"column":89}}},"2":{"name":"(anonymous_2)","line":3,"loc":{"start":{"line":3,"column":36},"end":{"line":3,"column":63}}},"3":{"name":"fulfilled","line":4,"loc":{"start":{"line":4,"column":8},"end":{"line":4,"column":34}}},"4":{"name":"rejected","line":5,"loc":{"start":{"line":5,"column":8},"end":{"line":5,"column":33}}},"5":{"name":"step","line":6,"loc":{"start":{"line":6,"column":8},"end":{"line":6,"column":30}}},"6":{"name":"(anonymous_6)","line":6,"loc":{"start":{"line":6,"column":76},"end":{"line":6,"column":95}}},"7":{"name":"(anonymous_7)","line":13,"loc":{"start":{"line":13,"column":15},"end":{"line":13,"column":23}}},"8":{"name":"(anonymous_8)","line":17,"loc":{"start":{"line":17,"column":10},"end":{"line":17,"column":16}}},"9":{"name":"(anonymous_9)","line":18,"loc":{"start":{"line":18,"column":47},"end":{"line":18,"column":60}}}},"statementMap":{"1":{"start":{"line":2,"column":0},"end":{"line":9,"column":2}},"2":{"start":{"line":3,"column":4},"end":{"line":8,"column":7}},"3":{"start":{"line":4,"column":8},"end":{"line":4,"column":99}},"4":{"start":{"line":4,"column":36},"end":{"line":4,"column":97}},"5":{"start":{"line":4,"column":42},"end":{"line":4,"column":70}},"6":{"start":{"line":4,"column":85},"end":{"line":4,"column":95}},"7":{"start":{"line":5,"column":8},"end":{"line":5,"column":99}},"8":{"start":{"line":5,"column":35},"end":{"line":5,"column":97}},"9":{"start":{"line":5,"column":41},"end":{"line":5,"column":70}},"10":{"start":{"line":5,"column":85},"end":{"line":5,"column":95}},"11":{"start":{"line":6,"column":8},"end":{"line":6,"column":151}},"12":{"start":{"line":6,"column":32},"end":{"line":6,"column":149}},"13":{"start":{"line":6,"column":97},"end":{"line":6,"column":119}},"14":{"start":{"line":7,"column":8},"end":{"line":7,"column":72}},"15":{"start":{"line":10,"column":0},"end":{"line":10,"column":32}},"16":{"start":{"line":11,"column":0},"end":{"line":11,"column":33}},"17":{"start":{"line":14,"column":8},"end":{"line":14,"column":16}},"18":{"start":{"line":15,"column":8},"end":{"line":15,"column":27}},"19":{"start":{"line":18,"column":8},"end":{"line":36,"column":11}},"20":{"start":{"line":19,"column":12},"end":{"line":19,"column":61}},"21":{"start":{"line":20,"column":12},"end":{"line":20,"column":61}},"22":{"start":{"line":21,"column":12},"end":{"line":21,"column":46}},"23":{"start":{"line":22,"column":12},"end":{"line":22,"column":21}},"24":{"start":{"line":23,"column":12},"end":{"line":23,"column":22}},"25":{"start":{"line":24,"column":12},"end":{"line":24,"column":42}},"26":{"start":{"line":25,"column":12},"end":{"line":27,"column":13}},"27":{"start":{"line":26,"column":16},"end":{"line":26,"column":67}},"28":{"start":{"line":28,"column":12},"end":{"line":28,"column":64}},"29":{"start":{"line":29,"column":12},"end":{"line":31,"column":13}},"30":{"start":{"line":30,"column":16},"end":{"line":30,"column":68}},"31":{"start":{"line":32,"column":12},"end":{"line":32,"column":84}},"32":{"start":{"line":33,"column":12},"end":{"line":33,"column":48}},"33":{"start":{"line":34,"column":12},"end":{"line":34,"column":40}},"34":{"start":{"line":35,"column":12},"end":{"line":35,"column":24}},"35":{"start":{"line":39,"column":0},"end":{"line":39,"column":52}}},"branchMap":{"1":{"line":2,"type":"binary-expr","locations":[{"start":{"line":2,"column":17},"end":{"line":2,"column":21}},{"start":{"line":2,"column":25},"end":{"line":2,"column":39}},{"start":{"line":2,"column":44},"end":{"line":9,"column":1}}]},"2":{"line":3,"type":"binary-expr","locations":[{"start":{"line":3,"column":16},"end":{"line":3,"column":17}},{"start":{"line":3,"column":22},"end":{"line":3,"column":33}}]},"3":{"line":6,"type":"cond-expr","locations":[{"start":{"line":6,"column":46},"end":{"line":6,"column":67}},{"start":{"line":6,"column":70},"end":{"line":6,"column":148}}]},"4":{"line":25,"type":"if","locations":[{"start":{"line":25,"column":12},"end":{"line":25,"column":12}},{"start":{"line":25,"column":12},"end":{"line":25,"column":12}}]},"5":{"line":25,"type":"binary-expr","locations":[{"start":{"line":25,"column":16},"end":{"line":25,"column":25}},{"start":{"line":25,"column":29},"end":{"line":25,"column":38}}]},"6":{"line":29,"type":"if","locations":[{"start":{"line":29,"column":12},"end":{"line":29,"column":12}},{"start":{"line":29,"column":12},"end":{"line":29,"column":12}}]}}},"/Users/joey/GitHub/swarm-monitor/build/app/lib/services/oauth2/grants/base.js":{"path":"/Users/joey/GitHub/swarm-monitor/build/app/lib/services/oauth2/grants/base.js","s":{"1":1,"2":0,"3":1,"4":0,"5":0,"6":0,"7":1,"8":0,"9":0,"10":0,"11":1,"12":0,"13":0,"14":0,"15":1,"16":0,"17":1},"b":{"1":[1,1,1],"2":[0,0],"3":[0,0]},"f":{"1":0,"2":0,"3":0,"4":0,"5":0,"6":0,"7":1,"8":0,"9":0},"fnMap":{"1":{"name":"(anonymous_1)","line":2,"loc":{"start":{"line":2,"column":44},"end":{"line":2,"column":89}}},"2":{"name":"(anonymous_2)","line":3,"loc":{"start":{"line":3,"column":36},"end":{"line":3,"column":63}}},"3":{"name":"fulfilled","line":4,"loc":{"start":{"line":4,"column":8},"end":{"line":4,"column":34}}},"4":{"name":"rejected","line":5,"loc":{"start":{"line":5,"column":8},"end":{"line":5,"column":33}}},"5":{"name":"step","line":6,"loc":{"start":{"line":6,"column":8},"end":{"line":6,"column":30}}},"6":{"name":"(anonymous_6)","line":6,"loc":{"start":{"line":6,"column":76},"end":{"line":6,"column":95}}},"7":{"name":"(anonymous_7)","line":11,"loc":{"start":{"line":11,"column":13},"end":{"line":11,"column":19}}},"8":{"name":"(anonymous_8)","line":14,"loc":{"start":{"line":14,"column":10},"end":{"line":14,"column":16}}},"9":{"name":"(anonymous_9)","line":15,"loc":{"start":{"line":15,"column":47},"end":{"line":15,"column":60}}}},"statementMap":{"1":{"start":{"line":2,"column":0},"end":{"line":9,"column":2}},"2":{"start":{"line":3,"column":4},"end":{"line":8,"column":7}},"3":{"start":{"line":4,"column":8},"end":{"line":4,"column":99}},"4":{"start":{"line":4,"column":36},"end":{"line":4,"column":97}},"5":{"start":{"line":4,"column":42},"end":{"line":4,"column":70}},"6":{"start":{"line":4,"column":85},"end":{"line":4,"column":95}},"7":{"start":{"line":5,"column":8},"end":{"line":5,"column":99}},"8":{"start":{"line":5,"column":35},"end":{"line":5,"column":97}},"9":{"start":{"line":5,"column":41},"end":{"line":5,"column":70}},"10":{"start":{"line":5,"column":85},"end":{"line":5,"column":95}},"11":{"start":{"line":6,"column":8},"end":{"line":6,"column":151}},"12":{"start":{"line":6,"column":32},"end":{"line":6,"column":149}},"13":{"start":{"line":6,"column":97},"end":{"line":6,"column":119}},"14":{"start":{"line":7,"column":8},"end":{"line":7,"column":72}},"15":{"start":{"line":12,"column":8},"end":{"line":12,"column":44}},"16":{"start":{"line":15,"column":8},"end":{"line":15,"column":65}},"17":{"start":{"line":18,"column":0},"end":{"line":18,"column":44}}},"branchMap":{"1":{"line":2,"type":"binary-expr","locations":[{"start":{"line":2,"column":17},"end":{"line":2,"column":21}},{"start":{"line":2,"column":25},"end":{"line":2,"column":39}},{"start":{"line":2,"column":44},"end":{"line":9,"column":1}}]},"2":{"line":3,"type":"binary-expr","locations":[{"start":{"line":3,"column":16},"end":{"line":3,"column":17}},{"start":{"line":3,"column":22},"end":{"line":3,"column":33}}]},"3":{"line":6,"type":"cond-expr","locations":[{"start":{"line":6,"column":46},"end":{"line":6,"column":67}},{"start":{"line":6,"column":70},"end":{"line":6,"column":148}}]}}},"/Users/joey/GitHub/swarm-monitor/build/app/lib/services/oauth2/grants/authorization-code.js":{"path":"/Users/joey/GitHub/swarm-monitor/build/app/lib/services/oauth2/grants/authorization-code.js","s":{"1":1,"2":0,"3":1,"4":0,"5":0,"6":0,"7":1,"8":0,"9":0,"10":0,"11":1,"12":0,"13":0,"14":0,"15":1,"16":1,"17":0,"18":0,"19":0,"20":0,"21":0,"22":0,"23":0,"24":0,"25":0,"26":0,"27":0,"28":0,"29":0,"30":0,"31":0,"32":0,"33":0,"34":0,"35":0,"36":0,"37":0,"38":0,"39":0,"40":0,"41":1},"b":{"1":[1,1,1],"2":[0,0],"3":[0,0],"4":[0,0],"5":[0,0],"6":[0,0],"7":[0,0]},"f":{"1":0,"2":0,"3":0,"4":0,"5":0,"6":0,"7":0,"8":0,"9":0,"10":0},"fnMap":{"1":{"name":"(anonymous_1)","line":2,"loc":{"start":{"line":2,"column":44},"end":{"line":2,"column":89}}},"2":{"name":"(anonymous_2)","line":3,"loc":{"start":{"line":3,"column":36},"end":{"line":3,"column":63}}},"3":{"name":"fulfilled","line":4,"loc":{"start":{"line":4,"column":8},"end":{"line":4,"column":34}}},"4":{"name":"rejected","line":5,"loc":{"start":{"line":5,"column":8},"end":{"line":5,"column":33}}},"5":{"name":"step","line":6,"loc":{"start":{"line":6,"column":8},"end":{"line":6,"column":30}}},"6":{"name":"(anonymous_6)","line":6,"loc":{"start":{"line":6,"column":76},"end":{"line":6,"column":95}}},"7":{"name":"(anonymous_7)","line":13,"loc":{"start":{"line":13,"column":15},"end":{"line":13,"column":23}}},"8":{"name":"(anonymous_8)","line":17,"loc":{"start":{"line":17,"column":23},"end":{"line":17,"column":35}}},"9":{"name":"(anonymous_9)","line":24,"loc":{"start":{"line":24,"column":10},"end":{"line":24,"column":16}}},"10":{"name":"(anonymous_10)","line":25,"loc":{"start":{"line":25,"column":47},"end":{"line":25,"column":60}}}},"statementMap":{"1":{"start":{"line":2,"column":0},"end":{"line":9,"column":2}},"2":{"start":{"line":3,"column":4},"end":{"line":8,"column":7}},"3":{"start":{"line":4,"column":8},"end":{"line":4,"column":99}},"4":{"start":{"line":4,"column":36},"end":{"line":4,"column":97}},"5":{"start":{"line":4,"column":42},"end":{"line":4,"column":70}},"6":{"start":{"line":4,"column":85},"end":{"line":4,"column":95}},"7":{"start":{"line":5,"column":8},"end":{"line":5,"column":99}},"8":{"start":{"line":5,"column":35},"end":{"line":5,"column":97}},"9":{"start":{"line":5,"column":41},"end":{"line":5,"column":70}},"10":{"start":{"line":5,"column":85},"end":{"line":5,"column":95}},"11":{"start":{"line":6,"column":8},"end":{"line":6,"column":151}},"12":{"start":{"line":6,"column":32},"end":{"line":6,"column":149}},"13":{"start":{"line":6,"column":97},"end":{"line":6,"column":119}},"14":{"start":{"line":7,"column":8},"end":{"line":7,"column":72}},"15":{"start":{"line":10,"column":0},"end":{"line":10,"column":24}},"16":{"start":{"line":11,"column":0},"end":{"line":11,"column":32}},"17":{"start":{"line":14,"column":8},"end":{"line":14,"column":16}},"18":{"start":{"line":15,"column":8},"end":{"line":15,"column":27}},"19":{"start":{"line":18,"column":8},"end":{"line":20,"column":9}},"20":{"start":{"line":19,"column":12},"end":{"line":19,"column":24}},"21":{"start":{"line":21,"column":8},"end":{"line":21,"column":101}},"22":{"start":{"line":22,"column":8},"end":{"line":22,"column":50}},"23":{"start":{"line":25,"column":8},"end":{"line":45,"column":11}},"24":{"start":{"line":26,"column":12},"end":{"line":26,"column":53}},"25":{"start":{"line":27,"column":12},"end":{"line":27,"column":21}},"26":{"start":{"line":28,"column":12},"end":{"line":28,"column":34}},"27":{"start":{"line":29,"column":12},"end":{"line":29,"column":22}},"28":{"start":{"line":30,"column":12},"end":{"line":32,"column":13}},"29":{"start":{"line":31,"column":16},"end":{"line":31,"column":67}},"30":{"start":{"line":33,"column":12},"end":{"line":33,"column":63}},"31":{"start":{"line":34,"column":12},"end":{"line":34,"column":68}},"32":{"start":{"line":35,"column":12},"end":{"line":37,"column":13}},"33":{"start":{"line":36,"column":16},"end":{"line":36,"column":67}},"34":{"start":{"line":38,"column":12},"end":{"line":38,"column":59}},"35":{"start":{"line":39,"column":12},"end":{"line":39,"column":118}},"36":{"start":{"line":40,"column":12},"end":{"line":40,"column":45}},"37":{"start":{"line":41,"column":12},"end":{"line":41,"column":47}},"38":{"start":{"line":42,"column":12},"end":{"line":42,"column":40}},"39":{"start":{"line":43,"column":12},"end":{"line":43,"column":42}},"40":{"start":{"line":44,"column":12},"end":{"line":44,"column":24}},"41":{"start":{"line":48,"column":0},"end":{"line":48,"column":70}}},"branchMap":{"1":{"line":2,"type":"binary-expr","locations":[{"start":{"line":2,"column":17},"end":{"line":2,"column":21}},{"start":{"line":2,"column":25},"end":{"line":2,"column":39}},{"start":{"line":2,"column":44},"end":{"line":9,"column":1}}]},"2":{"line":3,"type":"binary-expr","locations":[{"start":{"line":3,"column":16},"end":{"line":3,"column":17}},{"start":{"line":3,"column":22},"end":{"line":3,"column":33}}]},"3":{"line":6,"type":"cond-expr","locations":[{"start":{"line":6,"column":46},"end":{"line":6,"column":67}},{"start":{"line":6,"column":70},"end":{"line":6,"column":148}}]},"4":{"line":18,"type":"if","locations":[{"start":{"line":18,"column":8},"end":{"line":18,"column":8}},{"start":{"line":18,"column":8},"end":{"line":18,"column":8}}]},"5":{"line":21,"type":"binary-expr","locations":[{"start":{"line":21,"column":28},"end":{"line":21,"column":63}},{"start":{"line":21,"column":67},"end":{"line":21,"column":100}}]},"6":{"line":30,"type":"if","locations":[{"start":{"line":30,"column":12},"end":{"line":30,"column":12}},{"start":{"line":30,"column":12},"end":{"line":30,"column":12}}]},"7":{"line":35,"type":"if","locations":[{"start":{"line":35,"column":12},"end":{"line":35,"column":12}},{"start":{"line":35,"column":12},"end":{"line":35,"column":12}}]}}},"/Users/joey/GitHub/swarm-monitor/build/app/lib/services/oauth2/grants/client-credentials.js":{"path":"/Users/joey/GitHub/swarm-monitor/build/app/lib/services/oauth2/grants/client-credentials.js","s":{"1":1,"2":0,"3":1,"4":0,"5":0,"6":0,"7":1,"8":0,"9":0,"10":0,"11":1,"12":0,"13":0,"14":0,"15":1,"16":0,"17":0,"18":0,"19":0,"20":0,"21":0,"22":0,"23":0,"24":0,"25":0,"26":1},"b":{"1":[1,1,1],"2":[0,0],"3":[0,0]},"f":{"1":0,"2":0,"3":0,"4":0,"5":0,"6":0,"7":0,"8":0,"9":0},"fnMap":{"1":{"name":"(anonymous_1)","line":2,"loc":{"start":{"line":2,"column":44},"end":{"line":2,"column":89}}},"2":{"name":"(anonymous_2)","line":3,"loc":{"start":{"line":3,"column":36},"end":{"line":3,"column":63}}},"3":{"name":"fulfilled","line":4,"loc":{"start":{"line":4,"column":8},"end":{"line":4,"column":34}}},"4":{"name":"rejected","line":5,"loc":{"start":{"line":5,"column":8},"end":{"line":5,"column":33}}},"5":{"name":"step","line":6,"loc":{"start":{"line":6,"column":8},"end":{"line":6,"column":30}}},"6":{"name":"(anonymous_6)","line":6,"loc":{"start":{"line":6,"column":76},"end":{"line":6,"column":95}}},"7":{"name":"(anonymous_7)","line":12,"loc":{"start":{"line":12,"column":15},"end":{"line":12,"column":23}}},"8":{"name":"(anonymous_8)","line":16,"loc":{"start":{"line":16,"column":10},"end":{"line":16,"column":16}}},"9":{"name":"(anonymous_9)","line":17,"loc":{"start":{"line":17,"column":47},"end":{"line":17,"column":60}}}},"statementMap":{"1":{"start":{"line":2,"column":0},"end":{"line":9,"column":2}},"2":{"start":{"line":3,"column":4},"end":{"line":8,"column":7}},"3":{"start":{"line":4,"column":8},"end":{"line":4,"column":99}},"4":{"start":{"line":4,"column":36},"end":{"line":4,"column":97}},"5":{"start":{"line":4,"column":42},"end":{"line":4,"column":70}},"6":{"start":{"line":4,"column":85},"end":{"line":4,"column":95}},"7":{"start":{"line":5,"column":8},"end":{"line":5,"column":99}},"8":{"start":{"line":5,"column":35},"end":{"line":5,"column":97}},"9":{"start":{"line":5,"column":41},"end":{"line":5,"column":70}},"10":{"start":{"line":5,"column":85},"end":{"line":5,"column":95}},"11":{"start":{"line":6,"column":8},"end":{"line":6,"column":151}},"12":{"start":{"line":6,"column":32},"end":{"line":6,"column":149}},"13":{"start":{"line":6,"column":97},"end":{"line":6,"column":119}},"14":{"start":{"line":7,"column":8},"end":{"line":7,"column":72}},"15":{"start":{"line":10,"column":0},"end":{"line":10,"column":24}},"16":{"start":{"line":13,"column":8},"end":{"line":13,"column":16}},"17":{"start":{"line":14,"column":8},"end":{"line":14,"column":27}},"18":{"start":{"line":17,"column":8},"end":{"line":25,"column":11}},"19":{"start":{"line":18,"column":12},"end":{"line":18,"column":46}},"20":{"start":{"line":19,"column":12},"end":{"line":19,"column":118}},"21":{"start":{"line":20,"column":12},"end":{"line":20,"column":90}},"22":{"start":{"line":21,"column":12},"end":{"line":21,"column":40}},"23":{"start":{"line":22,"column":12},"end":{"line":22,"column":42}},"24":{"start":{"line":23,"column":12},"end":{"line":23,"column":42}},"25":{"start":{"line":24,"column":12},"end":{"line":24,"column":19}},"26":{"start":{"line":28,"column":0},"end":{"line":28,"column":70}}},"branchMap":{"1":{"line":2,"type":"binary-expr","locations":[{"start":{"line":2,"column":17},"end":{"line":2,"column":21}},{"start":{"line":2,"column":25},"end":{"line":2,"column":39}},{"start":{"line":2,"column":44},"end":{"line":9,"column":1}}]},"2":{"line":3,"type":"binary-expr","locations":[{"start":{"line":3,"column":16},"end":{"line":3,"column":17}},{"start":{"line":3,"column":22},"end":{"line":3,"column":33}}]},"3":{"line":6,"type":"cond-expr","locations":[{"start":{"line":6,"column":46},"end":{"line":6,"column":67}},{"start":{"line":6,"column":70},"end":{"line":6,"column":148}}]}}},"/Users/joey/GitHub/swarm-monitor/build/app/lib/services/oauth2/lib/authenticate.js":{"path":"/Users/joey/GitHub/swarm-monitor/build/app/lib/services/oauth2/lib/authenticate.js","s":{"1":1,"2":1,"3":1,"4":0,"5":0,"6":0,"7":0,"8":0,"9":0,"10":0,"11":0,"12":0,"13":0,"14":0,"15":0,"16":0,"17":0,"18":0,"19":0,"20":0,"21":0,"22":0,"23":1,"24":1,"25":0,"26":0,"27":0,"28":0,"29":0,"30":0,"31":0,"32":0,"33":1,"34":0},"b":{"1":[0,0],"2":[0,0],"3":[0,0],"4":[0,0],"5":[0,0],"6":[0,0],"7":[0,0]},"f":{"1":0,"2":0,"3":0,"4":0},"fnMap":{"1":{"name":"authenticate","line":4,"loc":{"start":{"line":4,"column":0},"end":{"line":4,"column":36}}},"2":{"name":"(anonymous_2)","line":5,"loc":{"start":{"line":5,"column":11},"end":{"line":5,"column":28}}},"3":{"name":"_getTokenFromRequest","line":31,"loc":{"start":{"line":31,"column":0},"end":{"line":31,"column":32}}},"4":{"name":"_validateAccessToken","line":44,"loc":{"start":{"line":44,"column":0},"end":{"line":44,"column":37}}}},"statementMap":{"1":{"start":{"line":2,"column":0},"end":{"line":2,"column":31}},"2":{"start":{"line":3,"column":0},"end":{"line":3,"column":33}},"3":{"start":{"line":4,"column":0},"end":{"line":29,"column":1}},"4":{"start":{"line":5,"column":4},"end":{"line":28,"column":6}},"5":{"start":{"line":6,"column":8},"end":{"line":6,"column":60}},"6":{"start":{"line":7,"column":8},"end":{"line":7,"column":18}},"7":{"start":{"line":8,"column":8},"end":{"line":8,"column":25}},"8":{"start":{"line":9,"column":8},"end":{"line":9,"column":25}},"9":{"start":{"line":10,"column":8},"end":{"line":12,"column":9}},"10":{"start":{"line":11,"column":12},"end":{"line":11,"column":62}},"11":{"start":{"line":13,"column":8},"end":{"line":13,"column":56}},"12":{"start":{"line":14,"column":8},"end":{"line":16,"column":9}},"13":{"start":{"line":15,"column":12},"end":{"line":15,"column":62}},"14":{"start":{"line":17,"column":8},"end":{"line":17,"column":51}},"15":{"start":{"line":18,"column":8},"end":{"line":20,"column":9}},"16":{"start":{"line":19,"column":12},"end":{"line":19,"column":62}},"17":{"start":{"line":21,"column":8},"end":{"line":21,"column":63}},"18":{"start":{"line":22,"column":8},"end":{"line":24,"column":9}},"19":{"start":{"line":23,"column":12},"end":{"line":23,"column":62}},"20":{"start":{"line":25,"column":8},"end":{"line":25,"column":51}},"21":{"start":{"line":26,"column":8},"end":{"line":26,"column":48}},"22":{"start":{"line":27,"column":8},"end":{"line":27,"column":19}},"23":{"start":{"line":30,"column":0},"end":{"line":30,"column":36}},"24":{"start":{"line":31,"column":0},"end":{"line":43,"column":1}},"25":{"start":{"line":32,"column":4},"end":{"line":32,"column":14}},"26":{"start":{"line":33,"column":4},"end":{"line":41,"column":5}},"27":{"start":{"line":34,"column":8},"end":{"line":34,"column":53}},"28":{"start":{"line":36,"column":9},"end":{"line":41,"column":5}},"29":{"start":{"line":37,"column":8},"end":{"line":37,"column":50}},"30":{"start":{"line":39,"column":9},"end":{"line":41,"column":5}},"31":{"start":{"line":40,"column":8},"end":{"line":40,"column":51}},"32":{"start":{"line":42,"column":4},"end":{"line":42,"column":17}},"33":{"start":{"line":44,"column":0},"end":{"line":46,"column":1}},"34":{"start":{"line":45,"column":4},"end":{"line":45,"column":66}}},"branchMap":{"1":{"line":10,"type":"if","locations":[{"start":{"line":10,"column":8},"end":{"line":10,"column":8}},{"start":{"line":10,"column":8},"end":{"l
[...]
ine":6,"column":76},"end":{"line":6,"column":95}}},"7":{"name":"(anonymous_7)","line":14,"loc":{"start":{"line":14,"column":15},"end":{"line":14,"column":18}}},"8":{"name":"(anonymous_8)","line":18,"loc":{"start":{"line":18,"column":8},"end":{"line":18,"column":14}}},"9":{"name":"(anonymous_9)","line":19,"loc":{"start":{"line":19,"column":47},"end":{"line":19,"column":60}}}},"statementMap":{"1":{"start":{"line":2,"column":0},"end":{"line":9,"column":2}},"2":{"start":{"line":3,"column":4},"end":{"line":8,"column":7}},"3":{"start":{"line":4,"column":8},"end":{"line":4,"column":99}},"4":{"start":{"line":4,"column":36},"end":{"line":4,"column":97}},"5":{"start":{"line":4,"column":42},"end":{"line":4,"column":70}},"6":{"start":{"line":4,"column":85},"end":{"line":4,"column":95}},"7":{"start":{"line":5,"column":8},"end":{"line":5,"column":99}},"8":{"start":{"line":5,"column":35},"end":{"line":5,"column":97}},"9":{"start":{"line":5,"column":41},"end":{"line":5,"column":70}},"10":{"start":{"line":5,"column":85},"end":{"line":5,"column":95}},"11":{"start":{"line":6,"column":8},"end":{"line":6,"column":151}},"12":{"start":{"line":6,"column":32},"end":{"line":6,"column":149}},"13":{"start":{"line":6,"column":97},"end":{"line":6,"column":119}},"14":{"start":{"line":7,"column":8},"end":{"line":7,"column":72}},"15":{"start":{"line":10,"column":0},"end":{"line":10,"column":37}},"16":{"start":{"line":11,"column":0},"end":{"line":11,"column":35}},"17":{"start":{"line":12,"column":0},"end":{"line":12,"column":36}},"18":{"start":{"line":15,"column":8},"end":{"line":15,"column":28}},"19":{"start":{"line":16,"column":8},"end":{"line":16,"column":29}},"20":{"start":{"line":19,"column":8},"end":{"line":24,"column":11}},"21":{"start":{"line":20,"column":12},"end":{"line":23,"column":15}},"22":{"start":{"line":21,"column":16},"end":{"line":21,"column":43}},"23":{"start":{"line":22,"column":16},"end":{"line":22,"column":41}},"24":{"start":{"line":27,"column":0},"end":{"line":27,"column":34}},"25":{"start":{"line":28,"column":0},"end":{"line":28,"column":62}},"26":{"start":{"line":29,"column":0},"end":{"line":29,"column":30}}},"branchMap":{"1":{"line":2,"type":"binary-expr","locations":[{"start":{"line":2,"column":17},"end":{"line":2,"column":21}},{"start":{"line":2,"column":25},"end":{"line":2,"column":39}},{"start":{"line":2,"column":44},"end":{"line":9,"column":1}}]},"2":{"line":3,"type":"binary-expr","locations":[{"start":{"line":3,"column":16},"end":{"line":3,"column":17}},{"start":{"line":3,"column":22},"end":{"line":3,"column":33}}]},"3":{"line":6,"type":"cond-expr","locations":[{"start":{"line":6,"column":46},"end":{"line":6,"column":67}},{"start":{"line":6,"column":70},"end":{"line":6,"column":148}}]}}},"/Users/joey/GitHub/swarm-monitor/build/app/lib/loader.js":{"path":"/Users/joey/GitHub/swarm-monitor/build/app/lib/loader.js","s":{"1":1,"2":0,"3":1,"4":0,"5":0,"6":0,"7":1,"8":0,"9":0,"10":0,"11":1,"12":0,"13":0,"14":0,"15":1,"16":1,"17":1,"18":9,"19":0,"20":0,"21":0,"22":0,"23":0,"24":0,"25":0,"26":0,"27":0,"28":1,"29":0,"30":0,"31":0,"32":0,"33":0,"34":0,"35":0,"36":0,"37":0,"38":0,"39":0,"40":1,"41":1,"42":1},"b":{"1":[1,1,1],"2":[0,0],"3":[0,0]},"f":{"1":0,"2":0,"3":0,"4":0,"5":0,"6":0,"7":9,"8":0,"9":0,"10":0,"11":0,"12":0,"13":0,"14":0,"15":0},"fnMap":{"1":{"name":"(anonymous_1)","line":2,"loc":{"start":{"line":2,"column":44},"end":{"line":2,"column":89}}},"2":{"name":"(anonymous_2)","line":3,"loc":{"start":{"line":3,"column":36},"end":{"line":3,"column":63}}},"3":{"name":"fulfilled","line":4,"loc":{"start":{"line":4,"column":8},"end":{"line":4,"column":34}}},"4":{"name":"rejected","line":5,"loc":{"start":{"line":5,"column":8},"end":{"line":5,"column":33}}},"5":{"name":"step","line":6,"loc":{"start":{"line":6,"column":8},"end":{"line":6,"column":30}}},"6":{"name":"(anonymous_6)","line":6,"loc":{"start":{"line":6,"column":76},"end":{"line":6,"column":95}}},"7":{"name":"(anonymous_7)","line":14,"loc":{"start":{"line":14,"column":15},"end":{"line":14,"column":18}}},"8":{"name":"(anonymous_8)","line":17,"loc":{"start":{"line":17,"column":8},"end":{"line":17,"column":14}}},"9":{"name":"(anonymous_9)","line":18,"loc":{"start":{"line":18,"column":47},"end":{"line":18,"column":60}}},"10":{"name":"(anonymous_10)","line":28,"loc":{"start":{"line":28,"column":15},"end":{"line":28,"column":22}}},"11":{"name":"(anonymous_11)","line":31,"loc":{"start":{"line":31,"column":8},"end":{"line":31,"column":11}}},"12":{"name":"(anonymous_12)","line":32,"loc":{"start":{"line":32,"column":47},"end":{"line":32,"column":60}}},"13":{"name":"getFullFilePath","line":33,"loc":{"start":{"line":33,"column":12},"end":{"line":33,"column":47}}},"14":{"name":"(anonymous_14)","line":46,"loc":{"start":{"line":46,"column":10},"end":{"line":46,"column":28}}},"15":{"name":"(anonymous_15)","line":47,"loc":{"start":{"line":47,"column":47},"end":{"line":47,"column":60}}}},"statementMap":{"1":{"start":{"line":2,"column":0},"end":{"line":9,"column":2}},"2":{"start":{"line":3,"column":4},"end":{"line":8,"column":7}},"3":{"start":{"line":4,"column":8},"end":{"line":4,"column":99}},"4":{"start":{"line":4,"column":36},"end":{"line":4,"column":97}},"5":{"start":{"line":4,"column":42},"end":{"line":4,"column":70}},"6":{"start":{"line":4,"column":85},"end":{"line":4,"column":95}},"7":{"start":{"line":5,"column":8},"end":{"line":5,"column":99}},"8":{"start":{"line":5,"column":35},"end":{"line":5,"column":97}},"9":{"start":{"line":5,"column":41},"end":{"line":5,"column":70}},"10":{"start":{"line":5,"column":85},"end":{"line":5,"column":95}},"11":{"start":{"line":6,"column":8},"end":{"line":6,"column":151}},"12":{"start":{"line":6,"column":32},"end":{"line":6,"column":149}},"13":{"start":{"line":6,"column":97},"end":{"line":6,"column":119}},"14":{"start":{"line":7,"column":8},"end":{"line":7,"column":72}},"15":{"start":{"line":10,"column":0},"end":{"line":10,"column":31}},"16":{"start":{"line":11,"column":0},"end":{"line":11,"column":31}},"17":{"start":{"line":12,"column":0},"end":{"line":12,"column":39}},"18":{"start":{"line":15,"column":8},"end":{"line":15,"column":29}},"19":{"start":{"line":18,"column":8},"end":{"line":26,"column":11}},"20":{"start":{"line":19,"column":12},"end":{"line":19,"column":39}},"21":{"start":{"line":20,"column":12},"end":{"line":20,"column":44}},"22":{"start":{"line":21,"column":12},"end":{"line":21,"column":29}},"23":{"start":{"line":22,"column":12},"end":{"line":24,"column":13}},"24":{"start":{"line":23,"column":16},"end":{"line":23,"column":57}},"25":{"start":{"line":25,"column":12},"end":{"line":25,"column":25}},"26":{"start":{"line":29,"column":8},"end":{"line":29,"column":53}},"27":{"start":{"line":32,"column":8},"end":{"line":44,"column":11}},"28":{"start":{"line":33,"column":12},"end":{"line":35,"column":13}},"29":{"start":{"line":34,"column":16},"end":{"line":34,"column":54}},"30":{"start":{"line":36,"column":12},"end":{"line":36,"column":65}},"31":{"start":{"line":37,"column":12},"end":{"line":37,"column":65}},"32":{"start":{"line":38,"column":12},"end":{"line":38,"column":61}},"33":{"start":{"line":39,"column":12},"end":{"line":39,"column":60}},"34":{"start":{"line":40,"column":12},"end":{"line":40,"column":22}},"35":{"start":{"line":41,"column":12},"end":{"line":41,"column":37}},"36":{"start":{"line":42,"column":12},"end":{"line":42,"column":86}},"37":{"start":{"line":43,"column":12},"end":{"line":43,"column":25}},"38":{"start":{"line":47,"column":8},"end":{"line":49,"column":11}},"39":{"start":{"line":48,"column":12},"end":{"line":48,"column":30}},"40":{"start":{"line":52,"column":0},"end":{"line":52,"column":36}},"41":{"start":{"line":53,"column":0},"end":{"line":53,"column":62}},"42":{"start":{"line":54,"column":0},"end":{"line":54,"column":31}}},"branchMap":{"1":{"line":2,"type":"binary-expr","locations":[{"start":{"line":2,"column":17},"end":{"line":2,"column":21}},{"start":{"line":2,"column":25},"end":{"line":2,"column":39}},{"start":{"line":2,"column":44},"end":{"line":9,"column":1}}]},"2":{"line":3,"type":"binary-expr","locations":[{"start":{"line":3,"column":16},"end":{"line":3,"column":17}},{"start":{"line":3,"column":22},"end":{"line":3,"column":33}}]},"3":{"line":6,"type":"cond-expr","locations":[{"start":{"line":6,"column":46},"end":{"line":6,"column":67}},{"start":{"line":6,"column":70},"end":{"line":6,"column":148}}]}}},"/Users/joey/GitHub/swarm-monitor/build/app/routes/index.js":{"path":"/Users/joey/GitHub/swarm-monitor/build/app/routes/index.js","s":{"1":1,"2":1,"3":1,"4":1},"b":{},"f":{},"fnMap":{},"statementMap":{"1":{"start":{"line":2,"column":0},"end":{"line":2,"column":33}},"2":{"start":{"line":3,"column":0},"end":{"line":3,"column":40}},"3":{"start":{"line":4,"column":0},"end":{"line":4,"column":33}},"4":{"start":{"line":5,"column":0},"end":{"line":5,"column":52}}},"branchMap":{}},"/Users/joey/GitHub/swarm-monitor/build/app/routes/users.js":{"path":"/Users/joey/GitHub/swarm-monitor/build/app/routes/users.js","s":{"1":1,"2":1,"3":54,"4":63,"5":1,"6":1,"7":1},"b":{},"f":{"1":54,"2":63},"fnMap":{"1":{"name":"(anonymous_1)","line":5,"loc":{"start":{"line":5,"column":9},"end":{"line":5,"column":12}}},"2":{"name":"(anonymous_2)","line":8,"loc":{"start":{"line":8,"column":8},"end":{"line":8,"column":11}}}},"statementMap":{"1":{"start":{"line":2,"column":0},"end":{"line":2,"column":48}},"2":{"start":{"line":3,"column":0},"end":{"line":3,"column":38}},"3":{"start":{"line":6,"column":8},"end":{"line":6,"column":29}},"4":{"start":{"line":9,"column":8},"end":{"line":9,"column":23}},"5":{"start":{"line":12,"column":0},"end":{"line":12,"column":32}},"6":{"start":{"line":13,"column":0},"end":{"line":13,"column":62}},"7":{"start":{"line":14,"column":0},"end":{"line":14,"column":29}}},"branchMap":{}},"/Users/joey/GitHub/swarm-monitor/build/app/routers/jsonapi.js":{"path":"/Users/joey/GitHub/swarm-monitor/build/app/routers/jsonapi.js","s":{"1":1,"2":1,"3":1,"4":1,"5":0,"6":9,"7":63,"8":0,"9":0,"10":0,"11":9,"12":54,"13":54,"14":54,"15":54,"16":9,"17":9,"18":9,"19":9,"20":0,"21":0,"22":0,"23":0,"24":0,"25":0,"26":9,"27":9,"28":9,"29":0,"30":0,"31":0,"32":0,"33":0,"34":0,"35":0,"36":0,"37":9,"38":9,"39":9,"40":9,"41":0,"42":0,"43":0,"44":0,"45":0,"46":0,"47":0,"48":0,"49":0,"50":0,"51":9,"52":9,"53":9,"54":9,"55":0,"56":0,"57":0,"58":0,"59":0,"60":0,"61":9,"62":9,"63":0,"64":0,"65":0,"66":9,"67":0,"68":0,"69":9,"70":0,"71":9,"72":9,"73":9,"74":9,"75":9,"76":9,"77":1,"78":1,"79":1},"b":{"1":[0,0],"2":[0,9]},"f":{"1":0,"2":9,"3":63,"4":0,"5":9,"6":54,"7":54,"8":54,"9":54,"10":9,"11":0,"12":9,"13":0,"14":9,"15":0,"16":9,"17":0,"18":9,"19":0,"20":9,"21":0,"22":9},"fnMap":{"1":{"name":"(anonymous_1)","line":7,"loc":{"start":{"line":7,"column":9},"end":{"line":7,"column":12}}},"2":{"name":"(anonymous_2)","line":10,"loc":{"start":{"line":10,"column":20},"end":{"line":10,"column":23}}},"3":{"name":"(anonymous_3)","line":13,"loc":{"start":{"line":13,"column":13},"end":{"line":13,"column":16}}},"4":{"name":"(anonymous_4)","line":16,"loc":{"start":{"line":16,"column":8},"end":{"line":16,"column":11}}},"5":{"name":"(anonymous_5)","line":21,"loc":{"start":{"line":21,"column":10},"end":{"line":21,"column":13}}},"6":{"name":"(anonymous_6)","line":24,"loc":{"start":{"line":24,"column":10},"end":{"line":24,"column":13}}},"7":{"name":"(anonymous_7)","line":27,"loc":{"start":{"line":27,"column":17},"end":{"line":27,"column":20}}},"8":{"name":"(anonymous_8)","line":30,"loc":{"start":{"line":30,"column":18},"end":{"line":30,"column":21}}},"9":{"name":"(anonymous_9)","line":38,"loc":{"start":{"line":38,"column":11},"end":{"line":38,"column":14}}},"10":{"name":"(anonymous_10)","line":41,"loc":{"start":{"line":41,"column":8},"end":{"line":41,"column":11}}},"11":{"name":"(anonymous_11)","line":45,"loc":{"start":{"line":45,"column":15},"end":{"line":45,"column":32}}},"12":{"name":"(anonymous_12)","line":55,"loc":{"start":{"line":55,"column":12},"end":{"line":55,"column":15}}},"13":{"name":"(anonymous_13)","line":58,"loc":{"start":{"line":58,"column":15},"end":{"line":58,"column":32}}},"14":{"name":"(anonymous_14)","line":73,"loc":{"start":{"line":73,"column":10},"end":{"line":73,"column":13}}},"15":{"name":"(anonymous_15)","line":77,"loc":{"start":{"line":77,"column":15},"end":{"line":77,"column":32}}},"16":{"name":"(anonymous_16)","line":96,"loc":{"start":{"line":96,"column":10},"end":{"line":96,"column":13}}},"17":{"name":"(anonymous_17)","line":100,"loc":{"start":{"line":100,"column":15},"end":{"line":100,"column":32}}},"18":{"name":"(anonymous_18)","line":112,"loc":{"start":{"line":112,"column":10},"end":{"line":112,"column":13}}},"19":{"name":"(anonymous_19)","line":114,"loc":{"start":{"line":114,"column":15},"end":{"line":114,"column":32}}},"20":{"name":"(anonymous_20)","line":120,"loc":{"start":{"line":120,"column":14},"end":{"line":120,"column":17}}},"21":{"name":"(anonymous_21)","line":121,"loc":{"start":{"line":121,"column":15},"end":{"line":121,"column":32}}},"22":{"name":"(anonymous_22)","line":126,"loc":{"start":{"line":126,"column":13},"end":{"line":126,"column":22}}}},"statementMap":{"1":{"start":{"line":2,"column":0},"end":{"line":2,"column":32}},"2":{"start":{"line":3,"column":0},"end":{"line":3,"column":49}},"3":{"start":{"line":4,"column":0},"end":{"line":4,"column":35}},"4":{"start":{"line":5,"column":0},"end":{"line":5,"column":44}},"5":{"start":{"line":8,"column":8},"end":{"line":8,"column":25}},"6":{"start":{"line":11,"column":8},"end":{"line":11,"column":27}},"7":{"start":{"line":14,"column":8},"end":{"line":14,"column":21}},"8":{"start":{"line":17,"column":8},"end":{"line":17,"column":31}},"9":{"start":{"line":18,"column":8},"end":{"line":18,"column":26}},"10":{"start":{"line":19,"column":8},"end":{"line":19,"column":32}},"11":{"start":{"line":22,"column":8},"end":{"line":22,"column":53}},"12":{"start":{"line":25,"column":8},"end":{"line":25,"column":21}},"13":{"start":{"line":28,"column":8},"end":{"line":28,"column":18}},"14":{"start":{"line":31,"column":8},"end":{"line":36,"column":10}},"15":{"start":{"line":39,"column":8},"end":{"line":39,"column":67}},"16":{"start":{"line":42,"column":8},"end":{"line":42,"column":35}},"17":{"start":{"line":43,"column":8},"end":{"line":43,"column":51}},"18":{"start":{"line":44,"column":8},"end":{"line":44,"column":57}},"19":{"start":{"line":45,"column":8},"end":{"line":53,"column":10}},"20":{"start":{"line":46,"column":12},"end":{"line":46,"column":104}},"21":{"start":{"line":47,"column":12},"end":{"line":47,"column":30}},"22":{"start":{"line":48,"column":12},"end":{"line":50,"column":13}},"23":{"start":{"line":49,"column":16},"end":{"line":49,"column":54}},"24":{"start":{"line":51,"column":12},"end":{"line":51,"column":23}},"25":{"start":{"line":52,"column":12},"end":{"line":52,"column":31}},"26":{"start":{"line":56,"column":8},"end":{"line":56,"column":35}},"27":{"start":{"line":57,"column":8},"end":{"line":57,"column":51}},"28":{"start":{"line":58,"column":8},"end":{"line":71,"column":10}},"29":{"start":{"line":59,"column":12},"end":{"line":59,"column":22}},"30":{"start":{"line":60,"column":12},"end":{"line":65,"column":13}},"31":{"start":{"line":61,"column":16},"end":{"line":61,"column":66}},"32":{"start":{"line":64,"column":16},"end":{"line":64,"column":78}},"33":{"start":{"line":66,"column":12},"end":{"line":68,"column":13}},"34":{"start":{"line":67,"column":16},"end":{"line":67,"column":32}},"35":{"start":{"line":69,"column":12},"end":{"line":69,"column":63}},"36":{"start":{"line":70,"column":12},"end":{"line":70,"column":31}},"37":{"start":{"line":74,"column":8},"end":{"line":74,"column":35}},"38":{"start":{"line":75,"column":8},"end":{"line":75,"column":55}},"39":{"start":{"line":76,"column":8},"end":{"line":76,"column":51}},"40":{"start":{"line":77,"column":8},"end":{"line":94,"column":10}},"41":{"start":{"line":78,"column":12},"end":{"line":78,"column":23}},"42":{"start":{"line":79,"column":12},"end":{"line":84,"column":13}},"43":{"start":{"line":80,"column":16},"end":{"line":80,"column":51}},"44":{"start":{"line":83,"column":16},"end":{"line":83,"column":66}},"45":{"start":{"line":85,"column":12},"end":{"line":85,"column":39}},"46":{"start":{"line":86,"column":12},"end":{"line":91,"column":13}},"47":{"start":{"line":87,"column":16},"end":{"line":87,"column":35}},"48":{"start":{"line":90,"column":16},"end":{"line":90,"column":77}},"49":{"start":{"line":92,"column":12},"end":{"line":92,"column":30}},"50":{"start":{"line":93,"column":12},"end":{"line":93,"column":50}},"51":{"start":{"line":97,"column":8},"end":{"line":97,"column":35}},"52":{"start":{"line":98,"column":8},"end":{"line":98,"column":55}},"53":{"start":{"line":99,"column":8},"end":{"line":99,"column":51}},"54":{"start":{"line":100,"column":8},"end":{"line":110,"column":10}},"55":{"start":{"line":101,"column":12},"end":{"line":101,"column":53}},"56":{"start":{"line":102,"column":12},"end":{"line":102,"column":68}},"57":{"start":{"line":103,"column":12},"end":{"line":103,"column":34}},"58":{"start":{"line":104,"column":12},"end":{"line":109,"column":13}},"59":{"start":{"line":105,"column":16},"end":{"line":105,"column":45}},"60":{"start":{"line":108,"column":16},"end":{"line":108,"column":32}},"61":{"start":{"line":113,"column":8},"end":{"line":113,"column":35}},"62":{"start":{"line":114,"column":8},"end":{"line":118,"column":10}},"63":{"start":{"line":115,"column":12},"end":{"line":115,"column":68}},"64":{"start":{"line":116,"column":12},"end":{"line":116,"column":33}},"65":{"start":{"line":117,"column":12},"end":{"line":117,"column":39}},"66":{"start":{"line":121,"column":8},"end":{"line":124,"column":10}},"67":{"start":{"line":122,"column":12},"end":{"line":122,"column":65}},"68":{"start":{"line":123,"column":12},"end":{"line":123,"column":23}},"69":{"start":{"line":127,"column":8},"end":{"line":129,"column":9}},"70":{"start":{"line":128,"column":12},"end":{"line":128,"column":93}},"71":{"start":{"line":130,"column":8},"end":{"line":130,"column":38}},"72":{"start":{"line":131,"column":8},"end":{"line":131,"column":37}},"73":{"start":{"line":132,"column":8},"end":{"line":132,"column":49}},"74":{"start":{"line":133,"column":8},"end":{"line":133,"column":49}},"75":{"start":{"line":134,"column":8},"end":{"line":134,"column":40}},"76":{"start":{"line":135,"column":8},"end":{"line":135,"column":47}},"77":{"start":{"line":138,"column":0},"end":{"line":138,"column":38}},"78":{"start":{"line":139,"column":0},"end":{"line":139,"column":62}},"79":{"start":{"line":140,"column":0},"end":{"line":140,"column":32}}},"branchMap":{"1":{"line":66,"type":"if","locations":[{"start":{"line":66,"column":12},"end":{"line":66,"column":12}},{"start":{"line":66,"column":12},"end":{"line":66,"column":12}}]},"2":{"line":127,"type":"if","locations":[{"start":{"line":127,"column":8},"end":{"line":127,"column":8}},{"start":{"line":127,"column":8},"end":{"line":127,"column":8}}]}}},"/Users/joey/GitHub/swarm-monitor/build/app/routes/hello.js":{"path":"/Users/joey/GitHub/swarm-monitor/build/app/routes/hello.js","s":{"1":1,"2":9,"3":1,"4":1,"5":1,"6":1},"b":{},"f":{"1":9,"2":1},"fnMap":{"1":{"name":"(anonymous_1)","line":4,"loc":{"start":{"line":4,"column":13},"end":{"line":4,"column":22}}},"2":{"name":"(anonymous_2)","line":5,"loc":{"start":{"line":5,"column":24},"end":{"line":5,"column":41}}}},"statementMap":{"1":{"start":{"line":2,"column":0},"end":{"line":2,"column":32}},"2":{"start":{"line":5,"column":8},"end":{"line":9,"column":11}},"3":{"start":{"line":6,"column":12},"end":{"line":6,"column":50}},"4":{"start":{"line":7,"column":12},"end":{"line":7,"column":98}},"5":{"start":{"line":8,"column":12},"end":{"line":8,"column":23}},"6":{"start":{"line":12,"column":0},"end":{"line":12,"column":44}}},"branchMap":{}},"/Users/joey/GitHub/swarm-monitor/build/app/config.js":{"path":"/Users/joey/GitHub/swarm-monitor/build/app/config.js","s":{"1":1},"b":{},"f":{},"fnMap":{},"statementMap":{"1":{"start":{"line":2,"column":0},"end":{"line":20,"column":2}}},"branchMap":{}}}