{"/Users/joey/Documents/projects/swarm-monitor/build/app/adapters/jsonapi.js":{"path":"/Users/joey/Documents/projects/swarm-monitor/build/app/adapters/jsonapi.js","s":{"1":1,"2":1,"3":70,"4":236,"5":236,"6":236,"7":236,"8":0,"9":236,"10":236,"11":236,"12":236,"13":236,"14":70,"15":4,"16":4,"17":2,"18":424,"19":2,"20":4,"21":70,"22":2,"23":2,"24":2,"25":1,"26":235,"27":1,"28":2,"29":70,"30":70,"31":70,"32":70,"33":426,"34":426,"35":426,"36":426,"37":426,"38":426,"39":426,"40":426,"41":426,"42":1704,"43":1704,"44":1704,"45":426,"46":1278,"47":852,"48":426,"49":426,"50":426,"51":426,"52":54625,"53":0,"54":426,"55":426,"56":426,"57":426,"58":1,"59":1,"60":1},"b":{"1":[0,236],"2":[2,2],"3":[1,1],"4":[70,0],"5":[0,426],"6":[426,0],"7":[426,1278],"8":[426,1278],"9":[852,426],"10":[426,0],"11":[426,0]},"f":{"1":70,"2":426,"3":426},"fnMap":{"1":{"name":"(anonymous_1)","line":7,"loc":{"start":{"line":7,"column":15},"end":{"line":7,"column":25}}},"2":{"name":"(anonymous_2)","line":51,"loc":{"start":{"line":51,"column":21},"end":{"line":51,"column":24}}},"3":{"name":"(anonymous_3)","line":54,"loc":{"start":{"line":54,"column":14},"end":{"line":54,"column":18}}}},"statementMap":{"1":{"start":{"line":2,"column":0},"end":{"line":2,"column":35}},"2":{"start":{"line":5,"column":0},"end":{"line":5,"column":35}},"3":{"start":{"line":8,"column":8},"end":{"line":20,"column":10}},"4":{"start":{"line":9,"column":12},"end":{"line":9,"column":29}},"5":{"start":{"line":10,"column":12},"end":{"line":10,"column":28}},"6":{"start":{"line":11,"column":12},"end":{"line":11,"column":37}},"7":{"start":{"line":12,"column":12},"end":{"line":14,"column":13}},"8":{"start":{"line":13,"column":16},"end":{"line":13,"column":98}},"9":{"start":{"line":15,"column":12},"end":{"line":15,"column":42}},"10":{"start":{"line":16,"column":12},"end":{"line":16,"column":53}},"11":{"start":{"line":17,"column":12},"end":{"line":17,"column":64}},"12":{"start":{"line":18,"column":12},"end":{"line":18,"column":58}},"13":{"start":{"line":19,"column":12},"end":{"line":19,"column":26}},"14":{"start":{"line":21,"column":8},"end":{"line":32,"column":10}},"15":{"start":{"line":22,"column":12},"end":{"line":22,"column":23}},"16":{"start":{"line":23,"column":12},"end":{"line":30,"column":13}},"17":{"start":{"line":24,"column":16},"end":{"line":26,"column":19}},"18":{"start":{"line":25,"column":20},"end":{"line":25,"column":46}},"19":{"start":{"line":29,"column":16},"end":{"line":29,"column":48}},"20":{"start":{"line":31,"column":12},"end":{"line":31,"column":36}},"21":{"start":{"line":33,"column":8},"end":{"line":45,"column":10}},"22":{"start":{"line":34,"column":12},"end":{"line":34,"column":23}},"23":{"start":{"line":35,"column":12},"end":{"line":35,"column":34}},"24":{"start":{"line":36,"column":12},"end":{"line":43,"column":13}},"25":{"start":{"line":37,"column":16},"end":{"line":39,"column":19}},"26":{"start":{"line":38,"column":20},"end":{"line":38,"column":48}},"27":{"start":{"line":42,"column":16},"end":{"line":42,"column":49}},"28":{"start":{"line":44,"column":12},"end":{"line":44,"column":26}},"29":{"start":{"line":46,"column":8},"end":{"line":46,"column":42}},"30":{"start":{"line":47,"column":8},"end":{"line":47,"column":46}},"31":{"start":{"line":48,"column":8},"end":{"line":48,"column":43}},"32":{"start":{"line":49,"column":8},"end":{"line":49,"column":33}},"33":{"start":{"line":52,"column":8},"end":{"line":52,"column":25}},"34":{"start":{"line":55,"column":8},"end":{"line":55,"column":35}},"35":{"start":{"line":56,"column":8},"end":{"line":56,"column":32}},"36":{"start":{"line":57,"column":8},"end":{"line":57,"column":71}},"37":{"start":{"line":58,"column":8},"end":{"line":58,"column":44}},"38":{"start":{"line":59,"column":8},"end":{"line":59,"column":55}},"39":{"start":{"line":60,"column":8},"end":{"line":60,"column":93}},"40":{"start":{"line":61,"column":8},"end":{"line":61,"column":60}},"41":{"start":{"line":62,"column":8},"end":{"line":87,"column":11}},"42":{"start":{"line":63,"column":12},"end":{"line":63,"column":68}},"43":{"start":{"line":64,"column":12},"end":{"line":64,"column":66}},"44":{"start":{"line":65,"column":12},"end":{"line":67,"column":13}},"45":{"start":{"line":66,"column":16},"end":{"line":66,"column":23}},"46":{"start":{"line":68,"column":12},"end":{"line":86,"column":13}},"47":{"start":{"line":69,"column":16},"end":{"line":69,"column":81}},"48":{"start":{"line":72,"column":16},"end":{"line":72,"column":39}},"49":{"start":{"line":73,"column":16},"end":{"line":76,"column":18}},"50":{"start":{"line":77,"column":16},"end":{"line":84,"column":17}},"51":{"start":{"line":78,"column":20},"end":{"line":80,"column":23}},"52":{"start":{"line":79,"column":24},"end":{"line":79,"column":56}},"53":{"start":{"line":83,"column":20},"end":{"line":83,"column":60}},"54":{"start":{"line":85,"column":16},"end":{"line":85,"column":138}},"55":{"start":{"line":88,"column":8},"end":{"line":90,"column":9}},"56":{"start":{"line":89,"column":12},"end":{"line":89,"column":35}},"57":{"start":{"line":91,"column":8},"end":{"line":91,"column":17}},"58":{"start":{"line":94,"column":0},"end":{"line":94,"column":40}},"59":{"start":{"line":95,"column":0},"end":{"line":95,"column":62}},"60":{"start":{"line":96,"column":0},"end":{"line":96,"column":33}}},"branchMap":{"1":{"line":12,"type":"if","locations":[{"start":{"line":12,"column":12},"end":{"line":12,"column":12}},{"start":{"line":12,"column":12},"end":{"line":12,"column":12}}]},"2":{"line":23,"type":"if","locations":[{"start":{"line":23,"column":12},"end":{"line":23,"column":12}},{"start":{"line":23,"column":12},"end":{"line":23,"column":12}}]},"3":{"line":36,"type":"if","locations":[{"start":{"line":36,"column":12},"end":{"line":36,"column":12}},{"start":{"line":36,"column":12},"end":{"line":36,"column":12}}]},"4":{"line":47,"type":"binary-expr","locations":[{"start":{"line":47,"column":22},"end":{"line":47,"column":36}},{"start":{"line":47,"column":40},"end":{"line":47,"column":45}}]},"5":{"line":57,"type":"cond-expr","locations":[{"start":{"line":57,"column":45},"end":{"line":57,"column":65}},{"start":{"line":57,"column":68},"end":{"line":57,"column":70}}]},"6":{"line":59,"type":"binary-expr","locations":[{"start":{"line":59,"column":30},"end":{"line":59,"column":48}},{"start":{"line":59,"column":52},"end":{"line":59,"column":54}}]},"7":{"line":64,"type":"cond-expr","locations":[{"start":{"line":64,"column":35},"end":{"line":64,"column":50}},{"start":{"line":64,"column":53},"end":{"line":64,"column":65}}]},"8":{"line":65,"type":"if","locations":[{"start":{"line":65,"column":12},"end":{"line":65,"column":12}},{"start":{"line":65,"column":12},"end":{"line":65,"column":12}}]},"9":{"line":68,"type":"if","locations":[{"start":{"line":68,"column":12},"end":{"line":68,"column":12}},{"start":{"line":68,"column":12},"end":{"line":68,"column":12}}]},"10":{"line":77,"type":"if","locations":[{"start":{"line":77,"column":16},"end":{"line":77,"column":16}},{"start":{"line":77,"column":16},"end":{"line":77,"column":16}}]},"11":{"line":88,"type":"if","locations":[{"start":{"line":88,"column":8},"end":{"line":88,"column":8}},{"start":{"line":88,"column":8},"end":{"line":88,"column":8}}]}}},"/Users/joey/Documents/projects/swarm-monitor/build/app/helpers/query.js":{"path":"/Users/joey/Documents/projects/swarm-monitor/build/app/helpers/query.js","s":{"1":1,"2":4,"3":1,"4":0,"5":0,"6":0,"7":1,"8":0,"9":0,"10":0,"11":1,"12":4,"13":0,"14":4,"15":1,"16":1,"17":4,"18":1,"19":1,"20":1,"21":1,"22":1,"23":1,"24":1,"25":1,"26":2,"27":2,"28":2,"29":2,"30":2,"31":2,"32":2,"33":2,"34":4,"35":4,"36":6,"37":6,"38":1,"39":1,"40":5,"41":2,"42":3,"43":2,"44":1,"45":1,"46":0,"47":4,"48":4,"49":4,"50":2,"51":2,"52":4,"53":1,"54":4,"55":1},"b":{"1":[1,1,1],"2":[4,4],"3":[4,0],"4":[1,0],"5":[2,0],"6":[2,0],"7":[1,5],"8":[2,3],"9":[2,1],"10":[1,0],"11":[4,0]},"f":{"1":4,"2":4,"3":0,"4":0,"5":4,"6":0,"7":4,"8":4,"9":1,"10":2},"fnMap":{"1":{"name":"(anonymous_1)","line":2,"loc":{"start":{"line":2,"column":44},"end":{"line":2,"column":89}}},"2":{"name":"(anonymous_2)","line":3,"loc":{"start":{"line":3,"column":36},"end":{"line":3,"column":63}}},"3":{"name":"fulfilled","line":4,"loc":{"start":{"line":4,"column":8},"end":{"line":4,"column":34}}},"4":{"name":"rejected","line":5,"loc":{"start":{"line":5,"column":8},"end":{"line":5,"column":33}}},"5":{"name":"step","line":6,"loc":{"start":{"line":6,"column":8},"end":{"line":6,"column":30}}},"6":{"name":"(anonymous_6)","line":6,"loc":{"start":{"line":6,"column":76},"end":{"line":6,"column":95}}},"7":{"name":"queryHelper","line":11,"loc":{"start":{"line":11,"column":0},"end":{"line":11,"column":35}}},"8":{"name":"(anonymous_8)","line":12,"loc":{"start":{"line":12,"column":43},"end":{"line":12,"column":56}}},"9":{"name":"_filter","line":13,"loc":{"start":{"line":13,"column":8},"end":{"line":13,"column":30}}},"10":{"name":"_sort","line":22,"loc":{"start":{"line":22,"column":8},"end":{"line":22,"column":30}}}},"statementMap":{"1":{"start":{"line":2,"column":0},"end":{"line":9,"column":2}},"2":{"start":{"line":3,"column":4},"end":{"line":8,"column":7}},"3":{"start":{"line":4,"column":8},"end":{"line":4,"column":99}},"4":{"start":{"line":4,"column":36},"end":{"line":4,"column":97}},"5":{"start":{"line":4,"column":42},"end":{"line":4,"column":70}},"6":{"start":{"line":4,"column":85},"end":{"line":4,"column":95}},"7":{"start":{"line":5,"column":8},"end":{"line":5,"column":99}},"8":{"start":{"line":5,"column":35},"end":{"line":5,"column":97}},"9":{"start":{"line":5,"column":41},"end":{"line":5,"column":70}},"10":{"start":{"line":5,"column":85},"end":{"line":5,"column":95}},"11":{"start":{"line":6,"column":8},"end":{"line":6,"column":151}},"12":{"start":{"line":6,"column":32},"end":{"line":6,"column":149}},"13":{"start":{"line":6,"column":97},"end":{"line":6,"column":119}},"14":{"start":{"line":7,"column":8},"end":{"line":7,"column":72}},"15":{"start":{"line":10,"column":0},"end":{"line":10,"column":35}},"16":{"start":{"line":11,"column":0},"end":{"line":72,"column":1}},"17":{"start":{"line":12,"column":4},"end":{"line":71,"column":7}},"18":{"start":{"line":13,"column":8},"end":{"line":21,"column":9}},"19":{"start":{"line":14,"column":12},"end":{"line":14,"column":64}},"20":{"start":{"line":15,"column":12},"end":{"line":15,"column":22}},"21":{"start":{"line":16,"column":12},"end":{"line":16,"column":40}},"22":{"start":{"line":17,"column":12},"end":{"line":19,"column":13}},"23":{"start":{"line":18,"column":16},"end":{"line":18,"column":35}},"24":{"start":{"line":20,"column":12},"end":{"line":20,"column":25}},"25":{"start":{"line":22,"column":8},"end":{"line":33,"column":9}},"26":{"start":{"line":23,"column":12},"end":{"line":23,"column":46}},"27":{"start":{"line":24,"column":12},"end":{"line":24,"column":31}},"28":{"start":{"line":25,"column":12},"end":{"line":31,"column":15}},"29":{"start":{"line":26,"column":16},"end":{"line":26,"column":59}},"30":{"start":{"line":27,"column":16},"end":{"line":29,"column":17}},"31":{"start":{"line":28,"column":20},"end":{"line":28,"column":40}},"32":{"start":{"line":30,"column":16},"end":{"line":30,"column":57}},"33":{"start":{"line":32,"column":12},"end":{"line":32,"column":27}},"34":{"start":{"line":34,"column":8},"end":{"line":40,"column":10}},"35":{"start":{"line":41,"column":8},"end":{"line":59,"column":11}},"36":{"start":{"line":42,"column":12},"end":{"line":42,"column":23}},"37":{"start":{"line":43,"column":12},"end":{"line":58,"column":13}},"38":{"start":{"line":44,"column":16},"end":{"line":44,"column":38}},"39":{"start":{"line":45,"column":16},"end":{"line":45,"column":41}},"40":{"start":{"line":47,"column":17},"end":{"line":58,"column":13}},"41":{"start":{"line":48,"column":16},"end":{"line":48,"column":46}},"42":{"start":{"line":50,"column":17},"end":{"line":58,"column":13}},"43":{"start":{"line":51,"column":16},"end":{"line":51,"column":40}},"44":{"start":{"line":53,"column":17},"end":{"line":58,"column":13}},"45":{"start":{"line":54,"column":16},"end":{"line":54,"column":39}},"46":{"start":{"line":57,"column":16},"end":{"line":57,"column":38}},"47":{"start":{"line":60,"column":8},"end":{"line":60,"column":69}},"48":{"start":{"line":61,"column":8},"end":{"line":66,"column":9}},"49":{"start":{"line":62,"column":12},"end":{"line":65,"column":15}},"50":{"start":{"line":63,"column":16},"end":{"line":63,"column":38}},"51":{"start":{"line":64,"column":16},"end":{"line":64,"column":36}},"52":{"start":{"line":67,"column":8},"end":{"line":69,"column":11}},"53":{"start":{"line":68,"column":12},"end":{"line":68,"column":35}},"54":{"start":{"line":70,"column":8},"end":{"line":70,"column":27}},"55":{"start":{"line":73,"column":0},"end":{"line":73,"column":34}}},"branchMap":{"1":{"line":2,"type":"binary-expr","locations":[{"start":{"line":2,"column":17},"end":{"line":2,"column":21}},{"start":{"line":2,"column":25},"end":{"line":2,"column":39}},{"start":{"line":2,"column":44},"end":{"line":9,"column":1}}]},"2":{"line":3,"type":"binary-expr","locations":[{"start":{"line":3,"column":16},"end":{"line":3,"column":17}},{"start":{"line":3,"column":22},"end":{"line":3,"column":33}}]},"3":{"line":6,"type":"cond-expr","locations":[{"start":{"line":6,"column":46},"end":{"line":6,"column":67}},{"start":{"line":6,"column":70},"end":{"line":6,"column":148}}]},"4":{"line":17,"type":"if","locations":[{"start":{"line":17,"column":12},"end":{"line":17,"column":12}},{"start":{"line":17,"column":12},"end":{"line":17,"column":12}}]},"5":{"line":27,"type":"if","locations":[{"start":{"line":27,"column":16},"end":{"line":27,"column":16}},{"start":{"line":27,"column":16},"end":{"line":27,"column":16}}]},"6":{"line":30,"type":"cond-expr","locations":[{"start":{"line":30,"column":50},"end":{"line":30,"column":52}},{"start":{"line":30,"column":55},"end":{"line":30,"column":56}}]},"7":{"line":43,"type":"if","locations":[{"start":{"line":43,"column":12},"end":{"line":43,"column":12}},{"start":{"line":43,"column":12},"end":{"line":43,"column":12}}]},"8":{"line":47,"type":"if","locations":[{"start":{"line":47,"column":17},"end":{"line":47,"column":17}},{"start":{"line":47,"column":17},"end":{"line":47,"column":17}}]},"9":{"line":50,"type":"if","locations":[{"start":{"line":50,"column":17},"end":{"line":50,"column":17}},{"start":{"line":50,"column":17},"end":{"line":50,"column":17}}]},"10":{"line":53,"type":"if","locations":[{"start":{"line":53,"column":17},"end":{"line":53,"column":17}},{"start":{"line":53,"column":17},"end":{"line":53,"column":17}}]},"11":{"line":61,"type":"if","locations":[{"start":{"line":61,"column":8},"end":{"line":61,"column":8}},{"start":{"line":61,"column":8},"end":{"line":61,"column":8}}]}}},"/Users/joey/Documents/projects/swarm-monitor/build/app/lib/index.js":{"path":"/Users/joey/Documents/projects/swarm-monitor/build/app/lib/index.js","s":{"1":1,"2":9,"3":17,"4":10,"5":1,"6":1,"7":1,"8":1,"9":1,"10":1,"11":1,"12":1,"13":1,"14":1},"b":{"1":[10,7]},"f":{"1":9},"fnMap":{"1":{"name":"__export","line":2,"loc":{"start":{"line":2,"column":0},"end":{"line":2,"column":21}}}},"statementMap":{"1":{"start":{"line":2,"column":0},"end":{"line":4,"column":1}},"2":{"start":{"line":3,"column":4},"end":{"line":3,"column":71}},"3":{"start":{"line":3,"column":21},"end":{"line":3,"column":71}},"4":{"start":{"line":3,"column":53},"end":{"line":3,"column":71}},"5":{"start":{"line":5,"column":0},"end":{"line":5,"column":30}},"6":{"start":{"line":6,"column":0},"end":{"line":6,"column":27}},"7":{"start":{"line":7,"column":0},"end":{"line":7,"column":30}},"8":{"start":{"line":8,"column":0},"end":{"line":8,"column":37}},"9":{"start":{"line":9,"column":0},"end":{"line":9,"column":36}},"10":{"start":{"line":10,"column":0},"end":{"line":10,"column":38}},"11":{"start":{"line":11,"column":0},"end":{"line":11,"column":31}},"12":{"start":{"line":12,"column":0},"end":{"line":12,"column":29}},"13":{"start":{"line":13,"column":0},"end":{"line":13,"column":30}},"14":{"start":{"line":16,"column":0},"end":{"line":16,"column":36}}},"branchMap":{"1":{"line":3,"type":"if","locations":[{"start":{"line":3,"column":21},"end":{"line":3,"column":21}},{"start":{"line":3,"column":21},"end":{"line":3,"column":21}}]}}},"/Users/joey/Documents/projects/swarm-monitor/build/app/lib/router.js":{"path":"/Users/joey/Documents/projects/swarm-monitor/build/app/lib/router.js","s":{"1":1,"2":23,"3":22,"4":11,"5":11,"6":21,"7":0,"8":8,"9":1,"10":1,"11":1},"b":{"1":[3,8]},"f":{"1":23,"2":11,"3":21,"4":0,"5":8,"6":0},"fnMap":{"1":{"name":"(anonymous_1)","line":4,"loc":{"start":{"line":4,"column":15},"end":{"line":4,"column":18}}},"2":{"name":"(anonymous_2)","line":8,"loc":{"start":{"line":8,"column":10},"end":{"line":8,"column":13}}},"3":{"name":"(anonymous_3)","line":13,"loc":{"start":{"line":13,"column":10},"end":{"line":13,"column":13}}},"4":{"name":"(anonymous_4)","line":16,"loc":{"start":{"line":16,"column":18},"end":{"line":16,"column":21}}},"5":{"name":"(anonymous_5)","line":19,"loc":{"start":{"line":19,"column":13},"end":{"line":19,"column":16}}},"6":{"name":"(anonymous_6)","line":22,"loc":{"start":{"line":22,"column":13},"end":{"line":22,"column":22}}}},"statementMap":{"1":{"start":{"line":2,"column":0},"end":{"line":2,"column":40}},"2":{"start":{"line":5,"column":8},"end":{"line":5,"column":63}},"3":{"start":{"line":6,"column":8},"end":{"line":6,"column":36}},"4":{"start":{"line":9,"column":8},"end":{"line":9,"column":43}},"5":{"start":{"line":10,"column":8},"end":{"line":10,"column":52}},"6":{"start":{"line":14,"column":8},"end":{"line":14,"column":36}},"7":{"start":{"line":17,"column":8},"end":{"line":17,"column":44}},"8":{"start":{"line":20,"column":8},"end":{"line":20,"column":25}},"9":{"start":{"line":25,"column":0},"end":{"line":25,"column":24}},"10":{"start":{"line":26,"column":0},"end":{"line":26,"column":62}},"11":{"start":{"line":27,"column":0},"end":{"line":27,"column":25}}},"branchMap":{"1":{"line":10,"type":"cond-expr","locations":[{"start":{"line":10,"column":31},"end":{"line":10,"column":46}},{"start":{"line":10,"column":49},"end":{"line":10,"column":51}}]}}},"/Users/joey/Documents/projects/swarm-monitor/build/app/lib/app.js":{"path":"/Users/joey/Documents/projects/swarm-monitor/build/app/lib/app.js","s":{"1":1,"2":8,"3":1,"4":24,"5":24,"6":0,"7":1,"8":0,"9":0,"10":0,"11":1,"12":32,"13":24,"14":8,"15":1,"16":1,"17":1,"18":1,"19":1,"20":1,"21":1,"22":1,"23":9,"24":9,"25":9,"26":0,"27":9,"28":9,"29":7,"30":7,"31":8,"32":6,"33":20,"34":25,"35":17,"36":8,"37":8,"38":8,"39":8,"40":8,"41":8,"42":8,"43":8,"44":8,"45":8,"46":8,"47":1,"48":8,"49":8,"50":8,"51":1,"52":1,"53":1},"b":{"1":[1,1,1],"2":[8,8],"3":[8,24],"4":[0,9],"5":[8,0]},"f":{"1":8,"2":8,"3":24,"4":0,"5":32,"6":24,"7":9,"8":7,"9":8,"10":6,"11":7,"12":0,"13":20,"14":25,"15":17,"16":8,"17":8},"fnMap":{"1":{"name":"(anonymous_1)","line":2,"loc":{"start":{"line":2,"column":44},"end":{"line":2,"column":89}}},"2":{"name":"(anonymous_2)","line":3,"loc":{"start":{"line":3,"column":36},"end":{"line":3,"column":63}}},"3":{"name":"fulfilled","line":4,"loc":{"start":{"line":4,"column":8},"end":{"line":4,"column":34}}},"4":{"name":"rejected","line":5,"loc":{"start":{"line":5,"column":8},"end":{"line":5,"column":33}}},"5":{"name":"step","line":6,"loc":{"start":{"line":6,"column":8},"end":{"line":6,"column":30}}},"6":{"name":"(anonymous_6)","line":6,"loc":{"start":{"line":6,"column":76},"end":{"line":6,"column":95}}},"7":{"name":"(anonymous_7)","line":19,"loc":{"start":{"line":19,"column":15},"end":{"line":19,"column":24}}},"8":{"name":"(anonymous_8)","line":28,"loc":{"start":{"line":28,"column":14},"end":{"line":28,"column":17}}},"9":{"name":"(anonymous_9)","line":32,"loc":{"start":{"line":32,"column":14},"end":{"line":32,"column":17}}},"10":{"name":"(anonymous_10)","line":35,"loc":{"start":{"line":35,"column":12},"end":{"line":35,"column":15}}},"11":{"name":"(anonymous_11)","line":38,"loc":{"start":{"line":38,"column":11},"end":{"line":38,"column":14}}},"12":{"name":"(anonymous_12)","line":39,"loc":{"start":{"line":39,"column":12},"end":{"line":39,"column":18}}},"13":{"name":"(anonymous_13)","line":40,"loc":{"start":{"line":40,"column":7},"end":{"line":40,"column":17}}},"14":{"name":"(anonymous_14)","line":43,"loc":{"start":{"line":43,"column":7},"end":{"line":43,"column":20}}},"15":{"name":"(anonymous_15)","line":46,"loc":{"start":{"line":46,"column":7},"end":{"line":46,"column":13}}},"16":{"name":"(anonymous_16)","line":49,"loc":{"start":{"line":49,"column":8},"end":{"line":49,"column":11}}},"17":{"name":"(anonymous_17)","line":50,"loc":{"start":{"line":50,"column":47},"end":{"line":50,"column":60}}}},"statementMap":{"1":{"start":{"line":2,"column":0},"end":{"line":9,"column":2}},"2":{"start":{"line":3,"column":4},"end":{"line":8,"column":7}},"3":{"start":{"line":4,"column":8},"end":{"line":4,"column":99}},"4":{"start":{"line":4,"column":36},"end":{"line":4,"column":97}},"5":{"start":{"line":4,"column":42},"end":{"line":4,"column":70}},"6":{"start":{"line":4,"column":85},"end":{"line":4,"column":95}},"7":{"start":{"line":5,"column":8},"end":{"line":5,"column":99}},"8":{"start":{"line":5,"column":35},"end":{"line":5,"column":97}},"9":{"start":{"line":5,"column":41},"end":{"line":5,"column":70}},"10":{"start":{"line":5,"column":85},"end":{"line":5,"column":95}},"11":{"start":{"line":6,"column":8},"end":{"line":6,"column":151}},"12":{"start":{"line":6,"column":32},"end":{"line":6,"column":149}},"13":{"start":{"line":6,"column":97},"end":{"line":6,"column":119}},"14":{"start":{"line":7,"column":8},"end":{"line":7,"column":72}},"15":{"start":{"line":10,"column":0},"end":{"line":10,"column":27}},"16":{"start":{"line":11,"column":0},"end":{"line":11,"column":31}},"17":{"start":{"line":12,"column":0},"end":{"line":12,"column":35}},"18":{"start":{"line":13,"column":0},"end":{"line":13,"column":51}},"19":{"start":{"line":14,"column":0},"end":{"line":14,"column":53}},"20":{"start":{"line":15,"column":0},"end":{"line":15,"column":49}},"21":{"start":{"line":16,"column":0},"end":{"line":16,"column":35}},"22":{"start":{"line":17,"column":0},"end":{"line":17,"column":45}},"23":{"start":{"line":20,"column":8},"end":{"line":20,"column":16}},"24":{"start":{"line":21,"column":8},"end":{"line":21,"column":57}},"25":{"start":{"line":22,"column":8},"end":{"line":24,"column":9}},"26":{"start":{"line":23,"column":12},"end":{"line":23,"column":33}},"27":{"start":{"line":25,"column":8},"end":{"line":25,"column":29}},"28":{"start":{"line":26,"column":8},"end":{"line":26,"column":52}},"29":{"start":{"line":29,"column":8},"end":{"line":29,"column":21}},"30":{"start":{"line":30,"column":8},"end":{"line":30,"column":17}},"31":{"start":{"line":33,"column":8},"end":{"line":33,"column":20}},"32":{"start":{"line":36,"column":8},"end":{"line":36,"column":35}},"33":{"start":{"line":41,"column":8},"end":{"line":41,"column":30}},"34":{"start":{"line":44,"column":8},"end":{"line":44,"column":51}},"35":{"start":{"line":47,"column":8},"end":{"line":47,"column":51}},"36":{"start":{"line":50,"column":8},"end":{"line":67,"column":11}},"37":{"start":{"line":51,"column":12},"end":{"line":51,"column":33}},"38":{"start":{"line":52,"column":12},"end":{"line":52,"column":63}},"39":{"start":{"line":53,"column":12},"end":{"line":53,"column":65}},"40":{"start":{"line":54,"column":12},"end":{"line":54,"column":61}},"41":{"start":{"line":55,"column":12},"end":{"line":55,"column":43}},"42":{"start":{"line":56,"column":12},"end":{"line":56,"column":62}},"43":{"start":{"line":57,"column":12},"end":{"line":57,"column":43}},"44":{"start":{"line":58,"column":12},"end":{"line":60,"column":13}},"45":{"start":{"line":59,"column":16},"end":{"line":59,"column":38}},"46":{"start":{"line":61,"column":12},"end":{"line":63,"column":13}},"47":{"start":{"line":62,"column":16},"end":{"line":62,"column":38}},"48":{"start":{"line":64,"column":12},"end":{"line":64,"column":41}},"49":{"start":{"line":65,"column":12},"end":{"line":65,"column":33}},"50":{"start":{"line":66,"column":12},"end":{"line":66,"column":23}},"51":{"start":{"line":70,"column":0},"end":{"line":70,"column":18}},"52":{"start":{"line":71,"column":0},"end":{"line":71,"column":62}},"53":{"start":{"line":72,"column":0},"end":{"line":72,"column":22}}},"branchMap":{"1":{"line":2,"type":"binary-expr","locations":[{"start":{"line":2,"column":17},"end":{"line":2,"column":21}},{"start":{"line":2,"column":25},"end":{"line":2,"column":39}},{"start":{"line":2,"column":44},"end":{"line":9,"column":1}}]},"2":{"line":3,"type":"binary-expr","locations":[{"start":{"line":3,"column":16},"end":{"line":3,"column":17}},{"start":{"line":3,"column":22},"end":{"line":3,"column":33}}]},"3":{"line":6,"type":"cond-expr","locations":[{"start":{"line":6,"column":46},"end":{"line":6,"column":67}},{"start":{"line":6,"column":70},"end":{"line":6,"column":148}}]},"4":{"line":22,"type":"if","locations":[{"start":{"line":22,"column":8},"end":{"line":22,"column":8}},{"start":{"line":22,"column":8},"end":{"line":22,"column":8}}]},"5":{"line":58,"type":"if","locations":[{"start":{"line":58,"column":12},"end":{"line":58,"column":12}},{"start":{"line":58,"column":12},"end":{"line":58,"column":12}}]}}},"/Users/joey/Documents/projects/swarm-monitor/build/app/lib/config-loader.js":{"path":"/Users/joey/Documents/projects/swarm-monitor/build/app/lib/config-loader.js","s":{"1":1,"2":16,"3":1,"4":16,"5":16,"6":0,"7":1,"8":0,"9":0,"10":0,"11":1,"12":32,"13":16,"14":16,"15":1,"16":1,"17":1,"18":1,"19":8,"20":8,"21":8,"22":8,"23":8,"24":8,"25":8,"26":8,"27":8,"28":8,"29":8,"30":8,"31":8,"32":1,"33":1,"34":1},"b":{"1":[1,1,1],"2":[16,16],"3":[16,16]},"f":{"1":16,"2":16,"3":16,"4":0,"5":32,"6":16,"7":8,"8":8,"9":8,"10":8,"11":8,"12":8},"fnMap":{"1":{"name":"(anonymous_1)","line":2,"loc":{"start":{"line":2,"column":44},"end":{"line":2,"column":89}}},"2":{"name":"(anonymous_2)","line":3,"loc":{"start":{"line":3,"column":36},"end":{"line":3,"column":63}}},"3":{"name":"fulfilled","line":4,"loc":{"start":{"line":4,"column":8},"end":{"line":4,"column":34}}},"4":{"name":"rejected","line":5,"loc":{"start":{"line":5,"column":8},"end":{"line":5,"column":33}}},"5":{"name":"step","line":6,"loc":{"start":{"line":6,"column":8},"end":{"line":6,"column":30}}},"6":{"name":"(anonymous_6)","line":6,"loc":{"start":{"line":6,"column":76},"end":{"line":6,"column":95}}},"7":{"name":"(anonymous_7)","line":15,"loc":{"start":{"line":15,"column":15},"end":{"line":15,"column":18}}},"8":{"name":"(anonymous_8)","line":19,"loc":{"start":{"line":19,"column":8},"end":{"line":19,"column":14}}},"9":{"name":"(anonymous_9)","line":20,"loc":{"start":{"line":20,"column":47},"end":{"line":20,"column":60}}},"10":{"name":"(anonymous_10)","line":26,"loc":{"start":{"line":26,"column":8},"end":{"line":26,"column":11}}},"11":{"name":"(anonymous_11)","line":27,"loc":{"start":{"line":27,"column":47},"end":{"line":27,"column":60}}},"12":{"name":"(anonymous_12)","line":34,"loc":{"start":{"line":34,"column":10},"end":{"line":34,"column":26}}}},"statementMap":{"1":{"start":{"line":2,"column":0},"end":{"line":9,"column":2}},"2":{"start":{"line":3,"column":4},"end":{"line":8,"column":7}},"3":{"start":{"line":4,"column":8},"end":{"line":4,"column":99}},"4":{"start":{"line":4,"column":36},"end":{"line":4,"column":97}},"5":{"start":{"line":4,"column":42},"end":{"line":4,"column":70}},"6":{"start":{"line":4,"column":85},"end":{"line":4,"column":95}},"7":{"start":{"line":5,"column":8},"end":{"line":5,"column":99}},"8":{"start":{"line":5,"column":35},"end":{"line":5,"column":97}},"9":{"start":{"line":5,"column":41},"end":{"line":5,"column":70}},"10":{"start":{"line":5,"column":85},"end":{"line":5,"column":95}},"11":{"start":{"line":6,"column":8},"end":{"line":6,"column":151}},"12":{"start":{"line":6,"column":32},"end":{"line":6,"column":149}},"13":{"start":{"line":6,"column":97},"end":{"line":6,"column":119}},"14":{"start":{"line":7,"column":8},"end":{"line":7,"column":72}},"15":{"start":{"line":10,"column":0},"end":{"line":10,"column":37}},"16":{"start":{"line":11,"column":0},"end":{"line":11,"column":31}},"17":{"start":{"line":12,"column":0},"end":{"line":12,"column":31}},"18":{"start":{"line":13,"column":0},"end":{"line":13,"column":39}},"19":{"start":{"line":16,"column":8},"end":{"line":16,"column":28}},"20":{"start":{"line":17,"column":8},"end":{"line":17,"column":32}},"21":{"start":{"line":20,"column":8},"end":{"line":24,"column":11}},"22":{"start":{"line":21,"column":12},"end":{"line":21,"column":39}},"23":{"start":{"line":22,"column":12},"end":{"line":22,"column":43}},"24":{"start":{"line":23,"column":12},"end":{"line":23,"column":42}},"25":{"start":{"line":27,"column":8},"end":{"line":32,"column":11}},"26":{"start":{"line":28,"column":12},"end":{"line":28,"column":65}},"27":{"start":{"line":29,"column":12},"end":{"line":29,"column":55}},"28":{"start":{"line":30,"column":12},"end":{"line":30,"column":47}},"29":{"start":{"line":31,"column":12},"end":{"line":31,"column":27}},"30":{"start":{"line":35,"column":8},"end":{"line":35,"column":41}},"31":{"start":{"line":36,"column":8},"end":{"line":36,"column":22}},"32":{"start":{"line":39,"column":0},"end":{"line":39,"column":36}},"33":{"start":{"line":40,"column":0},"end":{"line":40,"column":62}},"34":{"start":{"line":41,"column":0},"end":{"line":41,"column":31}}},"branchMap":{"1":{"line":2,"type":"binary-expr","locations":[{"start":{"line":2,"column":17},"end":{"line":2,"column":21}},{"start":{"line":2,"column":25},"end":{"line":2,"column":39}},{"start":{"line":2,"column":44},"end":{"line":9,"column":1}}]},"2":{"line":3,"type":"binary-expr","locations":[{"start":{"line":3,"column":16},"end":{"line":3,"column":17}},{"start":{"line":3,"column":22},"end":{"line":3,"column":33}}]},"3":{"line":6,"type":"cond-expr","locations":[{"start":{"line":6,"column":46},"end":{"line":6,"column":67}},{"start":{"line":6,"column":70},"end":{"line":6,"column":148}}]}}},"/Users/joey/Documents/projects/swarm-monitor/build/app/lib/loader.js":{"path":"/Users/joey/Documents/projects/swarm-monitor/build/app/lib/loader.js","s":{"1":1,"2":16,"3":1,"4":40,"5":40,"6":0,"7":1,"8":0,"9":0,"10":0,"11":1,"12":56,"13":40,"14":16,"15":1,"16":1,"17":1,"18":24,"19":8,"20":8,"21":8,"22":8,"23":8,"24":16,"25":8,"26":32,"27":8,"28":1,"29":16,"30":8,"31":8,"32":8,"33":8,"34":8,"35":8,"36":8,"37":8,"38":0,"39":0,"40":1,"41":1,"42":1},"b":{"1":[1,1,1],"2":[16,16],"3":[16,40]},"f":{"1":16,"2":16,"3":40,"4":0,"5":56,"6":40,"7":24,"8":8,"9":8,"10":32,"11":8,"12":8,"13":16,"14":0,"15":0},"fnMap":{"1":{"name":"(anonymous_1)","line":2,"loc":{"start":{"line":2,"column":44},"end":{"line":2,"column":89}}},"2":{"name":"(anonymous_2)","line":3,"loc":{"start":{"line":3,"column":36},"end":{"line":3,"column":63}}},"3":{"name":"fulfilled","line":4,"loc":{"start":{"line":4,"column":8},"end":{"line":4,"column":34}}},"4":{"name":"rejected","line":5,"loc":{"start":{"line":5,"column":8},"end":{"line":5,"column":33}}},"5":{"name":"step","line":6,"loc":{"start":{"line":6,"column":8},"end":{"line":6,"column":30}}},"6":{"name":"(anonymous_6)","line":6,"loc":{"start":{"line":6,"column":76},"end":{"line":6,"column":95}}},"7":{"name":"(anonymous_7)","line":14,"loc":{"start":{"line":14,"column":15},"end":{"line":14,"column":18}}},"8":{"name":"(anonymous_8)","line":17,"loc":{"start":{"line":17,"column":8},"end":{"line":17,"column":14}}},"9":{"name":"(anonymous_9)","line":18,"loc":{"start":{"line":18,"column":47},"end":{"line":18,"column":60}}},"10":{"name":"(anonymous_10)","line":28,"loc":{"start":{"line":28,"column":15},"end":{"line":28,"column":22}}},"11":{"name":"(anonymous_11)","line":31,"loc":{"start":{"line":31,"column":8},"end":{"line":31,"column":11}}},"12":{"name":"(anonymous_12)","line":32,"loc":{"start":{"line":32,"column":47},"end":{"line":32,"column":60}}},"13":{"name":"getFullFilePath","line":33,"loc":{"start":{"line":33,"column":12},"end":{"line":33,"column":47}}},"14":{"name":"(anonymous_14)","line":46,"loc":{"start":{"line":46,"column":10},"end":{"line":46,"column":28}}},"15":{"name":"(anonymous_15)","line":47,"loc":{"start":{"line":47,"column":47},"end":{"line":47,"column":60}}}},"statementMap":{"1":{"start":{"line":2,"column":0},"end":{"line":9,"column":2}},"2":{"start":{"line":3,"column":4},"end":{"line":8,"column":7}},"3":{"start":{"line":4,"column":8},"end":{"line":4,"column":99}},"4":{"start":{"line":4,"column":36},"end":{"line":4,"column":97}},"5":{"start":{"line":4,"column":42},"end":{"line":4,"column":70}},"6":{"start":{"line":4,"column":85},"end":{"line":4,"column":95}},"7":{"start":{"line":5,"column":8},"end":{"line":5,"column":99}},"8":{"start":{"line":5,"column":35},"end":{"line":5,"column":97}},"9":{"start":{"line":5,"column":41},"end":{"line":5,"column":70}},"10":{"start":{"line":5,"column":85},"end":{"line":5,"column":95}},"11":{"start":{"line":6,"column":8},"end":{"line":6,"column":151}},"12":{"start":{"line":6,"column":32},"end":{"line":6,"column":149}},"13":{"start":{"line":6,"column":97},"end":{"line":6,"column":119}},"14":{"start":{"line":7,"column":8},"end":{"line":7,"column":72}},"15":{"start":{"line":10,"column":0},"end":{"line":10,"column":31}},"16":{"start":{"line":11,"column":0},"end":{"line":11,"column":31}},"17":{"start":{"line":12,"column":0},"end":{"line":12,"column":39}},"18":{"start":{"line":15,"column":8},"end":{"line":15,"column":29}},"19":{"start":{"line":18,"column":8},"end":{"line":26,"column":11}},"20":{"start":{"line":19,"column":12},"end":{"line":19,"column":39}},"21":{"start":{"line":20,"column":12},"end":{"line":20,"column":44}},"22":{"start":{"line":21,"column":12},"end":{"line":21,"column":29}},"23":{"start":{"line":22,"column":12},"end":{"line":24,"column":13}},"24":{"start":{"line":23,"column":16},"end":{"line":23,"column":57}},"25":{"start":{"line":25,"column":12},"end":{"line":25,"column":25}},"26":{"start":{"line":29,"column":8},"end":{"line":29,"column":53}},"27":{"start":{"line":32,"column":8},"end":{"line":44,"column":11}},"28":{"start":{"line":33,"column":12},"end":{"line":35,"column":13}},"29":{"start":{"line":34,"column":16},"end":{"line":34,"column":54}},"30":{"start":{"line":36,"column":12},"end":{"line":36,"column":65}},"31":{"start":{"line":37,"column":12},"end":{"line":37,"column":65}},"32":{"start":{"line":38,"column":12},"end":{"line":38,"column":61}},"33":{"start":{"line":39,"column":12},"end":{"line":39,"column":60}},"34":{"start":{"line":40,"column":12},"end":{"line":40,"column":22}},"35":{"start":{"line":41,"column":12},"end":{"line":41,"column":37}},"36":{"start":{"line":42,"column":12},"end":{"line":42,"column":86}},"37":{"start":{"line":43,"column":12},"end":{"line":43,"column":25}},"38":{"start":{"line":47,"column":8},"end":{"line":49,"column":11}},"39":{"start":{"line":48,"column":12},"end":{"line":48,"column":30}},"40":{"start":{"line":52,"column":0},"end":{"line":52,"column":36}},"41":{"start":{"line":53,"column":0},"end":{"line":53,"column":62}},"42":{"start":{"line":54,"column":0},"end":{"line":54,"column":31}}},"branchMap":{"1":{"line":2,"type":"binary-expr","locations":[{"start":{"line":2,"column":17},"end":{"line":2,"column":21}},{"start":{"line":2,"column":25},"end":{"line":2,"column":39}},{"start":{"line":2,"column":44},"end":{"line":9,"column":1}}]},"2":{"line":3,"type":"binary-expr","locations":[{"start":{"line":3,"column":16},"end":{"line":3,"column":17}},{"start":{"line":3,"column":22},"end":{"line":3,"column":33}}]},"3":{"line":6,"type":"cond-expr","locations":[{"start":{"line":6,"column":46},"end":{"line":6,"column":67}},{"start":{"line":6,"column":70},"end":{"line":6,"column":148}}]}}},"/Users/joey/Documents/projects/swarm-monitor/build/app/lib/service-loader.js":{"path":"/Users/joey/Documents/projects/swarm-monitor/build/app/lib/service-loader.js","s":{"1":1,"2":16,"3":1,"4":16,"5":16,"6":0,"7":1,"8":0,"9":0,"10":0,"11":1,"12":32,"13":16,"14":16,"15":1,"16":1,"17":8,"18":8,"19":16,"20":16,"21":16,"22":16,"23":16,"24":16,"25":16,"26":16,"27":16,"28":1,"29":1,"30":1},"b":{"1":[1,1,1],"2":[16,16],"3":[16,16],"4":[16,0]},"f":{"1":16,"2":16,"3":16,"4":0,"5":32,"6":16,"7":8,"8":16,"9":16},"fnMap":{"1":{"name":"(anonymous_1)","line":2,"loc":{"start":{"line":2,"column":44},"end":{"line":2,"column":89}}},"2":{"name":"(anonymous_2)","line":3,"loc":{"start":{"line":3,"column":36},"end":{"line":3,"column":63}}},"3":{"name":"fulfilled","line":4,"loc":{"start":{"line":4,"column":8},"end":{"line":4,"column":34}}},"4":{"name":"rejected","line":5,"loc":{"start":{"line":5,"column":8},"end":{"line":5,"column":33}}},"5":{"name":"step","line":6,"loc":{"start":{"line":6,"column":8},"end":{"line":6,"column":30}}},"6":{"name":"(anonymous_6)","line":6,"loc":{"start":{"line":6,"column":76},"end":{"line":6,"column":95}}},"7":{"name":"(anonymous_7)","line":13,"loc":{"start":{"line":13,"column":15},"end":{"line":13,"column":18}}},"8":{"name":"(anonymous_8)","line":17,"loc":{"start":{"line":17,"column":10},"end":{"line":17,"column":26}}},"9":{"name":"(anonymous_9)","line":18,"loc":{"start":{"line":18,"column":47},"end":{"line":18,"column":60}}}},"statementMap":{"1":{"start":{"line":2,"column":0},"end":{"line":9,"column":2}},"2":{"start":{"line":3,"column":4},"end":{"line":8,"column":7}},"3":{"start":{"line":4,"column":8},"end":{"line":4,"column":99}},"4":{"start":{"line":4,"column":36},"end":{"line":4,"column":97}},"5":{"start":{"line":4,"column":42},"end":{"line":4,"column":70}},"6":{"start":{"line":4,"column":85},"end":{"line":4,"column":95}},"7":{"start":{"line":5,"column":8},"end":{"line":5,"column":99}},"8":{"start":{"line":5,"column":35},"end":{"line":5,"column":97}},"9":{"start":{"line":5,"column":41},"end":{"line":5,"column":70}},"10":{"start":{"line":5,"column":85},"end":{"line":5,"column":95}},"11":{"start":{"line":6,"column":8},"end":{"line":6,"column":151}},"12":{"start":{"line":6,"column":32},"end":{"line":6,"column":149}},"13":{"start":{"line":6,"column":97},"end":{"line":6,"column":119}},"14":{"start":{"line":7,"column":8},"end":{"line":7,"column":72}},"15":{"start":{"line":10,"column":0},"end":{"line":10,"column":37}},"16":{"start":{"line":11,"column":0},"end":{"line":11,"column":35}},"17":{"start":{"line":14,"column":8},"end":{"line":14,"column":28}},"18":{"start":{"line":15,"column":8},"end":{"line":15,"column":31}},"19":{"start":{"line":18,"column":8},"end":{"line":27,"column":11}},"20":{"start":{"line":19,"column":12},"end":{"line":19,"column":46}},"21":{"start":{"line":20,"column":12},"end":{"line":20,"column":61}},"22":{"start":{"line":21,"column":12},"end":{"line":21,"column":48}},"23":{"start":{"line":22,"column":12},"end":{"line":22,"column":23}},"24":{"start":{"line":23,"column":12},"end":{"line":23,"column":33}},"25":{"start":{"line":24,"column":12},"end":{"line":24,"column":79}},"26":{"start":{"line":25,"column":12},"end":{"line":25,"column":60}},"27":{"start":{"line":26,"column":12},"end":{"line":26,"column":27}},"28":{"start":{"line":30,"column":0},"end":{"line":30,"column":38}},"29":{"start":{"line":31,"column":0},"end":{"line":31,"column":62}},"30":{"start":{"line":32,"column":0},"end":{"line":32,"column":32}}},"branchMap":{"1":{"line":2,"type":"binary-expr","locations":[{"start":{"line":2,"column":17},"end":{"line":2,"column":21}},{"start":{"line":2,"column":25},"end":{"line":2,"column":39}},{"start":{"line":2,"column":44},"end":{"line":9,"column":1}}]},"2":{"line":3,"type":"binary-expr","locations":[{"start":{"line":3,"column":16},"end":{"line":3,"column":17}},{"start":{"line":3,"column":22},"end":{"line":3,"column":33}}]},"3":{"line":6,"type":"cond-expr","locations":[{"start":{"line":6,"column":46},"end":{"line":6,"column":67}},{"start":{"line":6,"column":70},"end":{"line":6,"column":148}}]},"4":{"line":24,"type":"cond-expr","locations":[{"start":{"line":24,"column":53},"end":{"line":24,"column":63}},{"start":{"line":24,"column":66},"end":{"line":24,"column":78}}]}}},"/Users/joey/Documents/projects/swarm-monitor/build/app/lib/route-loader.js":{"path":"/Users/joey/Documents/projects/swarm-monitor/build/app/lib/route-loader.js","s":{"1":1,"2":8,"3":1,"4":0,"5":0,"6":0,"7":1,"8":0,"9":0,"10":0,"11":1,"12":8,"13":0,"14":8,"15":1,"16":1,"17":1,"18":8,"19":8,"20":8,"21":8,"22":16,"23":16,"24":1,"25":1,"26":1},"b":{"1":[1,1,1],"2":[8,8],"3":[8,0]},"f":{"1":8,"2":8,"3":0,"4":0,"5":8,"6":0,"7":8,"8":8,"9":8},"fnMap":{"1":{"name":"(anonymous_1)","line":2,"loc":{"start":{"line":2,"column":44},"end":{"line":2,"column":89}}},"2":{"name":"(anonymous_2)","line":3,"loc":{"start":{"line":3,"column":36},"end":{"line":3,"column":63}}},"3":{"name":"fulfilled","line":4,"loc":{"start":{"line":4,"column":8},"end":{"line":4,"column":34}}},"4":{"name":"rejected","line":5,"loc":{"start":{"line":5,"column":8},"end":{"line":5,"column":33}}},"5":{"name":"step","line":6,"loc":{"start":{"line":6,"column":8},"end":{"line":6,"column":30}}},"6":{"name":"(anonymous_6)","line":6,"loc":{"start":{"line":6,"column":76},"end":{"line":6,"column":95}}},"7":{"name":"(anonymous_7)","line":14,"loc":{"start":{"line":14,"column":15},"end":{"line":14,"column":18}}},"8":{"name":"(anonymous_8)","line":18,"loc":{"start":{"line":18,"column":8},"end":{"line":18,"column":14}}},"9":{"name":"(anonymous_9)","line":19,"loc":{"start":{"line":19,"column":47},"end":{"line":19,"column":60}}}},"statementMap":{"1":{"start":{"line":2,"column":0},"end":{"line":9,"column":2}},"2":{"start":{"line":3,"column":4},"end":{"line":8,"column":7}},"3":{"start":{"line":4,"column":8},"end":{"line":4,"column":99}},"4":{"start":{"line":4,"column":36},"end":{"line":4,"column":97}},"5":{"start":{"line":4,"column":42},"end":{"line":4,"column":70}},"6":{"start":{"line":4,"column":85},"end":{"line":4,"column":95}},"7":{"start":{"line":5,"column":8},"end":{"line":5,"column":99}},"8":{"start":{"line":5,"column":35},"end":{"line":5,"column":97}},"9":{"start":{"line":5,"column":41},"end":{"line":5,"column":70}},"10":{"start":{"line":5,"column":85},"end":{"line":5,"column":95}},"11":{"start":{"line":6,"column":8},"end":{"line":6,"column":151}},"12":{"start":{"line":6,"column":32},"end":{"line":6,"column":149}},"13":{"start":{"line":6,"column":97},"end":{"line":6,"column":119}},"14":{"start":{"line":7,"column":8},"end":{"line":7,"column":72}},"15":{"start":{"line":10,"column":0},"end":{"line":10,"column":37}},"16":{"start":{"line":11,"column":0},"end":{"line":11,"column":35}},"17":{"start":{"line":12,"column":0},"end":{"line":12,"column":36}},"18":{"start":{"line":15,"column":8},"end":{"line":15,"column":28}},"19":{"start":{"line":16,"column":8},"end":{"line":16,"column":29}},"20":{"start":{"line":19,"column":8},"end":{"line":24,"column":11}},"21":{"start":{"line":20,"column":12},"end":{"line":23,"column":15}},"22":{"start":{"line":21,"column":16},"end":{"line":21,"column":43}},"23":{"start":{"line":22,"column":16},"end":{"line":22,"column":41}},"24":{"start":{"line":27,"column":0},"end":{"line":27,"column":34}},"25":{"start":{"line":28,"column":0},"end":{"line":28,"column":62}},"26":{"start":{"line":29,"column":0},"end":{"line":29,"column":30}}},"branchMap":{"1":{"line":2,"type":"binary-expr","locations":[{"start":{"line":2,"column":17},"end":{"line":2,"column":21}},{"start":{"line":2,"column":25},"end":{"line":2,"column":39}},{"start":{"line":2,"column":44},"end":{"line":9,"column":1}}]},"2":{"line":3,"type":"binary-expr","locations":[{"start":{"line":3,"column":16},"end":{"line":3,"column":17}},{"start":{"line":3,"column":22},"end":{"line":3,"column":33}}]},"3":{"line":6,"type":"cond-expr","locations":[{"start":{"line":6,"column":46},"end":{"line":6,"column":67}},{"start":{"line":6,"column":70},"end":{"line":6,"column":148}}]}}},"/Users/joey/Documents/projects/swarm-monitor/build/app/routes/index.js":{"path":"/Users/joey/Documents/projects/swarm-monitor/build/app/routes/index.js","s":{"1":1,"2":1,"3":1,"4":1},"b":{},"f":{},"fnMap":{},"statementMap":{"1":{"start":{"line":2,"column":0},"end":{"line":2,"column":33}},"2":{"start":{"line":3,"column":0},"end":{"line":3,"column":40}},"3":{"start":{"line":4,"column":0},"end":{"line":4,"column":33}},"4":{"start":{"line":5,"column":0},"end":{"line":5,"column":52}}},"branchMap":{}},"/Users/joey/Documents/projects/swarm-monitor/build/app/routes/users.js":{"path":"/Users/joey/Documents/projects/swarm-monitor/build/app/routes/users.js","s":{"1":1,"2":1,"3":48,"4":56,"5":1,"6":1,"7":1},"b":{},"f":{"1":48,"2":56},"fnMap":{"1":{"name":"(anonymous_1)","line":5,"loc":{"start":{"line":5,"column":9},"end":{"line":5,"column":12}}},"2":{"name":"(anonymous_2)","line":8,"loc":{"start":{"line":8,"column":8},"end":{"line":8,"column":11}}}},"statementMap":{"1":{"start":{"line":2,"column":0},"end":{"line":2,"column":48}},"2":{"start":{"line":3,"column":0},"end":{"line":3,"column":38}},"3":{"start":{"line":6,"column":8},"end":{"line":6,"column":29}},"4":{"start":{"line":9,"column":8},"end":{"line":9,"column":23}},"5":{"start":{"line":12,"column":0},"end":{"line":12,"column":32}},"6":{"start":{"line":13,"column":0},"end":{"line":13,"column":62}},"7":{"start":{"line":14,"column":0},"end":{"line":14,"column":29}}},"branchMap":{}},"/Users/joey/Documents/projects/swarm-monitor/build/app/routers/jsonapi.js":{"path":"/Users/joey/Documents/projects/swarm-monitor/build/app/routers/jsonapi.js","s":{"1":1,"2":1,"3":1,"4":1,"5":1,"6":1,"7":1,"8":11,"9":71,"10":23,"11":23,"12":22,"13":12,"14":66,"15":66,"16":66,"17":66,"18":11,"19":11,"20":11,"21":11,"22":11,"23":11,"24":0,"25":0,"26":0,"27":0,"28":0,"29":0,"30":11,"31":11,"32":11,"33":0,"34":0,"35":0,"36":0,"37":0,"38":0,"39":0,"40":0,"41":11,"42":11,"43":11,"44":11,"45":0,"46":0,"47":0,"48":0,"49":0,"50":0,"51":0,"52":0,"53":0,"54":0,"55":11,"56":11,"57":11,"58":11,"59":0,"60":0,"61":0,"62":0,"63":0,"64":0,"65":11,"66":11,"67":0,"68":0,"69":0,"70":11,"71":0,"72":0,"73":11,"74":0,"75":11,"76":11,"77":11,"78":11,"79":11,"80":11,"81":11,"82":11,"83":11,"84":11,"85":1,"86":1,"87":1},"b":{"1":[0,0],"2":[0,11],"3":[11,0]},"f":{"1":1,"2":11,"3":71,"4":23,"5":12,"6":66,"7":66,"8":66,"9":66,"10":11,"11":11,"12":0,"13":11,"14":0,"15":11,"16":0,"17":11,"18":0,"19":11,"20":0,"21":11,"22":0,"23":11},"fnMap":{"1":{"name":"(anonymous_1)","line":9,"loc":{"start":{"line":9,"column":9},"end":{"line":9,"column":12}}},"2":{"name":"(anonymous_2)","line":12,"loc":{"start":{"line":12,"column":20},"end":{"line":12,"column":23}}},"3":{"name":"(anonymous_3)","line":15,"loc":{"start":{"line":15,"column":13},"end":{"line":15,"column":16}}},"4":{"name":"(anonymous_4)","line":18,"loc":{"start":{"line":18,"column":8},"end":{"line":18,"column":11}}},"5":{"name":"(anonymous_5)","line":23,"loc":{"start":{"line":23,"column":10},"end":{"line":23,"column":13}}},"6":{"name":"(anonymous_6)","line":26,"loc":{"start":{"line":26,"column":10},"end":{"line":26,"column":13}}},"7":{"name":"(anonymous_7)","line":29,"loc":{"start":{"line":29,"column":17},"end":{"line":29,"column":20}}},"8":{"name":"(anonymous_8)","line":32,"loc":{"start":{"line":32,"column":18},"end":{"line":32,"column":21}}},"9":{"name":"(anonymous_9)","line":40,"loc":{"start":{"line":40,"column":11},"end":{"line":40,"column":14}}},"10":{"name":"(anonymous_10)","line":43,"loc":{"start":{"line":43,"column":14},"end":{"line":43,"column":17}}},"11":{"name":"(anonymous_11)","line":51,"loc":{"start":{"line":51,"column":8},"end":{"line":51,"column":11}}},"12":{"name":"(anonymous_12)","line":55,"loc":{"start":{"line":55,"column":15},"end":{"line":55,"column":32}}},"13":{"name":"(anonymous_13)","line":65,"loc":{"start":{"line":65,"column":12},"end":{"line":65,"column":15}}},"14":{"name":"(anonymous_14)","line":68,"loc":{"start":{"line":68,"column":15},"end":{"line":68,"column":32}}},"15":{"name":"(anonymous_15)","line":83,"loc":{"start":{"line":83,"column":10},"end":{"line":83,"column":13}}},"16":{"name":"(anonymous_16)","line":87,"loc":{"start":{"line":87,"column":15},"end":{"line":87,"column":32}}},"17":{"name":"(anonymous_17)","line":106,"loc":{"start":{"line":106,"column":10},"end":{"line":106,"column":13}}},"18":{"name":"(anonymous_18)","line":110,"loc":{"start":{"line":110,"column":15},"end":{"line":110,"column":32}}},"19":{"name":"(anonymous_19)","line":122,"loc":{"start":{"line":122,"column":10},"end":{"line":122,"column":13}}},"20":{"name":"(anonymous_20)","line":124,"loc":{"start":{"line":124,"column":15},"end":{"line":124,"column":32}}},"21":{"name":"(anonymous_21)","line":130,"loc":{"start":{"line":130,"column":14},"end":{"line":130,"column":17}}},"22":{"name":"(anonymous_22)","line":131,"loc":{"start":{"line":131,"column":15},"end":{"line":131,"column":32}}},"23":{"name":"(anonymous_23)","line":136,"loc":{"start":{"line":136,"column":13},"end":{"line":136,"column":22}}}},"statementMap":{"1":{"start":{"line":2,"column":0},"end":{"line":2,"column":32}},"2":{"start":{"line":3,"column":0},"end":{"line":3,"column":49}},"3":{"start":{"line":4,"column":0},"end":{"line":4,"column":35}},"4":{"start":{"line":5,"column":0},"end":{"line":5,"column":44}},"5":{"start":{"line":6,"column":0},"end":{"line":6,"column":36}},"6":{"start":{"line":7,"column":0},"end":{"line":7,"column":48}},"7":{"start":{"line":10,"column":8},"end":{"line":10,"column":25}},"8":{"start":{"line":13,"column":8},"end":{"line":13,"column":27}},"9":{"start":{"line":16,"column":8},"end":{"line":16,"column":21}},"10":{"start":{"line":19,"column":8},"end":{"line":19,"column":31}},"11":{"start":{"line":20,"column":8},"end":{"line":20,"column":26}},"12":{"start":{"line":21,"column":8},"end":{"line":21,"column":32}},"13":{"start":{"line":24,"column":8},"end":{"line":24,"column":53}},"14":{"start":{"line":27,"column":8},"end":{"line":27,"column":21}},"15":{"start":{"line":30,"column":8},"end":{"line":30,"column":18}},"16":{"start":{"line":33,"column":8},"end":{"line":38,"column":10}},"17":{"start":{"line":41,"column":8},"end":{"line":41,"column":67}},"18":{"start":{"line":44,"column":8},"end":{"line":48,"column":11}},"19":{"start":{"line":49,"column":8},"end":{"line":49,"column":21}},"20":{"start":{"line":52,"column":8},"end":{"line":52,"column":35}},"21":{"start":{"line":53,"column":8},"end":{"line":53,"column":51}},"22":{"start":{"line":54,"column":8},"end":{"line":54,"column":57}},"23":{"start":{"line":55,"column":8},"end":{"line":63,"column":10}},"24":{"start":{"line":56,"column":12},"end":{"line":56,"column":104}},"25":{"start":{"line":57,"column":12},"end":{"line":57,"column":30}},"26":{"start":{"line":58,"column":12},"end":{"line":60,"column":13}},"27":{"start":{"line":59,"column":16},"end":{"line":59,"column":54}},"28":{"start":{"line":61,"column":12},"end":{"line":61,"column":23}},"29":{"start":{"line":62,"column":12},"end":{"line":62,"column":31}},"30":{"start":{"line":66,"column":8},"end":{"line":66,"column":35}},"31":{"start":{"line":67,"column":8},"end":{"line":67,"column":51}},"32":{"start":{"line":68,"column":8},"end":{"line":81,"column":10}},"33":{"start":{"line":69,"column":12},"end":{"line":69,"column":22}},"34":{"start":{"line":70,"column":12},"end":{"line":75,"column":13}},"35":{"start":{"line":71,"column":16},"end":{"line":71,"column":66}},"36":{"start":{"line":74,"column":16},"end":{"line":74,"column":78}},"37":{"start":{"line":76,"column":12},"end":{"line":78,"column":13}},"38":{"start":{"line":77,"column":16},"end":{"line":77,"column":32}},"39":{"start":{"line":79,"column":12},"end":{"line":79,"column":63}},"40":{"start":{"line":80,"column":12},"end":{"line":80,"column":31}},"41":{"start":{"line":84,"column":8},"end":{"line":84,"column":35}},"42":{"start":{"line":85,"column":8},"end":{"line":85,"column":55}},"43":{"start":{"line":86,"column":8},"end":{"line":86,"column":51}},"44":{"start":{"line":87,"column":8},"end":{"line":104,"column":10}},"45":{"start":{"line":88,"column":12},"end":{"line":88,"column":23}},"46":{"start":{"line":89,"column":12},"end":{"line":94,"column":13}},"47":{"start":{"line":90,"column":16},"end":{"line":90,"column":51}},"48":{"start":{"line":93,"column":16},"end":{"line":93,"column":66}},"49":{"start":{"line":95,"column":12},"end":{"line":95,"column":39}},"50":{"start":{"line":96,"column":12},"end":{"line":101,"column":13}},"51":{"start":{"line":97,"column":16},"end":{"line":97,"column":35}},"52":{"start":{"line":100,"column":16},"end":{"line":100,"column":77}},"53":{"start":{"line":102,"column":12},"end":{"line":102,"column":30}},"54":{"start":{"line":103,"column":12},"end":{"line":103,"column":50}},"55":{"start":{"line":107,"column":8},"end":{"line":107,"column":35}},"56":{"start":{"line":108,"column":8},"end":{"line":108,"column":55}},"57":{"start":{"line":109,"column":8},"end":{"line":109,"column":51}},"58":{"start":{"line":110,"column":8},"end":{"line":120,"column":10}},"59":{"start":{"line":111,"column":12},"end":{"line":111,"column":53}},"60":{"start":{"line":112,"column":12},"end":{"line":112,"column":68}},"61":{"start":{"line":113,"column":12},"end":{"line":113,"column":34}},"62":{"start":{"line":114,"column":12},"end":{"line":119,"column":13}},"63":{"start":{"line":115,"column":16},"end":{"line":115,"column":45}},"64":{"start":{"line":118,"column":16},"end":{"line":118,"column":32}},"65":{"start":{"line":123,"column":8},"end":{"line":123,"column":35}},"66":{"start":{"line":124,"column":8},"end":{"line":128,"column":10}},"67":{"start":{"line":125,"column":12},"end":{"line":125,"column":68}},"68":{"start":{"line":126,"column":12},"end":{"line":126,"column":33}},"69":{"start":{"line":127,"column":12},"end":{"line":127,"column":39}},"70":{"start":{"line":131,"column":8},"end":{"line":134,"column":10}},"71":{"start":{"line":132,"column":12},"end":{"line":132,"column":65}},"72":{"start":{"line":133,"column":12},"end":{"line":133,"column":23}},"73":{"start":{"line":137,"column":8},"end":{"line":139,"column":9}},"74":{"start":{"line":138,"column":12},"end":{"line":138,"column":93}},"75":{"start":{"line":140,"column":8},"end":{"line":140,"column":45}},"76":{"start":{"line":141,"column":8},"end":{"line":144,"column":9}},"77":{"start":{"line":142,"column":12},"end":{"line":142,"column":54}},"78":{"start":{"line":143,"column":12},"end":{"line":143,"column":47}},"79":{"start":{"line":145,"column":8},"end":{"line":145,"column":38}},"80":{"start":{"line":146,"column":8},"end":{"line":146,"column":37}},"81":{"start":{"line":147,"column":8},"end":{"line":147,"column":49}},"82":{"start":{"line":148,"column":8},"end":{"line":148,"column":49}},"83":{"start":{"line":149,"column":8},"end":{"line":149,"column":40}},"84":{"start":{"line":150,"column":8},"end":{"line":150,"column":47}},"85":{"start":{"line":153,"column":0},"end":{"line":153,"column":38}},"86":{"start":{"line":154,"column":0},"end":{"line":154,"column":62}},"87":{"start":{"line":155,"column":0},"end":{"line":155,"column":32}}},"branchMap":{"1":{"line":76,"type":"if","locations":[{"start":{"line":76,"column":12},"end":{"line":76,"column":12}},{"start":{"line":76,"column":12},"end":{"line":76,"column":12}}]},"2":{"line":137,"type":"if","locations":[{"start":{"line":137,"column":8},"end":{"line":137,"column":8}},{"start":{"line":137,"column":8},"end":{"line":137,"column":8}}]},"3":{"line":141,"type":"if","locations":[{"start":{"line":141,"column":8},"end":{"line":141,"column":8}},{"start":{"line":141,"column":8},"end":{"line":141,"column":8}}]}}},"/Users/joey/Documents/projects/swarm-monitor/build/app/oauth/index.js":{"path":"/Users/joey/Documents/projects/swarm-monitor/build/app/oauth/index.js","s":{"1":1,"2":2,"3":4,"4":3,"5":1,"6":1},"b":{"1":[3,1]},"f":{"1":2},"fnMap":{"1":{"name":"__export","line":2,"loc":{"start":{"line":2,"column":0},"end":{"line":2,"column":21}}}},"statementMap":{"1":{"start":{"line":2,"column":0},"end":{"line":4,"column":1}},"2":{"start":{"line":3,"column":4},"end":{"line":3,"column":71}},"3":{"start":{"line":3,"column":21},"end":{"line":3,"column":71}},"4":{"start":{"line":3,"column":53},"end":{"line":3,"column":71}},"5":{"start":{"line":5,"column":0},"end":{"line":5,"column":30}},"6":{"start":{"line":6,"column":0},"end":{"line":6,"column":32}}},"branchMap":{"1":{"line":3,"type":"if","locations":[{"start":{"line":3,"column":21},"end":{"line":3,"column":21}},{"start":{"line":3,"column":21},"end":{"line":3,"column":21}}]}}},"/Users/joey/Documents/projects/swarm-monitor/build/app/oauth/client.js":{"path":"/Users/joey/Documents/projects/swarm-monitor/build/app/oauth/client.js","s":{"1":1,"2":4,"3":1,"4":5,"5":5,"6":0,"7":1,"8":0,"9":0,"10":0,"11":1,"12":9,"13":5,"14":4,"15":1,"16":1,"17":1,"18":1,"19":0,"20":1,"21":1,"22":1,"23":1,"24":0,"25":1,"26":1,"27":1,"28":1,"29":1,"30":0,"31":1,"32":1,"33":1,"34":1,"35":1,"36":1,"37":1,"38":1,"39":1,"40":1},"b":{"1":[1,1,1],"2":[4,4],"3":[4,5],"4":[0,1],"5":[0,1],"6":[0,1],"7":[1,1]},"f":{"1":4,"2":4,"3":5,"4":0,"5":9,"6":5,"7":1,"8":1,"9":1,"10":1,"11":1,"12":1,"13":1,"14":1},"fnMap":{"1":{"name":"(anonymous_1)","line":2,"loc":{"start":{"line":2,"column":44},"end":{"line":2,"column":89}}},"2":{"name":"(anonymous_2)","line":3,"loc":{"start":{"line":3,"column":36},"end":{"line":3,"column":63}}},"3":{"name":"fulfilled","line":4,"loc":{"start":{"line":4,"column":8},"end":{"line":4,"column":34}}},"4":{"name":"rejected","line":5,"loc":{"start":{"line":5,"column":8},"end":{"line":5,"column":33}}},"5":{"name":"step","line":6,"loc":{"start":{"line":6,"column":8},"end":{"line":6,"column":30}}},"6":{"name":"(anonymous_6)","line":6,"loc":{"start":{"line":6,"column":76},"end":{"line":6,"column":95}}},"7":{"name":"(anonymous_7)","line":12,"loc":{"start":{"line":12,"column":18},"end":{"line":12,"column":26}}},"8":{"name":"(anonymous_8)","line":13,"loc":{"start":{"line":13,"column":47},"end":{"line":13,"column":60}}},"9":{"name":"(anonymous_9)","line":21,"loc":{"start":{"line":21,"column":13},"end":{"line":21,"column":26}}},"10":{"name":"(anonymous_10)","line":22,"loc":{"start":{"line":22,"column":47},"end":{"line":22,"column":60}}},"11":{"name":"(anonymous_11)","line":30,"loc":{"start":{"line":30,"column":21},"end":{"line":30,"column":34}}},"12":{"name":"(anonymous_12)","line":31,"loc":{"start":{"line":31,"column":47},"end":{"line":31,"column":60}}},"13":{"name":"(anonymous_13)","line":40,"loc":{"start":{"line":40,"column":13},"end":{"line":40,"column":35}}},"14":{"name":"(anonymous_14)","line":41,"loc":{"start":{"line":41,"column":47},"end":{"line":41,"column":60}}}},"statementMap":{"1":{"start":{"line":2,"column":0},"end":{"line":9,"column":2}},"2":{"start":{"line":3,"column":4},"end":{"line":8,"column":7}},"3":{"start":{"line":4,"column":8},"end":{"line":4,"column":99}},"4":{"start":{"line":4,"column":36},"end":{"line":4,"column":97}},"5":{"start":{"line":4,"column":42},"end":{"line":4,"column":70}},"6":{"start":{"line":4,"column":85},"end":{"line":4,"column":95}},"7":{"start":{"line":5,"column":8},"end":{"line":5,"column":99}},"8":{"start":{"line":5,"column":35},"end":{"line":5,"column":97}},"9":{"start":{"line":5,"column":41},"end":{"line":5,"column":70}},"10":{"start":{"line":5,"column":85},"end":{"line":5,"column":95}},"11":{"start":{"line":6,"column":8},"end":{"line":6,"column":151}},"12":{"start":{"line":6,"column":32},"end":{"line":6,"column":149}},"13":{"start":{"line":6,"column":97},"end":{"line":6,"column":119}},"14":{"start":{"line":7,"column":8},"end":{"line":7,"column":72}},"15":{"start":{"line":10,"column":0},"end":{"line":10,"column":38}},"16":{"start":{"line":13,"column":8},"end":{"line":19,"column":11}},"17":{"start":{"line":14,"column":12},"end":{"line":14,"column":82}},"18":{"start":{"line":15,"column":12},"end":{"line":17,"column":13}},"19":{"start":{"line":16,"column":16},"end":{"line":16,"column":33}},"20":{"start":{"line":18,"column":12},"end":{"line":18,"column":32}},"21":{"start":{"line":22,"column":8},"end":{"line":28,"column":11}},"22":{"start":{"line":23,"column":12},"end":{"line":23,"column":88}},"23":{"start":{"line":24,"column":12},"end":{"line":26,"column":13}},"24":{"start":{"line":25,"column":16},"end":{"line":25,"column":33}},"25":{"start":{"line":27,"column":12},"end":{"line":27,"column":32}},"26":{"start":{"line":31,"column":8},"end":{"line":38,"column":11}},"27":{"start":{"line":32,"column":12},"end":{"line":32,"column":91}},"28":{"start":{"line":33,"column":12},"end":{"line":33,"column":76}},"29":{"start":{"line":34,"column":12},"end":{"line":36,"column":13}},"30":{"start":{"line":35,"column":16},"end":{"line":35,"column":33}},"31":{"start":{"line":37,"column":12},"end":{"line":37,"column":33}},"32":{"start":{"line":41,"column":8},"end":{"line":57,"column":11}},"33":{"start":{"line":42,"column":12},"end":{"line":47,"column":15}},"34":{"start":{"line":48,"column":12},"end":{"line":48,"column":20}},"35":{"start":{"line":49,"column":12},"end":{"line":49,"column":29}},"36":{"start":{"line":50,"column":12},"end":{"line":55,"column":14}},"37":{"start":{"line":56,"column":12},"end":{"line":56,"column":23}},"38":{"start":{"line":60,"column":0},"end":{"line":60,"column":34}},"39":{"start":{"line":61,"column":0},"end":{"line":61,"column":62}},"40":{"start":{"line":62,"column":0},"end":{"line":62,"column":30}}},"branchMap":{"1":{"line":2,"type":"binary-expr","locations":[{"start":{"line":2,"column":17},"end":{"line":2,"column":21}},{"start":{"line":2,"column":25},"end":{"line":2,"column":39}},{"start":{"line":2,"column":44},"end":{"line":9,"column":1}}]},"2":{"line":3,"type":"binary-expr","locations":[{"start":{"line":3,"column":16},"end":{"line":3,"column":17}},{"start":{"line":3,"column":22},"end":{"line":3,"column":33}}]},"3":{"line":6,"type":"cond-expr","locations":[{"start":{"line":6,"column":46},"end":{"line":6,"column":67}},{"start":{"line":6,"column":70},"end":{"line":6,"column":148}}]},"4":{"line":15,"type":"if","locations":[{"start":{"line":15,"column":12},"end":{"line":15,"column":12}},{"start":{"line":15,"column":12},"end":{"line":15,"column":12}}]},"5":{"line":24,"type":"if","locations":[{"start":{"line":24,"column":12},"end":{"line":24,"column":12}},{"start":{"line":24,"column":12},"end":{"line":24,"column":12}}]},"6":{"line":34,"type":"if","locations":[{"start":{"line":34,"column":12},"end":{"line":34,"column":12}},{"start":{"line":34,"column":12},"end":{"line":34,"column":12}}]},"7":{"line":34,"type":"binary-expr","locations":[{"start":{"line":34,"column":16},"end":{"line":34,"column":23}},{"start":{"line":34,"column":27},"end":{"line":34,"column":32}}]}}},"/Users/joey/Documents/projects/swarm-monitor/build/app/models/index.js":{"path":"/Users/joey/Documents/projects/swarm-monitor/build/app/models/index.js","s":{"1":1,"2":3,"3":5,"4":4,"5":1,"6":1,"7":1},"b":{"1":[4,1]},"f":{"1":3},"fnMap":{"1":{"name":"__export","line":2,"loc":{"start":{"line":2,"column":0},"end":{"line":2,"column":21}}}},"statementMap":{"1":{"start":{"line":2,"column":0},"end":{"line":4,"column":1}},"2":{"start":{"line":3,"column":4},"end":{"line":3,"column":71}},"3":{"start":{"line":3,"column":21},"end":{"line":3,"column":71}},"4":{"start":{"line":3,"column":53},"end":{"line":3,"column":71}},"5":{"start":{"line":5,"column":0},"end":{"line":5,"column":28}},"6":{"start":{"line":6,"column":0},"end":{"line":6,"column":35}},"7":{"start":{"line":7,"column":0},"end":{"line":7,"column":36}}},"branchMap":{"1":{"line":3,"type":"if","locations":[{"start":{"line":3,"column":21},"end":{"line":3,"column":21}},{"start":{"line":3,"column":21},"end":{"line":3,"column":21}}]}}},"/Users/joey/Documents/projects/swarm-monitor/build/app/models/user.js":{"path":"/Users/joey/Documents/projects/swarm-monitor/build/app/models/user.js","s":{"1":1,"2":52,"3":1,"4":104,"5":104,"6":0,"7":1,"8":0,"9":0,"10":0,"11":1,"12":156,"13":104,"14":52,"15":1,"16":1,"17":2,"18":72,"19":52,"20":52,"21":52,"22":52,"23":52,"24":88,"25":1,"26":1,"27":1},"b":{"1":[1,1,1],"2":[52,52],"3":[52,104],"4":[52,0],"5":[52,0]},"f":{"1":52,"2":52,"3":104,"4":0,"5":156,"6":104,"7":2,"8":72,"9":52,"10":52,"11":88},"fnMap":{"1":{"name":"(anonymous_1)","line":2,"loc":{"start":{"line":2,"column":44},"end":{"line":2,"column":89}}},"2":{"name":"(anonymous_2)","line":3,"loc":{"start":{"line":3,"column":36},"end":{"line":3,"column":63}}},"3":{"name":"fulfilled","line":4,"loc":{"start":{"line":4,"column":8},"end":{"line":4,"column":34}}},"4":{"name":"rejected","line":5,"loc":{"start":{"line":5,"column":8},"end":{"line":5,"column":33}}},"5":{"name":"step","line":6,"loc":{"start":{"line":6,"column":8},"end":{"line":6,"column":30}}},"6":{"name":"(anonymous_6)","line":6,"loc":{"start":{"line":6,"column":76},"end":{"line":6,"column":95}}},"7":{"name":"(anonymous_7)","line":13,"loc":{"start":{"line":13,"column":14},"end":{"line":13,"column":17}}},"8":{"name":"(anonymous_8)","line":16,"loc":{"start":{"line":16,"column":13},"end":{"line":16,"column":16}}},"9":{"name":"(anonymous_9)","line":19,"loc":{"start":{"line":19,"column":22},"end":{"line":19,"column":29}}},"10":{"name":"(anonymous_10)","line":20,"loc":{"start":{"line":20,"column":47},"end":{"line":20,"column":60}}},"11":{"name":"(anonymous_11)","line":28,"loc":{"start":{"line":28,"column":10},"end":{"line":28,"column":13}}}},"statementMap":{"1":{"start":{"line":2,"column":0},"end":{"line":9,"column":2}},"2":{"start":{"line":3,"column":4},"end":{"line":8,"column":7}},"3":{"start":{"line":4,"column":8},"end":{"line":4,"column":99}},"4":{"start":{"line":4,"column":36},"end":{"line":4,"column":97}},"5":{"start":{"line":4,"column":42},"end":{"line":4,"column":70}},"6":{"start":{"line":4,"column":85},"end":{"line":4,"column":95}},"7":{"start":{"line":5,"column":8},"end":{"line":5,"column":99}},"8":{"start":{"line":5,"column":35},"end":{"line":5,"column":97}},"9":{"start":{"line":5,"column":41},"end":{"line":5,"column":70}},"10":{"start":{"line":5,"column":85},"end":{"line":5,"column":95}},"11":{"start":{"line":6,"column":8},"end":{"line":6,"column":151}},"12":{"start":{"line":6,"column":32},"end":{"line":6,"column":149}},"13":{"start":{"line":6,"column":97},"end":{"line":6,"column":119}},"14":{"start":{"line":7,"column":8},"end":{"line":7,"column":72}},"15":{"start":{"line":10,"column":0},"end":{"line":10,"column":40}},"16":{"start":{"line":11,"column":0},"end":{"line":11,"column":42}},"17":{"start":{"line":14,"column":8},"end":{"line":14,"column":23}},"18":{"start":{"line":17,"column":8},"end":{"line":17,"column":50}},"19":{"start":{"line":20,"column":8},"end":{"line":26,"column":11}},"20":{"start":{"line":21,"column":12},"end":{"line":24,"column":13}},"21":{"start":{"line":22,"column":16},"end":{"line":22,"column":85}},"22":{"start":{"line":23,"column":16},"end":{"line":23,"column":51}},"23":{"start":{"line":25,"column":12},"end":{"line":25,"column":23}},"24":{"start":{"line":29,"column":8},"end":{"line":32,"column":10}},"25":{"start":{"line":35,"column":0},"end":{"line":35,"column":20}},"26":{"start":{"line":36,"column":0},"end":{"line":36,"column":62}},"27":{"start":{"line":37,"column":0},"end":{"line":37,"column":23}}},"branchMap":{"1":{"line":2,"type":"binary-expr","locations":[{"start":{"line":2,"column":17},"end":{"line":2,"column":21}},{"start":{"line":2,"column":25},"end":{"line":2,"column":39}},{"start":{"line":2,"column":44},"end":{"line":9,"column":1}}]},"2":{"line":3,"type":"binary-expr","locations":[{"start":{"line":3,"column":16},"end":{"line":3,"column":17}},{"start":{"line":3,"column":22},"end":{"line":3,"column":33}}]},"3":{"line":6,"type":"cond-expr","locations":[{"start":{"line":6,"column":46},"end":{"line":6,"column":67}},{"start":{"line":6,"column":70},"end":{"line":6,"column":148}}]},"4":{"line":21,"type":"if","locations":[{"start":{"line":21,"column":12},"end":{"line":21,"column":12}},{"start":{"line":21,"column":12},"end":{"line":21,"column":12}}]},"5":{"line":21,"type":"binary-expr","locations":[{"start":{"line":21,"column":16},"end":{"line":21,"column":28}},{"start":{"line":21,"column":32},"end":{"line":21,"column":56}}]}}},"/Users/joey/Documents/projects/swarm-monitor/build/app/lib/model.js":{"path":"/Users/joey/Documents/projects/swarm-monitor/build/app/lib/model.js","s":{"1":1,"2":559,"3":1,"4":201,"5":201,"6":0,"7":1,"8":0,"9":0,"10":0,"11":1,"12":760,"13":201,"14":559,"15":1,"16":1,"17":1,"18":1,"19":1,"20":565,"21":565,"22":565,"23":565,"24":565,"25":519,"26":565,"27":557,"28":557,"29":359,"30":359,"31":557,"32":8,"33":32,"34":565,"35":198,"36":52,"37":358,"38":358,"39":359,"40":359,"41":359,"42":201,"43":201,"44":201,"45":201,"46":201,"47":201,"48":1,"49":1,"50":1,"51":1,"52":1},"b":{"1":[1,1,1],"2":[559,559],"3":[559,201],"4":[519,46],"5":[557,8],"6":[359,198],"7":[201,0]},"f":{"1":559,"2":559,"3":201,"4":0,"5":760,"6":201,"7":565,"8":8,"9":32,"10":565,"11":198,"12":52,"13":493,"14":358,"15":358,"16":359,"17":201,"18":201},"fnMap":{"1":{"name":"(anonymous_1)","line":2,"loc":{"start":{"line":2,"column":44},"end":{"line":2,"column":89}}},"2":{"name":"(anonymous_2)","line":3,"loc":{"start":{"line":3,"column":36},"end":{"line":3,"column":63}}},"3":{"name":"fulfilled","line":4,"loc":{"start":{"line":4,"column":8},"end":{"line":4,"column":34}}},"4":{"name":"rejected","line":5,"loc":{"start":{"line":5,"column":8},"end":{"line":5,"column":33}}},"5":{"name":"step","line":6,"loc":{"start":{"line":6,"column":8},"end":{"line":6,"column":30}}},"6":{"name":"(anonymous_6)","line":6,"loc":{"start":{"line":6,"column":76},"end":{"line":6,"column":95}}},"7":{"name":"(anonymous_7)","line":16,"loc":{"start":{"line":16,"column":15},"end":{"line":16,"column":28}}},"8":{"name":"(anonymous_8)","line":33,"loc":{"start":{"line":33,"column":10},"end":{"line":33,"column":13}}},"9":{"name":"(anonymous_9)","line":36,"loc":{"start":{"line":36,"column":17},"end":{"line":36,"column":20}}},"10":{"name":"(anonymous_10)","line":39,"loc":{"start":{"line":39,"column":14},"end":{"line":39,"column":17}}},"11":{"name":"(anonymous_11)","line":42,"loc":{"start":{"line":42,"column":14},"end":{"line":42,"column":17}}},"12":{"name":"(anonymous_12)","line":45,"loc":{"start":{"line":45,"column":9},"end":{"line":45,"column":12}}},"13":{"name":"(anonymous_13)","line":48,"loc":{"start":{"line":48,"column":13},"end":{"line":48,"column":16}}},"14":{"name":"(anonymous_14)","line":49,"loc":{"start":{"line":49,"column":13},"end":{"line":49,"column":20}}},"15":{"name":"(anonymous_15)","line":50,"loc":{"start":{"line":50,"column":47},"end":{"line":50,"column":60}}},"16":{"name":"(anonymous_16)","line":54,"loc":{"start":{"line":54,"column":22},"end":{"line":54,"column":25}}},"17":{"name":"(anonymous_17)","line":59,"loc":{"start":{"line":59,"column":21},"end":{"line":59,"column":28}}},"18":{"name":"(anonymous_18)","line":60,"loc":{"start":{"line":60,"column":47},"end":{"line":60,"column":60}}}},"statementMap":{"1":{"start":{"line":2,"column":0},"end":{"line":9,"column":2}},"2":{"start":{"line":3,"column":4},"end":{"line":8,"column":7}},"3":{"start":{"line":4,"column":8},"end":{"line":4,"column":99}},"4":{"start":{"line":4,"column":36},"end":{"line":4,"column":97}},"5":{"start":{"line":4,"column":42},"end":{"line":4,"column":70}},"6":{"start":{"line":4,"column":85},"end":{"line":4,"column":95}},"7":{"start":{"line":5,"column":8},"end":{"line":5,"column":99}},"8":{"start":{"line":5,"column":35},"end":{"line":5,"column":97}},"9":{"start":{"line":5,"column":41},"end":{"line":5,"column":70}},"10":{"start":{"line":5,"column":85},"end":{"line":5,"column":95}},"11":{"start":{"line":6,"column":8},"end":{"line":6,"column":151}},"12":{"start":{"line":6,"column":32},"end":{"line":6,"column":149}},"13":{"start":{"line":6,"column":97},"end":{"line":6,"column":119}},"14":{"start":{"line":7,"column":8},"end":{"line":7,"column":72}},"15":{"start":{"line":10,"column":0},"end":{"line":10,"column":41}},"16":{"start":{"line":11,"column":0},"end":{"line":11,"column":35}},"17":{"start":{"line":12,"column":0},"end":{"line":12,"column":37}},"18":{"start":{"line":13,"column":0},"end":{"line":13,"column":49}},"19":{"start":{"line":14,"column":0},"end":{"line":14,"column":37}},"20":{"start":{"line":17,"column":8},"end":{"line":17,"column":26}},"21":{"start":{"line":18,"column":8},"end":{"line":18,"column":41}},"22":{"start":{"line":19,"column":8},"end":{"line":19,"column":43}},"23":{"start":{"line":20,"column":8},"end":{"line":20,"column":43}},"24":{"start":{"line":21,"column":8},"end":{"line":23,"column":9}},"25":{"start":{"line":22,"column":12},"end":{"line":22,"column":45}},"26":{"start":{"line":24,"column":8},"end":{"line":31,"column":9}},"27":{"start":{"line":25,"column":12},"end":{"line":25,"column":69}},"28":{"start":{"line":26,"column":12},"end":{"line":29,"column":13}},"29":{"start":{"line":27,"column":16},"end":{"line":27,"column":57}},"30":{"start":{"line":28,"column":16},"end":{"line":28,"column":42}},"31":{"start":{"line":30,"column":12},"end":{"line":30,"column":45}},"32":{"start":{"line":34,"column":8},"end":{"line":34,"column":25}},"33":{"start":{"line":37,"column":8},"end":{"line":37,"column":53}},"34":{"start":{"line":40,"column":8},"end":{"line":40,"column":32}},"35":{"start":{"line":43,"column":8},"end":{"line":43,"column":21}},"36":{"start":{"line":46,"column":8},"end":{"line":46,"column":47}},"37":{"start":{"line":50,"column":8},"end":{"line":52,"column":11}},"38":{"start":{"line":51,"column":12},"end":{"line":51,"column":47}},"39":{"start":{"line":55,"column":8},"end":{"line":55,"column":36}},"40":{"start":{"line":56,"column":8},"end":{"line":56,"column":74}},"41":{"start":{"line":57,"column":8},"end":{"line":57,"column":74}},"42":{"start":{"line":60,"column":8},"end":{"line":67,"column":11}},"43":{"start":{"line":61,"column":12},"end":{"line":61,"column":41}},"44":{"start":{"line":62,"column":12},"end":{"line":64,"column":13}},"45":{"start":{"line":63,"column":16},"end":{"line":63,"column":49}},"46":{"start":{"line":65,"column":12},"end":{"line":65,"column":45}},"47":{"start":{"line":66,"column":12},"end":{"line":66,"column":23}},"48":{"start":{"line":70,"column":0},"end":{"line":70,"column":55}},"49":{"start":{"line":71,"column":0},"end":{"line":71,"column":47}},"50":{"start":{"line":72,"column":0},"end":{"line":72,"column":51}},"51":{"start":{"line":73,"column":0},"end":{"line":73,"column":36}},"52":{"start":{"line":74,"column":0},"end":{"line":74,"column":22}}},"branchMap":{"1":{"line":2,"type":"binary-expr","locations":[{"start":{"line":2,"column":17},"end":{"line":2,"column":21}},{"start":{"line":2,"column":25},"end":{"line":2,"column":39}},{"start":{"line":2,"column":44},"end":{"line":9,"column":1}}]},"2":{"line":3,"type":"binary-expr","locations":[{"start":{"line":3,"column":16},"end":{"line":3,"column":17}},{"start":{"line":3,"column":22},"end":{"line":3,"column":33}}]},"3":{"line":6,"type":"cond-expr","locations":[{"start":{"line":6,"column":46},"end":{"line":6,"column":67}},{"start":{"line":6,"column":70},"end":{"line":6,"column":148}}]},"4":{"line":21,"type":"if","locations":[{"start":{"line":21,"column":8},"end":{"line":21,"column":8}},{"start":{"line":21,"column":8},"end":{"line":21,"column":8}}]},"5":{"line":24,"type":"if","locations":[{"start":{"line":24,"column":8},"end":{"line":24,"column":8}},{"start":{"line":24,"column":8},"end":{"line":24,"column":8}}]},"6":{"line":26,"type":"if","locations":[{"start":{"line":26,"column":12},"end":{"line":26,"column":12}},{"start":{"line":26,"column":12},"end":{"line":26,"column":12}}]},"7":{"line":62,"type":"if","locations":[{"start":{"line":62,"column":12},"end":{"line":62,"column":12}},{"start":{"line":62,"column":12},"end":{"line":62,"column":12}}]}}},"/Users/joey/Documents/projects/swarm-monitor/build/app/lib/schema.js":{"path":"/Users/joey/Documents/projects/swarm-monitor/build/app/lib/schema.js","s":{"1":1,"2":2544,"3":1,"4":3777,"5":3777,"6":1,"7":1,"8":5,"9":5,"10":5,"11":1,"12":6316,"13":3782,"14":2544,"15":1,"16":1,"17":1,"18":1,"19":564,"20":564,"21":564,"22":564,"23":1785,"24":2179,"25":726,"26":2503,"27":2503,"28":365,"29":365,"30":365,"31":365,"32":2179,"33":360,"34":365,"35":365,"36":1578,"37":365,"38":365,"39":2297,"40":820,"41":365,"42":365,"43":365,"44":365,"45":1578,"46":365,"47":309,"48":1,"49":364,"50":361,"51":361,"52":361,"53":361,"54":361,"55":153,"56":153,"57":153,"58":153,"59":153,"60":1,"61":360,"62":364,"63":364,"64":364,"65":1577,"66":1577,"67":1577,"68":1577,"69":2330,"70":2330,"71":1,"72":2329,"73":1,"74":2328,"75":1159,"76":1,"77":1158,"78":1154,"79":1577,"80":100,"81":1477,"82":50,"83":1427,"84":100,"85":0,"86":100,"87":1327,"88":361,"89":360,"90":360,"91":360,"92":1571,"93":360,"94":0,"95":0,"96":0,"97":0,"98":0,"99":360,"100":364,"101":364,"102":364,"103":1577,"104":364,"105":454,"106":454,"107":0,"108":454,"109":50,"110":364,"111":1,"112":1,"113":1},"b":{"1":[1,1,1],"2":[2544,2544],"3":[2534,3782],"4":[820,1477],"5":[1,308],"6":[1,152],"7":[150,1427],"8":[1,2329],"9":[2330,1171,516],"10":[1,2328],"11":[2329,655],"12":[1159,1169],"13":[1,1158],"14":[1159,1155],"15":[1154,4],"16":[100,1477],"17":[50,1427],"18":[100,1327],"19":[0,100],"20":[100,100],"21":[1571,0],"22":[0,0],"23":[0,0],"24":[0,454],"25":[454,50],"26":[50,404],"27":[454,454]},"f":{"1":2544,"2":2544,"3":3777,"4":5,"5":6316,"6":3782,"7":564,"8":2179,"9":726,"10":2503,"11":365,"12":365,"13":365,"14":365,"15":365,"16":365,"17":361,"18":361,"19":364,"20":364,"21":360,"22":360,"23":364,"24":364},"fnMap":{"1":{"name":"(anonymous_1)","line":2,"loc":{"start":{"line":2,"column":44},"end":{"line":2,"column":89}}},"2":{"name":"(anonymous_2)","line":3,"loc":{"start":{"line":3,"column":36},"end":{"line":3,"column":63}}},"3":{"name":"fulfilled","line":4,"loc":{"start":{"line":4,"column":8},"end":{"line":4,"column":34}}},"4":{"name":"rejected","line":5,"loc":{"start":{"line":5,"column":8},"end":{"line":5,"column":33}}},"5":{"name":"step","line":6,"loc":{"start":{"line":6,"column":8},"end":{"line":6,"column":30}}},"6":{"name":"(anonymous_6)","line":6,"loc":{"start":{"line":6,"column":76},"end":{"line":6,"column":95}}},"7":{"name":"(anonymous_7)","line":15,"loc":{"start":{"line":15,"column":15},"end":{"line":15,"column":28}}},"8":{"name":"(anonymous_8)","line":23,"loc":{"start":{"line":23,"column":9},"end":{"line":23,"column":12}}},"9":{"name":"(anonymous_9)","line":26,"loc":{"start":{"line":26,"column":9},"end":{"line":26,"column":12}}},"10":{"name":"(anonymous_10)","line":29,"loc":{"start":{"line":29,"column":7},"end":{"line":29,"column":23}}},"11":{"name":"(anonymous_11)","line":33,"loc":{"start":{"line":33,"column":12},"end":{"line":33,"column":18}}},"12":{"name":"(anonymous_12)","line":34,"loc":{"start":{"line":34,"column":47},"end":{"line":34,"column":60}}},"13":{"name":"(anonymous_13)","line":43,"loc":{"start":{"line":43,"column":26},"end":{"line":43,"column":32}}},"14":{"name":"(anonymous_14)","line":44,"loc":{"start":{"line":44,"column":47},"end":{"line":44,"column":60}}},"15":{"name":"(anonymous_15)","line":57,"loc":{"start":{"line":57,"column":26},"end":{"line":57,"column":32}}},"16":{"name":"(anonymous_16)","line":58,"loc":{"start":{"line":58,"column":47},"end":{"line":58,"column":60}}},"17":{"name":"(anonymous_17)","line":71,"loc":{"start":{"line":71,"column":24},"end":{"line":71,"column":30}}},"18":{"name":"(anonymous_18)","line":72,"loc":{"start":{"line":72,"column":47},"end":{"line":72,"column":60}}},"19":{"name":"(anonymous_19)","line":88,"loc":{"start":{"line":88,"column":24},"end":{"line":88,"column":30}}},"20":{"name":"(anonymous_20)","line":89,"loc":{"start":{"line":89,"column":47},"end":{"line":89,"column":60}}},"21":{"name":"(anonymous_21)","line":131,"loc":{"start":{"line":131,"column":23},"end":{"line":131,"column":29}}},"22":{"name":"(anonymous_22)","line":132,"loc":{"start":{"line":132,"column":47},"end":{"line":132,"column":60}}},"23":{"name":"(anonymous_23)","line":149,"loc":{"start":{"line":149,"column":24},"end":{"line":149,"column":30}}},"24":{"name":"(anonymous_24)","line":150,"loc":{"start":{"line":150,"column":47},"end":{"line":150,"column":60}}}},"statementMap":{"1":{"start":{"line":2,"column":0},"end":{"line":9,"column":2}},"2":{"start":{"line":3,"column":4},"end":{"line":8,"column":7}},"3":{"start":{"line":4,"column":8},"end":{"line":4,"column":99}},"4":{"start":{"line":4,"column":36},"end":{"line":4,"column":97}},"5":{"start":{"line":4,"column":42},"end":{"line":4,"column":70}},"6":{"start":{"line":4,"column":85},"end":{"l
[...]
"end":{"line":41,"column":33}},"36":{"start":{"line":43,"column":12},"end":{"line":43,"column":33}},"37":{"start":{"line":47,"column":8},"end":{"line":63,"column":11}},"38":{"start":{"line":48,"column":12},"end":{"line":53,"column":15}},"39":{"start":{"line":54,"column":12},"end":{"line":54,"column":20}},"40":{"start":{"line":55,"column":12},"end":{"line":55,"column":29}},"41":{"start":{"line":56,"column":12},"end":{"line":61,"column":14}},"42":{"start":{"line":62,"column":12},"end":{"line":62,"column":23}},"43":{"start":{"line":66,"column":0},"end":{"line":66,"column":38}},"44":{"start":{"line":67,"column":0},"end":{"line":67,"column":62}},"45":{"start":{"line":68,"column":0},"end":{"line":68,"column":32}}},"branchMap":{"1":{"line":2,"type":"binary-expr","locations":[{"start":{"line":2,"column":17},"end":{"line":2,"column":21}},{"start":{"line":2,"column":25},"end":{"line":2,"column":39}},{"start":{"line":2,"column":44},"end":{"line":9,"column":1}}]},"2":{"line":3,"type":"binary-expr","locations":[{"start":{"line":3,"column":16},"end":{"line":3,"column":17}},{"start":{"line":3,"column":22},"end":{"line":3,"column":33}}]},"3":{"line":6,"type":"cond-expr","locations":[{"start":{"line":6,"column":46},"end":{"line":6,"column":67}},{"start":{"line":6,"column":70},"end":{"line":6,"column":148}}]},"4":{"line":16,"type":"if","locations":[{"start":{"line":16,"column":12},"end":{"line":16,"column":12}},{"start":{"line":16,"column":12},"end":{"line":16,"column":12}}]},"5":{"line":25,"type":"if","locations":[{"start":{"line":25,"column":12},"end":{"line":25,"column":12}},{"start":{"line":25,"column":12},"end":{"line":25,"column":12}}]},"6":{"line":35,"type":"if","locations":[{"start":{"line":35,"column":12},"end":{"line":35,"column":12}},{"start":{"line":35,"column":12},"end":{"line":35,"column":12}}]},"7":{"line":40,"type":"if","locations":[{"start":{"line":40,"column":12},"end":{"line":40,"column":12}},{"start":{"line":40,"column":12},"end":{"line":40,"column":12}}]}}},"/Users/joey/Documents/projects/swarm-monitor/build/app/routes/hello.js":{"path":"/Users/joey/Documents/projects/swarm-monitor/build/app/routes/hello.js","s":{"1":1,"2":8,"3":1,"4":1,"5":1,"6":1},"b":{},"f":{"1":8,"2":1},"fnMap":{"1":{"name":"(anonymous_1)","line":4,"loc":{"start":{"line":4,"column":13},"end":{"line":4,"column":22}}},"2":{"name":"(anonymous_2)","line":5,"loc":{"start":{"line":5,"column":24},"end":{"line":5,"column":41}}}},"statementMap":{"1":{"start":{"line":2,"column":0},"end":{"line":2,"column":32}},"2":{"start":{"line":5,"column":8},"end":{"line":9,"column":11}},"3":{"start":{"line":6,"column":12},"end":{"line":6,"column":50}},"4":{"start":{"line":7,"column":12},"end":{"line":7,"column":98}},"5":{"start":{"line":8,"column":12},"end":{"line":8,"column":23}},"6":{"start":{"line":12,"column":0},"end":{"line":12,"column":44}}},"branchMap":{}},"/Users/joey/Documents/projects/swarm-monitor/build/app/lib/service.js":{"path":"/Users/joey/Documents/projects/swarm-monitor/build/app/lib/service.js","s":{"1":1,"2":0,"3":1,"4":0,"5":0,"6":0,"7":1,"8":0,"9":0,"10":0,"11":1,"12":0,"13":0,"14":0,"15":16,"16":0,"17":0,"18":0,"19":0,"20":0,"21":0,"22":1,"23":1,"24":1},"b":{"1":[1,1,1],"2":[0,0],"3":[0,0]},"f":{"1":0,"2":0,"3":0,"4":0,"5":0,"6":0,"7":16,"8":0,"9":0,"10":0,"11":0,"12":0},"fnMap":{"1":{"name":"(anonymous_1)","line":2,"loc":{"start":{"line":2,"column":44},"end":{"line":2,"column":89}}},"2":{"name":"(anonymous_2)","line":3,"loc":{"start":{"line":3,"column":36},"end":{"line":3,"column":63}}},"3":{"name":"fulfilled","line":4,"loc":{"start":{"line":4,"column":8},"end":{"line":4,"column":34}}},"4":{"name":"rejected","line":5,"loc":{"start":{"line":5,"column":8},"end":{"line":5,"column":33}}},"5":{"name":"step","line":6,"loc":{"start":{"line":6,"column":8},"end":{"line":6,"column":30}}},"6":{"name":"(anonymous_6)","line":6,"loc":{"start":{"line":6,"column":76},"end":{"line":6,"column":95}}},"7":{"name":"(anonymous_7)","line":11,"loc":{"start":{"line":11,"column":15},"end":{"line":11,"column":24}}},"8":{"name":"(anonymous_8)","line":14,"loc":{"start":{"line":14,"column":8},"end":{"line":14,"column":11}}},"9":{"name":"(anonymous_9)","line":15,"loc":{"start":{"line":15,"column":47},"end":{"line":15,"column":60}}},"10":{"name":"(anonymous_10)","line":20,"loc":{"start":{"line":20,"column":10},"end":{"line":20,"column":13}}},"11":{"name":"(anonymous_11)","line":21,"loc":{"start":{"line":21,"column":47},"end":{"line":21,"column":60}}},"12":{"name":"(anonymous_12)","line":25,"loc":{"start":{"line":25,"column":7},"end":{"line":25,"column":10}}}},"statementMap":{"1":{"start":{"line":2,"column":0},"end":{"line":9,"column":2}},"2":{"start":{"line":3,"column":4},"end":{"line":8,"column":7}},"3":{"start":{"line":4,"column":8},"end":{"line":4,"column":99}},"4":{"start":{"line":4,"column":36},"end":{"line":4,"column":97}},"5":{"start":{"line":4,"column":42},"end":{"line":4,"column":70}},"6":{"start":{"line":4,"column":85},"end":{"line":4,"column":95}},"7":{"start":{"line":5,"column":8},"end":{"line":5,"column":99}},"8":{"start":{"line":5,"column":35},"end":{"line":5,"column":97}},"9":{"start":{"line":5,"column":41},"end":{"line":5,"column":70}},"10":{"start":{"line":5,"column":85},"end":{"line":5,"column":95}},"11":{"start":{"line":6,"column":8},"end":{"line":6,"column":151}},"12":{"start":{"line":6,"column":32},"end":{"line":6,"column":149}},"13":{"start":{"line":6,"column":97},"end":{"line":6,"column":119}},"14":{"start":{"line":7,"column":8},"end":{"line":7,"column":72}},"15":{"start":{"line":12,"column":8},"end":{"line":12,"column":29}},"16":{"start":{"line":15,"column":8},"end":{"line":18,"column":11}},"17":{"start":{"line":16,"column":12},"end":{"line":16,"column":33}},"18":{"start":{"line":17,"column":12},"end":{"line":17,"column":24}},"19":{"start":{"line":21,"column":8},"end":{"line":23,"column":11}},"20":{"start":{"line":22,"column":12},"end":{"line":22,"column":24}},"21":{"start":{"line":26,"column":8},"end":{"line":26,"column":29}},"22":{"start":{"line":29,"column":0},"end":{"line":29,"column":26}},"23":{"start":{"line":30,"column":0},"end":{"line":30,"column":62}},"24":{"start":{"line":31,"column":0},"end":{"line":31,"column":26}}},"branchMap":{"1":{"line":2,"type":"binary-expr","locations":[{"start":{"line":2,"column":17},"end":{"line":2,"column":21}},{"start":{"line":2,"column":25},"end":{"line":2,"column":39}},{"start":{"line":2,"column":44},"end":{"line":9,"column":1}}]},"2":{"line":3,"type":"binary-expr","locations":[{"start":{"line":3,"column":16},"end":{"line":3,"column":17}},{"start":{"line":3,"column":22},"end":{"line":3,"column":33}}]},"3":{"line":6,"type":"cond-expr","locations":[{"start":{"line":6,"column":46},"end":{"line":6,"column":67}},{"start":{"line":6,"column":70},"end":{"line":6,"column":148}}]}}},"/Users/joey/Documents/projects/swarm-monitor/build/app/config.js":{"path":"/Users/joey/Documents/projects/swarm-monitor/build/app/config.js","s":{"1":1},"b":{},"f":{},"fnMap":{},"statementMap":{"1":{"start":{"line":2,"column":0},"end":{"line":14,"column":2}}},"branchMap":{}},"/Users/joey/Documents/projects/swarm-monitor/build/app/services/logger.js":{"path":"/Users/joey/Documents/projects/swarm-monitor/build/app/services/logger.js","s":{"1":1,"2":8,"3":1,"4":0,"5":0,"6":0,"7":1,"8":0,"9":0,"10":0,"11":1,"12":8,"13":0,"14":8,"15":1,"16":1,"17":1,"18":8,"19":8,"20":0,"21":0,"22":8,"23":8,"24":8,"25":8,"26":8,"27":0,"28":8,"29":8,"30":8,"31":8,"32":8,"33":8,"34":0,"35":0,"36":0,"37":0,"38":0,"39":0,"40":0,"41":0,"42":0,"43":0,"44":1},"b":{"1":[1,1,1],"2":[8,8],"3":[8,0],"4":[0,8],"5":[8,0],"6":[0,0]},"f":{"1":8,"2":8,"3":0,"4":0,"5":8,"6":0,"7":8,"8":0,"9":8,"10":8,"11":0,"12":0,"13":0,"14":0,"15":0,"16":0,"17":0},"fnMap":{"1":{"name":"(anonymous_1)","line":2,"loc":{"start":{"line":2,"column":44},"end":{"line":2,"column":89}}},"2":{"name":"(anonymous_2)","line":3,"loc":{"start":{"line":3,"column":36},"end":{"line":3,"column":63}}},"3":{"name":"fulfilled","line":4,"loc":{"start":{"line":4,"column":8},"end":{"line":4,"column":34}}},"4":{"name":"rejected","line":5,"loc":{"start":{"line":5,"column":8},"end":{"line":5,"column":33}}},"5":{"name":"step","line":6,"loc":{"start":{"line":6,"column":8},"end":{"line":6,"column":30}}},"6":{"name":"(anonymous_6)","line":6,"loc":{"start":{"line":6,"column":76},"end":{"line":6,"column":95}}},"7":{"name":"(anonymous_7)","line":14,"loc":{"start":{"line":14,"column":15},"end":{"line":14,"column":18}}},"8":{"name":"(anonymous_8)","line":18,"loc":{"start":{"line":18,"column":15},"end":{"line":18,"column":21}}},"9":{"name":"(anonymous_9)","line":22,"loc":{"start":{"line":22,"column":8},"end":{"line":22,"column":11}}},"10":{"name":"(anonymous_10)","line":23,"loc":{"start":{"line":23,"column":47},"end":{"line":23,"column":60}}},"11":{"name":"(anonymous_11)","line":40,"loc":{"start":{"line":40,"column":7},"end":{"line":40,"column":20}}},"12":{"name":"(anonymous_12)","line":47,"loc":{"start":{"line":47,"column":8},"end":{"line":47,"column":24}}},"13":{"name":"(anonymous_13)","line":50,"loc":{"start":{"line":50,"column":9},"end":{"line":50,"column":25}}},"14":{"name":"(anonymous_14)","line":53,"loc":{"start":{"line":53,"column":9},"end":{"line":53,"column":25}}},"15":{"name":"(anonymous_15)","line":56,"loc":{"start":{"line":56,"column":8},"end":{"line":56,"column":24}}},"16":{"name":"(anonymous_16)","line":59,"loc":{"start":{"line":59,"column":11},"end":{"line":59,"column":27}}},"17":{"name":"(anonymous_17)","line":62,"loc":{"start":{"line":62,"column":9},"end":{"line":62,"column":25}}}},"statementMap":{"1":{"start":{"line":2,"column":0},"end":{"line":9,"column":2}},"2":{"start":{"line":3,"column":4},"end":{"line":8,"column":7}},"3":{"start":{"line":4,"column":8},"end":{"line":4,"column":99}},"4":{"start":{"line":4,"column":36},"end":{"line":4,"column":97}},"5":{"start":{"line":4,"column":42},"end":{"line":4,"column":70}},"6":{"start":{"line":4,"column":85},"end":{"line":4,"column":95}},"7":{"start":{"line":5,"column":8},"end":{"line":5,"column":99}},"8":{"start":{"line":5,"column":35},"end":{"line":5,"column":97}},"9":{"start":{"line":5,"column":41},"end":{"line":5,"column":70}},"10":{"start":{"line":5,"column":85},"end":{"line":5,"column":95}},"11":{"start":{"line":6,"column":8},"end":{"line":6,"column":151}},"12":{"start":{"line":6,"column":32},"end":{"line":6,"column":149}},"13":{"start":{"line":6,"column":97},"end":{"line":6,"column":119}},"14":{"start":{"line":7,"column":8},"end":{"line":7,"column":72}},"15":{"start":{"line":10,"column":0},"end":{"line":10,"column":32}},"16":{"start":{"line":11,"column":0},"end":{"line":11,"column":35}},"17":{"start":{"line":12,"column":0},"end":{"line":12,"column":28}},"18":{"start":{"line":15,"column":8},"end":{"line":15,"column":28}},"19":{"start":{"line":16,"column":8},"end":{"line":16,"column":24}},"20":{"start":{"line":19,"column":8},"end":{"line":19,"column":46}},"21":{"start":{"line":20,"column":8},"end":{"line":20,"column":24}},"22":{"start":{"line":23,"column":8},"end":{"line":38,"column":11}},"23":{"start":{"line":24,"column":12},"end":{"line":24,"column":54}},"24":{"start":{"line":25,"column":12},"end":{"line":25,"column":49}},"25":{"start":{"line":26,"column":12},"end":{"line":34,"column":15}},"26":{"start":{"line":27,"column":16},"end":{"line":29,"column":17}},"27":{"start":{"line":28,"column":20},"end":{"line":28,"column":27}},"28":{"start":{"line":30,"column":16},"end":{"line":30,"column":55}},"29":{"start":{"line":31,"column":16},"end":{"line":33,"column":17}},"30":{"start":{"line":32,"column":20},"end":{"line":32,"column":82}},"31":{"start":{"line":35,"column":12},"end":{"line":35,"column":74}},"32":{"start":{"line":36,"column":12},"end":{"line":36,"column":74}},"33":{"start":{"line":37,"column":12},"end":{"line":37,"column":24}},"34":{"start":{"line":41,"column":8},"end":{"line":44,"column":9}},"35":{"start":{"line":42,"column":12},"end":{"line":42,"column":24}},"36":{"start":{"line":43,"column":12},"end":{"line":43,"column":27}},"37":{"start":{"line":45,"column":8},"end":{"line":45,"column":38}},"38":{"start":{"line":48,"column":8},"end":{"line":48,"column":42}},"39":{"start":{"line":51,"column":8},"end":{"line":51,"column":43}},"40":{"start":{"line":54,"column":8},"end":{"line":54,"column":43}},"41":{"start":{"line":57,"column":8},"end":{"line":57,"column":42}},"42":{"start":{"line":60,"column":8},"end":{"line":60,"column":45}},"43":{"start":{"line":63,"column":8},"end":{"line":63,"column":43}},"44":{"start":{"line":66,"column":0},"end":{"line":66,"column":24}}},"branchMap":{"1":{"line":2,"type":"binary-expr","locations":[{"start":{"line":2,"column":17},"end":{"line":2,"column":21}},{"start":{"line":2,"column":25},"end":{"line":2,"column":39}},{"start":{"line":2,"column":44},"end":{"line":9,"column":1}}]},"2":{"line":3,"type":"binary-expr","locations":[{"start":{"line":3,"column":16},"end":{"line":3,"column":17}},{"start":{"line":3,"column":22},"end":{"line":3,"column":33}}]},"3":{"line":6,"type":"cond-expr","locations":[{"start":{"line":6,"column":46},"end":{"line":6,"column":67}},{"start":{"line":6,"column":70},"end":{"line":6,"column":148}}]},"4":{"line":27,"type":"if","locations":[{"start":{"line":27,"column":16},"end":{"line":27,"column":16}},{"start":{"line":27,"column":16},"end":{"line":27,"column":16}}]},"5":{"line":31,"type":"if","locations":[{"start":{"line":31,"column":16},"end":{"line":31,"column":16}},{"start":{"line":31,"column":16},"end":{"line":31,"column":16}}]},"6":{"line":41,"type":"if","locations":[{"start":{"line":41,"column":8},"end":{"line":41,"column":8}},{"start":{"line":41,"column":8},"end":{"line":41,"column":8}}]}}},"/Users/joey/Documents/projects/swarm-monitor/build/app/services/mongodb.js":{"path":"/Users/joey/Documents/projects/swarm-monitor/build/app/services/mongodb.js","s":{"1":1,"2":40,"3":1,"4":8,"5":8,"6":0,"7":1,"8":0,"9":0,"10":0,"11":1,"12":48,"13":8,"14":40,"15":1,"16":1,"17":1,"18":1,"19":8,"20":8,"21":8,"22":8,"23":8,"24":8,"25":32,"26":8,"27":0,"28":0,"29":0,"30":32,"31":32,"32":32,"33":32,"34":32,"35":32,"36":32,"37":0,"38":0,"39":0,"40":0,"41":0,"42":0,"43":0,"44":1},"b":{"1":[1,1,1],"2":[40,40],"3":[40,8],"4":[32,0],"5":[32,32],"6":[0,0],"7":[0,0]},"f":{"1":40,"2":40,"3":8,"4":0,"5":48,"6":8,"7":8,"8":8,"9":8,"10":0,"11":0,"12":32,"13":32},"fnMap":{"1":{"name":"(anonymous_1)","line":2,"loc":{"start":{"line":2,"column":44},"end":{"line":2,"column":89}}},"2":{"name":"(anonymous_2)","line":3,"loc":{"start":{"line":3,"column":36},"end":{"line":3,"column":63}}},"3":{"name":"fulfilled","line":4,"loc":{"start":{"line":4,"column":8},"end":{"line":4,"column":34}}},"4":{"name":"rejected","line":5,"loc":{"start":{"line":5,"column":8},"end":{"line":5,"column":33}}},"5":{"name":"step","line":6,"loc":{"start":{"line":6,"column":8},"end":{"line":6,"column":30}}},"6":{"name":"(anonymous_6)","line":6,"loc":{"start":{"line":6,"column":76},"end":{"line":6,"column":95}}},"7":{"name":"(anonymous_7)","line":15,"loc":{"start":{"line":15,"column":15},"end":{"line":15,"column":18}}},"8":{"name":"(anonymous_8)","line":19,"loc":{"start":{"line":19,"column":8},"end":{"line":19,"column":11}}},"9":{"name":"(anonymous_9)","line":20,"loc":{"start":{"line":20,"column":47},"end":{"line":20,"column":60}}},"10":{"name":"(anonymous_10)","line":29,"loc":{"start":{"line":29,"column":10},"end":{"line":29,"column":13}}},"11":{"name":"(anonymous_11)","line":30,"loc":{"start":{"line":30,"column":47},"end":{"line":30,"column":60}}},"12":{"name":"(anonymous_12)","line":35,"loc":{"start":{"line":35,"column":12},"end":{"line":35,"column":26}}},"13":{"name":"(anonymous_13)","line":36,"loc":{"start":{"line":36,"column":47},"end":{"line":36,"column":60}}}},"statementMap":{"1":{"start":{"line":2,"column":0},"end":{"line":9,"column":2}},"2":{"start":{"line":3,"column":4},"end":{"line":8,"column":7}},"3":{"start":{"line":4,"column":8},"end":{"line":4,"column":99}},"4":{"start":{"line":4,"column":36},"end":{"line":4,"column":97}},"5":{"start":{"line":4,"column":42},"end":{"line":4,"column":70}},"6":{"start":{"line":4,"column":85},"end":{"line":4,"column":95}},"7":{"start":{"line":5,"column":8},"end":{"line":5,"column":99}},"8":{"start":{"line":5,"column":35},"end":{"line":5,"column":97}},"9":{"start":{"line":5,"column":41},"end":{"line":5,"column":70}},"10":{"start":{"line":5,"column":85},"end":{"line":5,"column":95}},"11":{"start":{"line":6,"column":8},"end":{"line":6,"column":151}},"12":{"start":{"line":6,"column":32},"end":{"line":6,"column":149}},"13":{"start":{"line":6,"column":97},"end":{"line":6,"column":119}},"14":{"start":{"line":7,"column":8},"end":{"line":7,"column":72}},"15":{"start":{"line":10,"column":0},"end":{"line":10,"column":39}},"16":{"start":{"line":11,"column":0},"end":{"line":11,"column":32}},"17":{"start":{"line":12,"column":0},"end":{"line":12,"column":35}},"18":{"start":{"line":13,"column":0},"end":{"line":13,"column":36}},"19":{"start":{"line":16,"column":8},"end":{"line":16,"column":28}},"20":{"start":{"line":17,"column":8},"end":{"line":17,"column":23}},"21":{"start":{"line":20,"column":8},"end":{"line":27,"column":11}},"22":{"start":{"line":21,"column":12},"end":{"line":21,"column":58}},"23":{"start":{"line":22,"column":12},"end":{"line":22,"column":38}},"24":{"start":{"line":23,"column":12},"end":{"line":25,"column":15}},"25":{"start":{"line":24,"column":16},"end":{"line":24,"column":37}},"26":{"start":{"line":26,"column":12},"end":{"line":26,"column":24}},"27":{"start":{"line":30,"column":8},"end":{"line":33,"column":11}},"28":{"start":{"line":31,"column":12},"end":{"line":31,"column":45}},"29":{"start":{"line":32,"column":12},"end":{"line":32,"column":24}},"30":{"start":{"line":36,"column":8},"end":{"line":57,"column":11}},"31":{"start":{"line":37,"column":12},"end":{"line":37,"column":27}},"32":{"start":{"line":38,"column":12},"end":{"line":38,"column":42}},"33":{"start":{"line":39,"column":12},"end":{"line":56,"column":13}},"34":{"start":{"line":40,"column":16},"end":{"line":42,"column":19}},"35":{"start":{"line":41,"column":20},"end":{"line":41,"column":69}},"36":{"start":{"line":43,"column":16},"end":{"line":55,"column":19}},"37":{"start":{"line":44,"column":20},"end":{"line":44,"column":26}},"38":{"start":{"line":45,"column":20},"end":{"line":54,"column":21}},"39":{"start":{"line":46,"column":24},"end":{"line":46,"column":70}},"40":{"start":{"line":48,"column":25},"end":{"line":54,"column":21}},"41":{"start":{"line":49,"column":24},"end":{"line":49,"column":59}},"42":{"start":{"line":50,"column":24},"end":{"line":50,"column":45}},"43":{"start":{"line":53,"column":24},"end":{"line":53,"column":52}},"44":{"start":{"line":60,"column":0},"end":{"line":60,"column":25}}},"branchMap":{"1":{"line":2,"type":"binary-expr","locations":[{"start":{"line":2,"column":17},"end":{"line":2,"column":21}},{"start":{"line":2,"column":25},"end":{"line":2,"column":39}},{"start":{"line":2,"column":44},"end":{"line":9,"column":1}}]},"2":{"line":3,"type":"binary-expr","locations":[{"start":{"line":3,"column":16},"end":{"line":3,"column":17}},{"start":{"line":3,"column":22},"end":{"line":3,"column":33}}]},"3":{"line":6,"type":"cond-expr","locations":[{"start":{"line":6,"column":46},"end":{"line":6,"column":67}},{"start":{"line":6,"column":70},"end":{"line":6,"column":148}}]},"4":{"line":39,"type":"if","locations":[{"start":{"line":39,"column":12},"end":{"line":39,"column":12}},{"start":{"line":39,"column":12},"end":{"line":39,"column":12}}]},"5":{"line":41,"type":"binary-expr","locations":[{"start":{"line":41,"column":27},"end":{"line":41,"column":46}},{"start":{"line":41,"column":50},"end":{"line":41,"column":68}}]},"6":{"line":45,"type":"if","locations":[{"start":{"line":45,"column":20},"end":{"line":45,"column":20}},{"start":{"line":45,"column":20},"end":{"line":45,"column":20}}]},"7":{"line":48,"type":"if","locations":[{"start":{"line":48,"column":25},"end":{"line":48,"column":25}},{"start":{"line":48,"column":25},"end":{"line":48,"column":25}}]}}}}