TN:
SF:/Users/joey/GitHub/swarm-monitor/build/app/adapters/jsonapi.js
FN:7,(anonymous_1)
FN:51,(anonymous_2)
FN:54,(anonymous_3)
FNF:3
FNH:0
FNDA:0,(anonymous_1)
FNDA:0,(anonymous_2)
FNDA:0,(anonymous_3)
DA:2,1
DA:5,1
DA:8,0
DA:9,0
DA:10,0
DA:11,0
DA:12,0
DA:13,0
DA:15,0
DA:16,0
DA:17,0
DA:18,0
DA:19,0
DA:21,0
DA:22,0
DA:23,0
DA:24,0
DA:25,0
DA:29,0
DA:31,0
DA:33,0
DA:34,0
DA:35,0
DA:36,0
DA:37,0
DA:38,0
DA:42,0
DA:44,0
DA:46,0
DA:47,0
DA:48,0
DA:49,0
DA:52,0
DA:55,0
DA:56,0
DA:57,0
DA:58,0
DA:59,0
DA:60,0
DA:61,0
DA:62,0
DA:63,0
DA:64,0
DA:65,0
DA:66,0
DA:68,0
DA:69,0
DA:72,0
DA:73,0
DA:77,0
DA:78,0
DA:79,0
DA:83,0
DA:85,0
DA:88,0
DA:89,0
DA:91,0
DA:94,1
DA:95,1
DA:96,1
LF:60
LH:5
BRDA:12,1,0,0
BRDA:12,1,1,0
BRDA:23,2,0,0
BRDA:23,2,1,0
BRDA:36,3,0,0
BRDA:36,3,1,0
BRDA:47,4,0,0
BRDA:47,4,1,0
BRDA:57,5,0,0
BRDA:57,5,1,0
BRDA:59,6,0,0
BRDA:59,6,1,0
BRDA:64,7,0,0
BRDA:64,7,1,0
BRDA:65,8,0,0
BRDA:65,8,1,0
BRDA:68,9,0,0
BRDA:68,9,1,0
BRDA:77,10,0,0
BRDA:77,10,1,0
BRDA:88,11,0,0
BRDA:88,11,1,0
BRF:22
BRH:0
end_of_record
TN:
SF:/Users/joey/GitHub/swarm-monitor/build/app/helpers/query.js
FN:2,(anonymous_1)
FN:3,(anonymous_2)
FN:4,fulfilled
FN:5,rejected
FN:6,step
FN:6,(anonymous_6)
FN:11,queryHelper
FN:12,(anonymous_8)
FN:13,_filter
FN:22,_sort
FNF:10
FNH:0
FNDA:0,(anonymous_1)
FNDA:0,(anonymous_2)
FNDA:0,fulfilled
FNDA:0,rejected
FNDA:0,step
FNDA:0,(anonymous_6)
FNDA:0,queryHelper
FNDA:0,(anonymous_8)
FNDA:0,_filter
FNDA:0,_sort
DA:2,1
DA:3,0
DA:4,1
DA:5,1
DA:6,1
DA:7,0
DA:10,1
DA:11,1
DA:12,0
DA:13,1
DA:14,0
DA:15,0
DA:16,0
DA:17,0
DA:18,0
DA:20,0
DA:22,1
DA:23,0
DA:24,0
DA:25,0
DA:26,0
DA:27,0
DA:28,0
DA:30,0
DA:32,0
DA:34,0
DA:41,0
DA:42,0
DA:43,0
DA:44,0
DA:45,0
DA:47,0
DA:48,0
DA:50,0
DA:51,0
DA:53,0
DA:54,0
DA:57,0
DA:60,0
DA:61,0
DA:62,0
DA:63,0
DA:64,0
DA:67,0
DA:68,0
DA:70,0
DA:73,1
LF:47
LH:9
BRDA:2,1,0,1
BRDA:2,1,1,1
BRDA:2,1,2,1
BRDA:3,2,0,0
BRDA:3,2,1,0
BRDA:6,3,0,0
BRDA:6,3,1,0
BRDA:17,4,0,0
BRDA:17,4,1,0
BRDA:27,5,0,0
BRDA:27,5,1,0
BRDA:30,6,0,0
BRDA:30,6,1,0
BRDA:43,7,0,0
BRDA:43,7,1,0
BRDA:47,8,0,0
BRDA:47,8,1,0
BRDA:50,9,0,0
BRDA:50,9,1,0
BRDA:53,10,0,0
BRDA:53,10,1,0
BRDA:61,11,0,0
BRDA:61,11,1,0
BRF:23
BRH:3
end_of_record
TN:
SF:/Users/joey/GitHub/swarm-monitor/build/app/lib/index.js
FN:2,__export
FNF:1
FNH:1
FNDA:1,__export
DA:2,1
DA:3,2
DA:5,1
DA:6,1
DA:7,0
DA:8,0
DA:9,0
DA:10,0
DA:11,0
DA:12,0
DA:13,0
DA:16,0
LF:12
LH:4
BRDA:3,1,0,2
BRDA:3,1,1,0
BRF:2
BRH:1
end_of_record
TN:
SF:/Users/joey/GitHub/swarm-monitor/build/app/lib/router.js
FN:4,(anonymous_1)
FN:8,(anonymous_2)
FN:13,(anonymous_3)
FN:16,(anonymous_4)
FN:19,(anonymous_5)
FN:22,(anonymous_6)
FNF:6
FNH:0
FNDA:0,(anonymous_1)
FNDA:0,(anonymous_2)
FNDA:0,(anonymous_3)
FNDA:0,(anonymous_4)
FNDA:0,(anonymous_5)
FNDA:0,(anonymous_6)
DA:2,1
DA:5,0
DA:6,0
DA:9,0
DA:10,0
DA:14,0
DA:17,0
DA:20,0
DA:24,1
DA:25,1
DA:26,1
LF:11
LH:4
BRDA:10,1,0,0
BRDA:10,1,1,0
BRF:2
BRH:0
end_of_record
TN:
SF:/Users/joey/GitHub/swarm-monitor/build/app/lib/app.js
FN:2,(anonymous_1)
FN:3,(anonymous_2)
FN:4,fulfilled
FN:5,rejected
FN:6,step
FN:6,(anonymous_6)
FN:21,(anonymous_7)
FN:31,(anonymous_8)
FN:35,(anonymous_9)
FN:38,(anonymous_10)
FN:41,(anonymous_11)
FN:42,(anonymous_12)
FN:43,(anonymous_13)
FN:46,(anonymous_14)
FN:49,(anonymous_15)
FN:52,(anonymous_16)
FN:53,(anonymous_17)
FN:72,(anonymous_18)
FNF:18
FNH:0
FNDA:0,(anonymous_1)
FNDA:0,(anonymous_2)
FNDA:0,fulfilled
FNDA:0,rejected
FNDA:0,step
FNDA:0,(anonymous_6)
FNDA:0,(anonymous_7)
FNDA:0,(anonymous_8)
FNDA:0,(anonymous_9)
FNDA:0,(anonymous_10)
FNDA:0,(anonymous_11)
FNDA:0,(anonymous_12)
FNDA:0,(anonymous_13)
FNDA:0,(anonymous_14)
FNDA:0,(anonymous_15)
FNDA:0,(anonymous_16)
FNDA:0,(anonymous_17)
FNDA:0,(anonymous_18)
DA:2,1
DA:3,0
DA:4,1
DA:5,1
DA:6,1
DA:7,0
DA:10,1
DA:11,1
DA:12,1
DA:13,1
DA:14,1
DA:15,1
DA:16,1
DA:17,0
DA:18,0
DA:19,0
DA:22,0
DA:23,0
DA:24,0
DA:25,0
DA:27,0
DA:28,0
DA:29,0
DA:32,0
DA:33,0
DA:36,0
DA:39,0
DA:44,0
DA:47,0
DA:50,0
DA:53,0
DA:54,0
DA:55,0
DA:56,0
DA:57,0
DA:58,0
DA:59,0
DA:60,0
DA:61,0
DA:62,0
DA:63,0
DA:64,0
DA:67,0
DA:69,0
DA:71,0
DA:72,0
DA:73,0
DA:76,0
DA:77,0
DA:79,0
DA:80,0
DA:82,0
DA:83,0
DA:84,0
DA:85,0
DA:87,0
DA:88,0
DA:90,0
DA:91,0
DA:95,0
DA:96,0
DA:97,0
LF:62
LH:11
BRDA:2,1,0,1
BRDA:2,1,1,1
BRDA:2,1,2,1
BRDA:3,2,0,0
BRDA:3,2,1,0
BRDA:6,3,0,0
BRDA:6,3,1,0
BRDA:24,4,0,0
BRDA:24,4,1,0
BRDA:61,5,0,0
BRDA:61,5,1,0
BRDA:63,6,0,0
BRDA:63,6,1,0
BRDA:71,7,0,0
BRDA:71,7,1,0
BRDA:76,8,0,0
BRDA:76,8,1,0
BRDA:82,9,0,0
BRDA:82,9,1,0
BRDA:82,10,0,0
BRDA:82,10,1,0
BRDA:82,10,2,0
BRDA:84,11,0,0
BRDA:84,11,1,0
BRDA:87,12,0,0
BRDA:87,12,1,0
BRF:26
BRH:3
end_of_record
TN:
SF:/Users/joey/GitHub/swarm-monitor/build/app/lib/service-loader.js
FN:2,(anonymous_1)
FN:3,(anonymous_2)
FN:4,fulfilled
FN:5,rejected
FN:6,step
FN:6,(anonymous_6)
FN:12,(anonymous_7)
FN:15,(anonymous_8)
FN:16,(anonymous_9)
FNF:9
FNH:0
FNDA:0,(anonymous_1)
FNDA:0,(anonymous_2)
FNDA:0,fulfilled
FNDA:0,rejected
FNDA:0,step
FNDA:0,(anonymous_6)
FNDA:0,(anonymous_7)
FNDA:0,(anonymous_8)
FNDA:0,(anonymous_9)
DA:2,1
DA:3,0
DA:4,1
DA:5,1
DA:6,1
DA:7,0
DA:10,1
DA:13,0
DA:16,0
DA:17,0
DA:18,0
DA:19,0
DA:20,0
DA:21,0
DA:22,0
DA:23,0
DA:24,0
DA:28,1
DA:29,1
DA:30,1
LF:20
LH:8
BRDA:2,1,0,1
BRDA:2,1,1,1
BRDA:2,1,2,1
BRDA:3,2,0,0
BRDA:3,2,1,0
BRDA:6,3,0,0
BRDA:6,3,1,0
BRDA:21,4,0,0
BRDA:21,4,1,0
BRF:9
BRH:3
end_of_record
TN:
SF:/Users/joey/GitHub/swarm-monitor/build/app/lib/config-loader.js
FN:2,(anonymous_1)
FN:3,(anonymous_2)
FN:4,fulfilled
FN:5,rejected
FN:6,step
FN:6,(anonymous_6)
FN:15,(anonymous_7)
FN:20,(anonymous_8)
FN:21,(anonymous_9)
FN:27,(anonymous_10)
FN:28,(anonymous_11)
FN:33,_find
FN:34,(anonymous_13)
FN:58,(anonymous_14)
FN:59,(anonymous_15)
FNF:15
FNH:0
FNDA:0,(anonymous_1)
FNDA:0,(anonymous_2)
FNDA:0,fulfilled
FNDA:0,rejected
FNDA:0,step
FNDA:0,(anonymous_6)
FNDA:0,(anonymous_7)
FNDA:0,(anonymous_8)
FNDA:0,(anonymous_9)
FNDA:0,(anonymous_10)
FNDA:0,(anonymous_11)
FNDA:0,_find
FNDA:0,(anonymous_13)
FNDA:0,(anonymous_14)
FNDA:0,(anonymous_15)
DA:2,1
DA:3,0
DA:4,1
DA:5,1
DA:6,1
DA:7,0
DA:10,1
DA:11,1
DA:12,1
DA:13,1
DA:16,0
DA:17,0
DA:18,0
DA:21,0
DA:22,0
DA:23,0
DA:24,0
DA:28,0
DA:29,0
DA:30,0
DA:31,0
DA:32,0
DA:33,1
DA:34,0
DA:35,0
DA:36,0
DA:37,0
DA:38,0
DA:41,0
DA:43,0
DA:46,0
DA:47,0
DA:49,0
DA:50,0
DA:51,0
DA:52,0
DA:55,0
DA:59,0
DA:60,0
DA:61,0
DA:62,0
DA:64,0
DA:65,0
DA:66,0
DA:70,1
DA:71,1
DA:72,1
LF:47
LH:12
BRDA:2,1,0,1
BRDA:2,1,1,1
BRDA:2,1,2,1
BRDA:3,2,0,0
BRDA:3,2,1,0
BRDA:6,3,0,0
BRDA:6,3,1,0
BRDA:17,4,0,0
BRDA:17,4,1,0
BRDA:18,5,0,0
BRDA:18,5,1,0
BRDA:43,6,0,0
BRDA:43,6,1,0
BRDA:46,7,0,0
BRDA:46,7,1,0
BRDA:51,8,0,0
BRDA:51,8,1,0
BRF:17
BRH:3
end_of_record
TN:
SF:/Users/joey/GitHub/swarm-monitor/build/app/services/index.js
FN:2,__export
FNF:1
FNH:0
FNDA:0,__export
DA:2,1
DA:3,0
DA:5,1
DA:6,0
DA:7,0
LF:5
LH:2
BRDA:3,1,0,0
BRDA:3,1,1,0
BRF:2
BRH:0
end_of_record
TN:
SF:/Users/joey/GitHub/swarm-monitor/build/app/services/logger.js
FN:2,(anonymous_1)
FN:3,(anonymous_2)
FN:4,fulfilled
FN:5,rejected
FN:6,step
FN:6,(anonymous_6)
FN:14,(anonymous_7)
FN:18,(anonymous_8)
FN:22,(anonymous_9)
FN:23,(anonymous_10)
FN:40,(anonymous_11)
FN:47,(anonymous_12)
FN:50,(anonymous_13)
FN:53,(anonymous_14)
FN:56,(anonymous_15)
FN:59,(anonymous_16)
FN:62,(anonymous_17)
FNF:17
FNH:0
FNDA:0,(anonymous_1)
FNDA:0,(anonymous_2)
FNDA:0,fulfilled
FNDA:0,rejected
FNDA:0,step
FNDA:0,(anonymous_6)
FNDA:0,(anonymous_7)
FNDA:0,(anonymous_8)
FNDA:0,(anonymous_9)
FNDA:0,(anonymous_10)
FNDA:0,(anonymous_11)
FNDA:0,(anonymous_12)
FNDA:0,(anonymous_13)
FNDA:0,(anonymous_14)
FNDA:0,(anonymous_15)
FNDA:0,(anonymous_16)
FNDA:0,(anonymous_17)
DA:2,1
DA:3,0
DA:4,1
DA:5,1
DA:6,1
DA:7,0
DA:10,1
DA:11,1
DA:12,1
DA:15,0
DA:16,0
DA:19,0
DA:20,0
DA:23,0
DA:24,0
DA:25,0
DA:26,0
DA:27,0
DA:28,0
DA:30,0
DA:31,0
DA:32,0
DA:35,0
DA:36,0
DA:37,0
DA:41,0
DA:42,0
DA:43,0
DA:45,0
DA:48,0
DA:51,0
DA:54,0
DA:57,0
DA:60,0
DA:63,0
DA:66,0
LF:36
LH:7
BRDA:2,1,0,1
BRDA:2,1,1,1
BRDA:2,1,2,1
BRDA:3,2,0,0
BRDA:3,2,1,0
BRDA:6,3,0,0
BRDA:6,3,1,0
BRDA:27,4,0,0
BRDA:27,4,1,0
BRDA:31,5,0,0
BRDA:31,5,1,0
BRDA:41,6,0,0
BRDA:41,6,1,0
BRF:13
BRH:3
end_of_record
