TN:
SF:/Users/joey/Documents/projects/swarm-monitor/build/app/adapters/jsonapi.js
FN:7,(anonymous_1)
FN:51,(anonymous_2)
FN:54,(anonymous_3)
FNF:3
FNH:3
FNDA:70,(anonymous_1)
FNDA:426,(anonymous_2)
FNDA:426,(anonymous_3)
DA:2,1
DA:5,1
DA:8,70
DA:9,236
DA:10,236
DA:11,236
DA:12,236
DA:13,0
DA:15,236
DA:16,236
DA:17,236
DA:18,236
DA:19,236
DA:21,70
DA:22,4
DA:23,4
DA:24,2
DA:25,424
DA:29,2
DA:31,4
DA:33,70
DA:34,2
DA:35,2
DA:36,2
DA:37,1
DA:38,235
DA:42,1
DA:44,2
DA:46,70
DA:47,70
DA:48,70
DA:49,70
DA:52,426
DA:55,426
DA:56,426
DA:57,426
DA:58,426
DA:59,426
DA:60,426
DA:61,426
DA:62,426
DA:63,1704
DA:64,1704
DA:65,1704
DA:66,426
DA:68,1278
DA:69,852
DA:72,426
DA:73,426
DA:77,426
DA:78,426
DA:79,54625
DA:83,0
DA:85,426
DA:88,426
DA:89,426
DA:91,426
DA:94,1
DA:95,1
DA:96,1
LF:60
LH:58
BRDA:12,1,0,0
BRDA:12,1,1,236
BRDA:23,2,0,2
BRDA:23,2,1,2
BRDA:36,3,0,1
BRDA:36,3,1,1
BRDA:47,4,0,70
BRDA:47,4,1,0
BRDA:57,5,0,0
BRDA:57,5,1,426
BRDA:59,6,0,426
BRDA:59,6,1,0
BRDA:64,7,0,426
BRDA:64,7,1,1278
BRDA:65,8,0,426
BRDA:65,8,1,1278
BRDA:68,9,0,852
BRDA:68,9,1,426
BRDA:77,10,0,426
BRDA:77,10,1,0
BRDA:88,11,0,426
BRDA:88,11,1,0
BRF:22
BRH:16
end_of_record
TN:
SF:/Users/joey/Documents/projects/swarm-monitor/build/app/helpers/query.js
FN:2,(anonymous_1)
FN:3,(anonymous_2)
FN:4,fulfilled
FN:5,rejected
FN:6,step
FN:6,(anonymous_6)
FN:11,queryHelper
FN:12,(anonymous_8)
FN:13,_filter
FN:22,_sort
FNF:10
FNH:7
FNDA:4,(anonymous_1)
FNDA:4,(anonymous_2)
FNDA:0,fulfilled
FNDA:0,rejected
FNDA:4,step
FNDA:0,(anonymous_6)
FNDA:4,queryHelper
FNDA:4,(anonymous_8)
FNDA:1,_filter
FNDA:2,_sort
DA:2,1
DA:3,4
DA:4,1
DA:5,1
DA:6,4
DA:7,4
DA:10,1
DA:11,1
DA:12,4
DA:13,1
DA:14,1
DA:15,1
DA:16,1
DA:17,1
DA:18,1
DA:20,1
DA:22,1
DA:23,2
DA:24,2
DA:25,2
DA:26,2
DA:27,2
DA:28,2
DA:30,2
DA:32,2
DA:34,4
DA:41,4
DA:42,6
DA:43,6
DA:44,1
DA:45,1
DA:47,5
DA:48,2
DA:50,3
DA:51,2
DA:53,1
DA:54,1
DA:57,0
DA:60,4
DA:61,4
DA:62,4
DA:63,2
DA:64,2
DA:67,4
DA:68,1
DA:70,4
DA:73,1
LF:47
LH:46
BRDA:2,1,0,1
BRDA:2,1,1,1
BRDA:2,1,2,1
BRDA:3,2,0,4
BRDA:3,2,1,4
BRDA:6,3,0,4
BRDA:6,3,1,0
BRDA:17,4,0,1
BRDA:17,4,1,0
BRDA:27,5,0,2
BRDA:27,5,1,0
BRDA:30,6,0,2
BRDA:30,6,1,0
BRDA:43,7,0,1
BRDA:43,7,1,5
BRDA:47,8,0,2
BRDA:47,8,1,3
BRDA:50,9,0,2
BRDA:50,9,1,1
BRDA:53,10,0,1
BRDA:53,10,1,0
BRDA:61,11,0,4
BRDA:61,11,1,0
BRF:23
BRH:17
end_of_record
TN:
SF:/Users/joey/Documents/projects/swarm-monitor/build/app/lib/index.js
FN:2,__export
FNF:1
FNH:1
FNDA:9,__export
DA:2,1
DA:3,17
DA:5,1
DA:6,1
DA:7,1
DA:8,1
DA:9,1
DA:10,1
DA:11,1
DA:12,1
DA:13,1
DA:16,1
LF:12
LH:12
BRDA:3,1,0,10
BRDA:3,1,1,7
BRF:2
BRH:2
end_of_record
TN:
SF:/Users/joey/Documents/projects/swarm-monitor/build/app/lib/router.js
FN:4,(anonymous_1)
FN:8,(anonymous_2)
FN:13,(anonymous_3)
FN:16,(anonymous_4)
FN:19,(anonymous_5)
FN:22,(anonymous_6)
FNF:6
FNH:4
FNDA:23,(anonymous_1)
FNDA:11,(anonymous_2)
FNDA:21,(anonymous_3)
FNDA:0,(anonymous_4)
FNDA:8,(anonymous_5)
FNDA:0,(anonymous_6)
DA:2,1
DA:5,23
DA:6,22
DA:9,11
DA:10,11
DA:14,21
DA:17,0
DA:20,8
DA:25,1
DA:26,1
DA:27,1
LF:11
LH:10
BRDA:10,1,0,3
BRDA:10,1,1,8
BRF:2
BRH:2
end_of_record
TN:
SF:/Users/joey/Documents/projects/swarm-monitor/build/app/lib/app.js
FN:2,(anonymous_1)
FN:3,(anonymous_2)
FN:4,fulfilled
FN:5,rejected
FN:6,step
FN:6,(anonymous_6)
FN:19,(anonymous_7)
FN:28,(anonymous_8)
FN:32,(anonymous_9)
FN:35,(anonymous_10)
FN:38,(anonymous_11)
FN:39,(anonymous_12)
FN:40,(anonymous_13)
FN:43,(anonymous_14)
FN:46,(anonymous_15)
FN:49,(anonymous_16)
FN:50,(anonymous_17)
FNF:17
FNH:15
FNDA:8,(anonymous_1)
FNDA:8,(anonymous_2)
FNDA:24,fulfilled
FNDA:0,rejected
FNDA:32,step
FNDA:24,(anonymous_6)
FNDA:9,(anonymous_7)
FNDA:7,(anonymous_8)
FNDA:8,(anonymous_9)
FNDA:6,(anonymous_10)
FNDA:7,(anonymous_11)
FNDA:0,(anonymous_12)
FNDA:20,(anonymous_13)
FNDA:25,(anonymous_14)
FNDA:17,(anonymous_15)
FNDA:8,(anonymous_16)
FNDA:8,(anonymous_17)
DA:2,1
DA:3,8
DA:4,24
DA:5,1
DA:6,32
DA:7,8
DA:10,1
DA:11,1
DA:12,1
DA:13,1
DA:14,1
DA:15,1
DA:16,1
DA:17,1
DA:20,9
DA:21,9
DA:22,9
DA:23,0
DA:25,9
DA:26,9
DA:29,7
DA:30,7
DA:33,8
DA:36,6
DA:41,20
DA:44,25
DA:47,17
DA:50,8
DA:51,8
DA:52,8
DA:53,8
DA:54,8
DA:55,8
DA:56,8
DA:57,8
DA:58,8
DA:59,8
DA:61,8
DA:62,1
DA:64,8
DA:65,8
DA:66,8
DA:70,1
DA:71,1
DA:72,1
LF:45
LH:44
BRDA:2,1,0,1
BRDA:2,1,1,1
BRDA:2,1,2,1
BRDA:3,2,0,8
BRDA:3,2,1,8
BRDA:6,3,0,8
BRDA:6,3,1,24
BRDA:22,4,0,0
BRDA:22,4,1,9
BRDA:58,5,0,8
BRDA:58,5,1,0
BRF:11
BRH:9
end_of_record
TN:
SF:/Users/joey/Documents/projects/swarm-monitor/build/app/lib/config-loader.js
FN:2,(anonymous_1)
FN:3,(anonymous_2)
FN:4,fulfilled
FN:5,rejected
FN:6,step
FN:6,(anonymous_6)
FN:15,(anonymous_7)
FN:19,(anonymous_8)
FN:20,(anonymous_9)
FN:26,(anonymous_10)
FN:27,(anonymous_11)
FN:34,(anonymous_12)
FNF:12
FNH:11
FNDA:16,(anonymous_1)
FNDA:16,(anonymous_2)
FNDA:16,fulfilled
FNDA:0,rejected
FNDA:32,step
FNDA:16,(anonymous_6)
FNDA:8,(anonymous_7)
FNDA:8,(anonymous_8)
FNDA:8,(anonymous_9)
FNDA:8,(anonymous_10)
FNDA:8,(anonymous_11)
FNDA:8,(anonymous_12)
DA:2,1
DA:3,16
DA:4,16
DA:5,1
DA:6,32
DA:7,16
DA:10,1
DA:11,1
DA:12,1
DA:13,1
DA:16,8
DA:17,8
DA:20,8
DA:21,8
DA:22,8
DA:23,8
DA:27,8
DA:28,8
DA:29,8
DA:30,8
DA:31,8
DA:35,8
DA:36,8
DA:39,1
DA:40,1
DA:41,1
LF:26
LH:26
BRDA:2,1,0,1
BRDA:2,1,1,1
BRDA:2,1,2,1
BRDA:3,2,0,16
BRDA:3,2,1,16
BRDA:6,3,0,16
BRDA:6,3,1,16
BRF:7
BRH:7
end_of_record
TN:
SF:/Users/joey/Documents/projects/swarm-monitor/build/app/lib/loader.js
FN:2,(anonymous_1)
FN:3,(anonymous_2)
FN:4,fulfilled
FN:5,rejected
FN:6,step
FN:6,(anonymous_6)
FN:14,(anonymous_7)
FN:17,(anonymous_8)
FN:18,(anonymous_9)
FN:28,(anonymous_10)
FN:31,(anonymous_11)
FN:32,(anonymous_12)
FN:33,getFullFilePath
FN:46,(anonymous_14)
FN:47,(anonymous_15)
FNF:15
FNH:12
FNDA:16,(anonymous_1)
FNDA:16,(anonymous_2)
FNDA:40,fulfilled
FNDA:0,rejected
FNDA:56,step
FNDA:40,(anonymous_6)
FNDA:24,(anonymous_7)
FNDA:8,(anonymous_8)
FNDA:8,(anonymous_9)
FNDA:32,(anonymous_10)
FNDA:8,(anonymous_11)
FNDA:8,(anonymous_12)
FNDA:16,getFullFilePath
FNDA:0,(anonymous_14)
FNDA:0,(anonymous_15)
DA:2,1
DA:3,16
DA:4,40
DA:5,1
DA:6,56
DA:7,16
DA:10,1
DA:11,1
DA:12,1
DA:15,24
DA:18,8
DA:19,8
DA:20,8
DA:21,8
DA:22,8
DA:23,16
DA:25,8
DA:29,32
DA:32,8
DA:33,1
DA:34,16
DA:36,8
DA:37,8
DA:38,8
DA:39,8
DA:40,8
DA:41,8
DA:42,8
DA:43,8
DA:47,0
DA:48,0
DA:52,1
DA:53,1
DA:54,1
LF:34
LH:32
BRDA:2,1,0,1
BRDA:2,1,1,1
BRDA:2,1,2,1
BRDA:3,2,0,16
BRDA:3,2,1,16
BRDA:6,3,0,16
BRDA:6,3,1,40
BRF:7
BRH:7
end_of_record
TN:
SF:/Users/joey/Documents/projects/swarm-monitor/build/app/lib/service-loader.js
FN:2,(anonymous_1)
FN:3,(anonymous_2)
FN:4,fulfilled
FN:5,rejected
FN:6,step
FN:6,(anonymous_6)
FN:13,(anonymous_7)
FN:17,(anonymous_8)
FN:18,(anonymous_9)
FNF:9
FNH:8
FNDA:16,(anonymous_1)
FNDA:16,(anonymous_2)
FNDA:16,fulfilled
FNDA:0,rejected
FNDA:32,step
FNDA:16,(anonymous_6)
FNDA:8,(anonymous_7)
FNDA:16,(anonymous_8)
FNDA:16,(anonymous_9)
DA:2,1
DA:3,16
DA:4,16
DA:5,1
DA:6,32
DA:7,16
DA:10,1
DA:11,1
DA:14,8
DA:15,8
DA:18,16
DA:19,16
DA:20,16
DA:21,16
DA:22,16
DA:23,16
DA:24,16
DA:25,16
DA:26,16
DA:30,1
DA:31,1
DA:32,1
LF:22
LH:22
BRDA:2,1,0,1
BRDA:2,1,1,1
BRDA:2,1,2,1
BRDA:3,2,0,16
BRDA:3,2,1,16
BRDA:6,3,0,16
BRDA:6,3,1,16
BRDA:24,4,0,16
BRDA:24,4,1,0
BRF:9
BRH:8
end_of_record
TN:
SF:/Users/joey/Documents/projects/swarm-monitor/build/app/lib/route-loader.js
FN:2,(anonymous_1)
FN:3,(anonymous_2)
FN:4,fulfilled
FN:5,rejected
FN:6,step
FN:6,(anonymous_6)
FN:14,(anonymous_7)
FN:18,(anonymous_8)
FN:19,(anonymous_9)
FNF:9
FNH:6
FNDA:8,(anonymous_1)
FNDA:8,(anonymous_2)
FNDA:0,fulfilled
FNDA:0,rejected
FNDA:8,step
FNDA:0,(anonymous_6)
FNDA:8,(anonymous_7)
FNDA:8,(anonymous_8)
FNDA:8,(anonymous_9)
DA:2,1
DA:3,8
DA:4,1
DA:5,1
DA:6,8
DA:7,8
DA:10,1
DA:11,1
DA:12,1
DA:15,8
DA:16,8
DA:19,8
DA:20,8
DA:21,16
DA:22,16
DA:27,1
DA:28,1
DA:29,1
LF:18
LH:18
BRDA:2,1,0,1
BRDA:2,1,1,1
BRDA:2,1,2,1
BRDA:3,2,0,8
BRDA:3,2,1,8
BRDA:6,3,0,8
BRDA:6,3,1,0
BRF:7
BRH:6
end_of_record
TN:
SF:/Users/joey/Documents/projects/swarm-monitor/build/app/routes/index.js
FNF:0
FNH:0
DA:2,1
DA:3,1
DA:4,1
DA:5,1
LF:4
LH:4
BRF:0
BRH:0
end_of_record
TN:
SF:/Users/joey/Documents/projects/swarm-monitor/build/app/routes/users.js
FN:5,(anonymous_1)
FN:8,(anonymous_2)
FNF:2
FNH:2
FNDA:48,(anonymous_1)
FNDA:56,(anonymous_2)
DA:2,1
DA:3,1
DA:6,48
DA:9,56
DA:12,1
DA:13,1
DA:14,1
LF:7
LH:7
BRF:0
BRH:0
end_of_record
TN:
SF:/Users/joey/Documents/projects/swarm-monitor/build/app/routers/jsonapi.js
FN:9,(anonymous_1)
FN:12,(anonymous_2)
FN:15,(anonymous_3)
FN:18,(anonymous_4)
FN:23,(anonymous_5)
FN:26,(anonymous_6)
FN:29,(anonymous_7)
FN:32,(anonymous_8)
FN:40,(anonymous_9)
FN:43,(anonymous_10)
FN:51,(anonymous_11)
FN:55,(anonymous_12)
FN:65,(anonymous_13)
FN:68,(anonymous_14)
FN:83,(anonymous_15)
FN:87,(anonymous_16)
FN:106,(anonymous_17)
FN:110,(anonymous_18)
FN:122,(anonymous_19)
FN:124,(anonymous_20)
FN:130,(anonymous_21)
FN:131,(anonymous_22)
FN:136,(anonymous_23)
FNF:23
FNH:17
FNDA:1,(anonymous_1)
FNDA:11,(anonymous_2)
FNDA:71,(anonymous_3)
FNDA:23,(anonymous_4)
FNDA:12,(anonymous_5)
FNDA:66,(anonymous_6)
FNDA:66,(anonymous_7)
FNDA:66,(anonymous_8)
FNDA:66,(anonymous_9)
FNDA:11,(anonymous_10)
FNDA:11,(anonymous_11)
FNDA:0,(anonymous_12)
FNDA:11,(anonymous_13)
FNDA:0,(anonymous_14)
FNDA:11,(anonymous_15)
FNDA:0,(anonymous_16)
FNDA:11,(anonymous_17)
FNDA:0,(anonymous_18)
FNDA:11,(anonymous_19)
FNDA:0,(anonymous_20)
FNDA:11,(anonymous_21)
FNDA:0,(anonymous_22)
FNDA:11,(anonymous_23)
DA:2,1
DA:3,1
DA:4,1
DA:5,1
DA:6,1
DA:7,1
DA:10,1
DA:13,11
DA:16,71
DA:19,23
DA:20,23
DA:21,22
DA:24,12
DA:27,66
DA:30,66
DA:33,66
DA:41,66
DA:44,11
DA:49,11
DA:52,11
DA:53,11
DA:54,11
DA:55,11
DA:56,0
DA:57,0
DA:58,0
DA:59,0
DA:61,0
DA:62,0
DA:66,11
DA:67,11
DA:68,11
DA:69,0
DA:70,0
DA:71,0
DA:74,0
DA:76,0
DA:77,0
DA:79,0
DA:80,0
DA:84,11
DA:85,11
DA:86,11
DA:87,11
DA:88,0
DA:89,0
DA:90,0
DA:93,0
DA:95,0
DA:96,0
DA:97,0
DA:100,0
DA:102,0
DA:103,0
DA:107,11
DA:108,11
DA:109,11
DA:110,11
DA:111,0
DA:112,0
DA:113,0
DA:114,0
DA:115,0
DA:118,0
DA:123,11
DA:124,11
DA:125,0
DA:126,0
DA:127,0
DA:131,11
DA:132,0
DA:133,0
DA:137,11
DA:138,0
DA:140,11
DA:141,11
DA:142,11
DA:143,11
DA:145,11
DA:146,11
DA:147,11
DA:148,11
DA:149,11
DA:150,11
DA:153,1
DA:154,1
DA:155,1
LF:87
LH:51
BRDA:76,1,0,0
BRDA:76,1,1,0
BRDA:137,2,0,0
BRDA:137,2,1,11
BRDA:141,3,0,11
BRDA:141,3,1,0
BRF:6
BRH:2
end_of_record
TN:
SF:/Users/joey/Documents/projects/swarm-monitor/build/app/oauth/index.js
FN:2,__export
FNF:1
FNH:1
FNDA:2,__export
DA:2,1
DA:3,4
DA:5,1
DA:6,1
LF:4
LH:4
BRDA:3,1,0,3
BRDA:3,1,1,1
BRF:2
BRH:2
end_of_record
TN:
SF:/Users/joey/Documents/projects/swarm-monitor/build/app/oauth/client.js
FN:2,(anonymous_1)
FN:3,(anonymous_2)
FN:4,fulfilled
FN:5,rejected
FN:6,step
FN:6,(anonymous_6)
FN:12,(anonymous_7)
FN:13,(anonymous_8)
FN:21,(anonymous_9)
FN:22,(anonymous_10)
FN:30,(anonymous_11)
FN:31,(anonymous_12)
FN:40,(anonymous_13)
FN:41,(anonymous_14)
FNF:14
FNH:13
FNDA:4,(anonymous_1)
FNDA:4,(anonymous_2)
FNDA:5,fulfilled
FNDA:0,rejected
FNDA:9,step
FNDA:5,(anonymous_6)
FNDA:1,(anonymous_7)
FNDA:1,(anonymous_8)
FNDA:1,(anonymous_9)
FNDA:1,(anonymous_10)
FNDA:1,(anonymous_11)
FNDA:1,(anonymous_12)
FNDA:1,(anonymous_13)
FNDA:1,(anonymous_14)
DA:2,1
DA:3,4
DA:4,5
DA:5,1
DA:6,9
DA:7,4
DA:10,1
DA:13,1
DA:14,1
DA:15,1
DA:16,0
DA:18,1
DA:22,1
DA:23,1
DA:24,1
DA:25,0
DA:27,1
DA:31,1
DA:32,1
DA:33,1
DA:34,1
DA:35,0
DA:37,1
DA:41,1
DA:42,1
DA:48,1
DA:49,1
DA:50,1
DA:56,1
DA:60,1
DA:61,1
DA:62,1
LF:32
LH:29
BRDA:2,1,0,1
BRDA:2,1,1,1
BRDA:2,1,2,1
BRDA:3,2,0,4
BRDA:3,2,1,4
BRDA:6,3,0,4
BRDA:6,3,1,5
BRDA:15,4,0,0
BRDA:15,4,1,1
BRDA:24,5,0,0
BRDA:24,5,1,1
BRDA:34,6,0,0
BRDA:34,6,1,1
BRDA:34,7,0,1
BRDA:34,7,1,1
BRF:15
BRH:12
end_of_record
TN:
SF:/Users/joey/Documents/projects/swarm-monitor/build/app/models/index.js
FN:2,__export
FNF:1
FNH:1
FNDA:3,__export
DA:2,1
DA:3,5
DA:5,1
DA:6,1
DA:7,1
LF:5
LH:5
BRDA:3,1,0,4
BRDA:3,1,1,1
BRF:2
BRH:2
end_of_record
TN:
SF:/Users/joey/Documents/projects/swarm-monitor/build/app/models/user.js
FN:2,(anonymous_1)
FN:3,(anonymous_2)
FN:4,fulfilled
FN:5,rejected
FN:6,step
FN:6,(anonymous_6)
FN:13,(anonymous_7)
FN:16,(anonymous_8)
FN:19,(anonymous_9)
FN:20,(anonymous_10)
FN:28,(anonymous_11)
FNF:11
FNH:10
FNDA:52,(anonymous_1)
FNDA:52,(anonymous_2)
FNDA:104,fulfilled
FNDA:0,rejected
FNDA:156,step
FNDA:104,(anonymous_6)
FNDA:2,(anonymous_7)
FNDA:72,(anonymous_8)
FNDA:52,(anonymous_9)
FNDA:52,(anonymous_10)
FNDA:88,(anonymous_11)
DA:2,1
DA:3,52
DA:4,104
DA:5,1
DA:6,156
DA:7,52
DA:10,1
DA:11,1
DA:14,2
DA:17,72
DA:20,52
DA:21,52
DA:22,52
DA:23,52
DA:25,52
DA:29,88
DA:35,1
DA:36,1
DA:37,1
LF:19
LH:19
BRDA:2,1,0,1
BRDA:2,1,1,1
BRDA:2,1,2,1
BRDA:3,2,0,52
BRDA:3,2,1,52
BRDA:6,3,0,52
BRDA:6,3,1,104
BRDA:21,4,0,52
BRDA:21,4,1,0
BRDA:21,5,0,52
BRDA:21,5,1,0
BRF:11
BRH:9
end_of_record
TN:
SF:/Users/joey/Documents/projects/swarm-monitor/build/app/lib/model.js
FN:2,(anonymous_1)
FN:3,(anonymous_2)
FN:4,fulfilled
FN:5,rejected
FN:6,step
FN:6,(anonymous_6)
FN:16,(anonymous_7)
FN:33,(anonymous_8)
FN:36,(anonymous_9)
FN:39,(anonymous_10)
FN:42,(anonymous_11)
FN:45,(anonymous_12)
FN:48,(anonymous_13)
FN:49,(anonymous_14)
FN:50,(anonymous_15)
FN:54,(anonymous_16)
FN:59,(anonymous_17)
FN:60,(anonymous_18)
FNF:18
FNH:17
FNDA:559,(anonymous_1)
FNDA:559,(anonymous_2)
FNDA:201,fulfilled
FNDA:0,rejected
FNDA:760,step
FNDA:201,(anonymous_6)
FNDA:565,(anonymous_7)
FNDA:8,(anonymous_8)
FNDA:32,(anonymous_9)
FNDA:565,(anonymous_10)
FNDA:198,(anonymous_11)
FNDA:52,(anonymous_12)
FNDA:493,(anonymous_13)
FNDA:358,(anonymous_14)
FNDA:358,(anonymous_15)
FNDA:359,(anonymous_16)
FNDA:201,(anonymous_17)
FNDA:201,(anonymous_18)
DA:2,1
DA:3,559
DA:4,201
DA:5,1
DA:6,760
DA:7,559
DA:10,1
DA:11,1
DA:12,1
DA:13,1
DA:14,1
DA:17,565
DA:18,565
DA:19,565
DA:20,565
DA:21,565
DA:22,519
DA:24,565
DA:25,557
DA:26,557
DA:27,359
DA:28,359
DA:30,557
DA:34,8
DA:37,32
DA:40,565
DA:43,198
DA:46,52
DA:50,358
DA:51,358
DA:55,359
DA:56,359
DA:57,359
DA:60,201
DA:61,201
DA:62,201
DA:63,201
DA:65,201
DA:66,201
DA:70,1
DA:71,1
DA:72,1
DA:73,1
DA:74,1
LF:44
LH:44
BRDA:2,1,0,1
BRDA:2,1,1,1
BRDA:2,1,2,1
BRDA:3,2,0,559
BRDA:3,2,1,559
BRDA:6,3,0,559
BRDA:6,3,1,201
BRDA:21,4,0,519
BRDA:21,4,1,46
BRDA:24,5,0,557
BRDA:24,5,1,8
BRDA:26,6,0,359
BRDA:26,6,1,198
BRDA:62,7,0,201
BRDA:62,7,1,0
BRF:15
BRH:14
end_of_record
TN:
SF:/Users/joey/Documents/projects/swarm-monitor/build/app/lib/schema.js
FN:2,(anonymous_1)
FN:3,(anonymous_2)
FN:4,fulfilled
FN:5,rejected
FN:6,step
FN:6,(anonymous_6)
FN:15,(anonymous_7)
FN:23,(anonymous_8)
FN:26,(anonymous_9)
FN:29,(anonymous_10)
FN:33,(anonymous_11)
FN:34,(anonymous_12)
FN:43,(anonymous_13)
FN:44,(anonymous_14)
FN:57,(anonymous_15)
FN:58,(anonymous_16)
FN:71,(anonymous_17)
FN:72,(anonymous_18)
FN:88,(anonymous_19)
FN:89,(anonymous_20)
FN:131,(anonymous_21)
FN:132,(anonymous_22)
FN:149,(anonymous_23)
FN:150,(anonymous_24)
FNF:24
FNH:24
FNDA:2544,(anonymous_1)
FNDA:2544,(anonymous_2)
FNDA:3777,fulfilled
FNDA:5,rejected
FNDA:6316,step
FNDA:3782,(anonymous_6)
FNDA:564,(anonymous_7)
FNDA:2179,(anonymous_8)
FNDA:726,(anonymous_9)
FNDA:2503,(anonymous_10)
FNDA:365,(anonymous_11)
FNDA:365,(anonymous_12)
FNDA:365,(anonymous_13)
FNDA:365,(anonymous_14)
FNDA:365,(anonymous_15)
FNDA:365,(anonymous_16)
FNDA:361,(anonymous_17)
FNDA:361,(anonymous_18)
FNDA:364,(anonymous_19)
FNDA:364,(anonymous_20)
FNDA:360,(anonymous_21)
FNDA:360,(anonymous_22)
FNDA:364,(anonymous_23)
FNDA:364,(anonymous_24)
DA:2,1
DA:3,2544
DA:4,3777
DA:5,5
DA:6,6316
DA:7,2544
DA:10,1
DA:11,1
DA:12,1
DA:13,1
DA:16,564
DA:17,564
DA:18,564
DA:19,564
DA:20,1785
DA:24,2179
DA:27,726
DA:30,2503
DA:31,2503
DA:34,365
DA:35,365
DA:36,365
DA:37,365
DA:38,2179
DA:40,360
DA:44,365
DA:45,365
DA:46,1578
DA:48,365
DA:49,365
DA:50,2297
DA:51,820
DA:54,365
DA:58,365
DA:59,365
DA:60,365
DA:61,1578
DA:63,365
DA:64,309
DA:65,1
DA:68,364
DA:72,361
DA:73,361
DA:74,361
DA:75,361
DA:76,361
DA:77,153
DA:78,153
DA:79,153
DA:80,153
DA:81,153
DA:82,1
DA:85,360
DA:89,364
DA:90,364
DA:91,364
DA:92,1577
DA:93,1577
DA:94,1577
DA:95,1577
DA:96,2330
DA:97,2330
DA:98,1
DA:100,2329
DA:101,1
DA:103,2328
DA:104,1159
DA:105,1
DA:107,1158
DA:108,1154
DA:112,1577
DA:113,100
DA:115,1477
DA:116,50
DA:118,1427
DA:119,100
DA:120,0
DA:122,100
DA:125,1327
DA:128,361
DA:132,360
DA:133,360
DA:134,360
DA:135,1571
DA:137,360
DA:138,0
DA:139,0
DA:140,0
DA:142,0
DA:143,0
DA:146,360
DA:150,364
DA:151,364
DA:152,364
DA:153,1577
DA:155,364
DA:156,454
DA:157,454
DA:158,0
DA:160,454
DA:161,50
DA:164,364
DA:168,1
DA:169,1
DA:170,1
LF:105
LH:98
BRDA:2,1,0,1
BRDA:2,1,1,1
BRDA:2,1,2,1
BRDA:3,2,0,2544
BRDA:3,2,1,2544
BRDA:6,3,0,2534
BRDA:6,3,1,3782
BRDA:50,4,0,820
BRDA:50,4,1,1477
BRDA:64,5,0,1
BRDA:64,5,1,308
BRDA:81,6,0,1
BRDA:81,6,1,152
BRDA:93,7,0,150
BRDA:93,7,1,1427
BRDA:97,8,0,1
BRDA:97,8,1,2329
BRDA:97,9,0,2330
BRDA:97,9,1,1171
BRDA:97,9,2,516
BRDA:100,10,0,1
BRDA:100,10,1,2328
BRDA:100,11,0,2329
BRDA:100,11,1,655
BRDA:103,12,0,1159
BRDA:103,12,1,1169
BRDA:104,13,0,1
BRDA:104,13,1,1158
BRDA:104,14,0,1159
BRDA:104,14,1,1155
BRDA:107,15,0,1154
BRDA:107,15,1,4
BRDA:112,16,0,100
BRDA:112,16,1,1477
BRDA:115,17,0,50
BRDA:115,17,1,1427
BRDA:118,18,0,100
BRDA:118,18,1,1327
BRDA:119,19,0,0
BRDA:119,19,1,100
BRDA:119,20,0,100
BRDA:119,20,1,100
BRDA:135,21,0,1571
BRDA:135,21,1,0
BRDA:139,22,0,0
BRDA:139,22,1,0
BRDA:142,23,0,0
BRDA:142,23,1,0
BRDA:157,24,0,0
BRDA:157,24,1,454
BRDA:157,25,0,454
BRDA:157,25,1,50
BRDA:160,26,0,50
BRDA:160,26,1,404
BRDA:160,27,0,454
BRDA:160,27,1,454
BRF:56
BRH:49
end_of_record
TN:
SF:/Users/joey/Documents/projects/swarm-monitor/build/app/lib/schema-error.js
FNF:0
FNH:0
DA:4,1
DA:7,1
DA:10,1
LF:3
LH:3
BRF:0
BRH:0
end_of_record
TN:
SF:/Users/joey/Documents/projects/swarm-monitor/build/app/helpers/user.js
FN:2,(anonymous_1)
FN:3,(anonymous_2)
FN:4,fulfilled
FN:5,rejected
FN:6,step
FN:6,(anonymous_6)
FN:13,hashPassword
FN:14,(anonymous_8)
FN:22,comparePassword
FN:23,(anonymous_10)
FNF:10
FNH:9
FNDA:56,(anonymous_1)
FNDA:56,(anonymous_2)
FNDA:53,fulfilled
FNDA:0,rejected
FNDA:109,step
FNDA:53,(anonymous_6)
FNDA:53,hashPassword
FNDA:53,(anonymous_8)
FNDA:3,comparePassword
FNDA:3,(anonymous_10)
DA:2,1
DA:3,56
DA:4,53
DA:5,1
DA:6,109
DA:7,56
DA:10,1
DA:11,1
DA:12,1
DA:13,1
DA:14,53
DA:15,53
DA:16,53
DA:17,53
DA:18,53
DA:21,1
DA:22,1
DA:23,3
DA:24,3
DA:25,3
DA:28,1
LF:21
LH:21
BRDA:2,1,0,1
BRDA:2,1,1,1
BRDA:2,1,2,1
BRDA:3,2,0,56
BRDA:3,2,1,56
BRDA:6,3,0,56
BRDA:6,3,1,53
BRF:7
BRH:7
end_of_record
TN:
SF:/Users/joey/Documents/projects/swarm-monitor/build/app/models/oauth-token.js
FN:7,(anonymous_1)
FN:10,(anonymous_2)
FNF:2
FNH:2
FNDA:1,(anonymous_1)
FNDA:70,(anonymous_2)
DA:2,1
DA:3,1
DA:4,1
DA:5,1
DA:8,1
DA:11,70
DA:14,50
DA:21,1
DA:22,1
DA:23,1
LF:10
LH:10
BRF:0
BRH:0
end_of_record
TN:
SF:/Users/joey/Documents/projects/swarm-monitor/build/app/models/oauth-client.js
FN:6,(anonymous_1)
FN:9,(anonymous_2)
FN:16,(anonymous_3)
FNF:3
FNH:3
FNDA:1,(anonymous_1)
FNDA:69,(anonymous_2)
FNDA:4,(anonymous_3)
DA:2,1
DA:3,1
DA:4,1
DA:7,1
DA:10,69
DA:17,4
DA:18,4
DA:19,12
DA:20,4
DA:23,8
DA:26,4
DA:29,1
LF:12
LH:12
BRDA:19,1,0,4
BRDA:19,1,1,8
BRF:2
BRH:2
end_of_record
TN:
SF:/Users/joey/Documents/projects/swarm-monitor/build/app/oauth/password.js
FN:2,(anonymous_1)
FN:3,(anonymous_2)
FN:4,fulfilled
FN:5,rejected
FN:6,step
FN:6,(anonymous_6)
FN:13,(anonymous_7)
FN:14,(anonymous_8)
FN:22,(anonymous_9)
FN:23,(anonymous_10)
FN:31,(anonymous_11)
FN:32,(anonymous_12)
FN:46,(anonymous_13)
FN:47,(anonymous_14)
FNF:14
FNH:13
FNDA:7,(anonymous_1)
FNDA:7,(anonymous_2)
FNDA:9,fulfilled
FNDA:0,rejected
FNDA:16,step
FNDA:9,(anonymous_6)
FNDA:2,(anonymous_7)
FNDA:2,(anonymous_8)
FNDA:1,(anonymous_9)
FNDA:1,(anonymous_10)
FNDA:3,(anonymous_11)
FNDA:3,(anonymous_12)
FNDA:1,(anonymous_13)
FNDA:1,(anonymous_14)
DA:2,1
DA:3,7
DA:4,9
DA:5,1
DA:6,16
DA:7,7
DA:10,1
DA:11,1
DA:14,2
DA:15,2
DA:16,2
DA:17,1
DA:19,1
DA:23,1
DA:24,1
DA:25,1
DA:26,0
DA:28,1
DA:32,3
DA:33,3
DA:34,3
DA:35,3
DA:36,1
DA:38,2
DA:39,2
DA:40,2
DA:41,1
DA:43,1
DA:47,1
DA:48,1
DA:54,1
DA:55,1
DA:56,1
DA:62,1
DA:66,1
DA:67,1
DA:68,1
LF:37
LH:36
BRDA:2,1,0,1
BRDA:2,1,1,1
BRDA:2,1,2,1
BRDA:3,2,0,7
BRDA:3,2,1,7
BRDA:6,3,0,7
BRDA:6,3,1,9
BRDA:16,4,0,1
BRDA:16,4,1,1
BRDA:25,5,0,0
BRDA:25,5,1,1
BRDA:35,6,0,1
BRDA:35,6,1,2
BRDA:40,7,0,1
BRDA:40,7,1,1
BRF:15
BRH:14
end_of_record
TN:
SF:/Users/joey/Documents/projects/swarm-monitor/build/app/routes/hello.js
FN:4,(anonymous_1)
FN:5,(anonymous_2)
FNF:2
FNH:2
FNDA:8,(anonymous_1)
FNDA:1,(anonymous_2)
DA:2,1
DA:5,8
DA:6,1
DA:7,1
DA:8,1
DA:12,1
LF:6
LH:6
BRF:0
BRH:0
end_of_record
TN:
SF:/Users/joey/Documents/projects/swarm-monitor/build/app/lib/service.js
FN:2,(anonymous_1)
FN:3,(anonymous_2)
FN:4,fulfilled
FN:5,rejected
FN:6,step
FN:6,(anonymous_6)
FN:11,(anonymous_7)
FN:14,(anonymous_8)
FN:15,(anonymous_9)
FN:20,(anonymous_10)
FN:21,(anonymous_11)
FN:25,(anonymous_12)
FNF:12
FNH:1
FNDA:0,(anonymous_1)
FNDA:0,(anonymous_2)
FNDA:0,fulfilled
FNDA:0,rejected
FNDA:0,step
FNDA:0,(anonymous_6)
FNDA:16,(anonymous_7)
FNDA:0,(anonymous_8)
FNDA:0,(anonymous_9)
FNDA:0,(anonymous_10)
FNDA:0,(anonymous_11)
FNDA:0,(anonymous_12)
DA:2,1
DA:3,0
DA:4,1
DA:5,1
DA:6,1
DA:7,0
DA:12,16
DA:15,0
DA:16,0
DA:17,0
DA:21,0
DA:22,0
DA:26,0
DA:29,1
DA:30,1
DA:31,1
LF:16
LH:8
BRDA:2,1,0,1
BRDA:2,1,1,1
BRDA:2,1,2,1
BRDA:3,2,0,0
BRDA:3,2,1,0
BRDA:6,3,0,0
BRDA:6,3,1,0
BRF:7
BRH:3
end_of_record
TN:
SF:/Users/joey/Documents/projects/swarm-monitor/build/app/config.js
FNF:0
FNH:0
DA:2,1
LF:1
LH:1
BRF:0
BRH:0
end_of_record
TN:
SF:/Users/joey/Documents/projects/swarm-monitor/build/app/services/logger.js
FN:2,(anonymous_1)
FN:3,(anonymous_2)
FN:4,fulfilled
FN:5,rejected
FN:6,step
FN:6,(anonymous_6)
FN:14,(anonymous_7)
FN:18,(anonymous_8)
FN:22,(anonymous_9)
FN:23,(anonymous_10)
FN:40,(anonymous_11)
FN:47,(anonymous_12)
FN:50,(anonymous_13)
FN:53,(anonymous_14)
FN:56,(anonymous_15)
FN:59,(anonymous_16)
FN:62,(anonymous_17)
FNF:17
FNH:6
FNDA:8,(anonymous_1)
FNDA:8,(anonymous_2)
FNDA:0,fulfilled
FNDA:0,rejected
FNDA:8,step
FNDA:0,(anonymous_6)
FNDA:8,(anonymous_7)
FNDA:0,(anonymous_8)
FNDA:8,(anonymous_9)
FNDA:8,(anonymous_10)
FNDA:0,(anonymous_11)
FNDA:0,(anonymous_12)
FNDA:0,(anonymous_13)
FNDA:0,(anonymous_14)
FNDA:0,(anonymous_15)
FNDA:0,(anonymous_16)
FNDA:0,(anonymous_17)
DA:2,1
DA:3,8
DA:4,1
DA:5,1
DA:6,8
DA:7,8
DA:10,1
DA:11,1
DA:12,1
DA:15,8
DA:16,8
DA:19,0
DA:20,0
DA:23,8
DA:24,8
DA:25,8
DA:26,8
DA:27,8
DA:28,0
DA:30,8
DA:31,8
DA:32,8
DA:35,8
DA:36,8
DA:37,8
DA:41,0
DA:42,0
DA:43,0
DA:45,0
DA:48,0
DA:51,0
DA:54,0
DA:57,0
DA:60,0
DA:63,0
DA:66,1
LF:36
LH:23
BRDA:2,1,0,1
BRDA:2,1,1,1
BRDA:2,1,2,1
BRDA:3,2,0,8
BRDA:3,2,1,8
BRDA:6,3,0,8
BRDA:6,3,1,0
BRDA:27,4,0,0
BRDA:27,4,1,8
BRDA:31,5,0,8
BRDA:31,5,1,0
BRDA:41,6,0,0
BRDA:41,6,1,0
BRF:13
BRH:8
end_of_record
TN:
SF:/Users/joey/Documents/projects/swarm-monitor/build/app/services/mongodb.js
FN:2,(anonymous_1)
FN:3,(anonymous_2)
FN:4,fulfilled
FN:5,rejected
FN:6,step
FN:6,(anonymous_6)
FN:15,(anonymous_7)
FN:19,(anonymous_8)
FN:20,(anonymous_9)
FN:29,(anonymous_10)
FN:30,(anonymous_11)
FN:35,(anonymous_12)
FN:36,(anonymous_13)
FNF:13
FNH:10
FNDA:40,(anonymous_1)
FNDA:40,(anonymous_2)
FNDA:8,fulfilled
FNDA:0,rejected
FNDA:48,step
FNDA:8,(anonymous_6)
FNDA:8,(anonymous_7)
FNDA:8,(anonymous_8)
FNDA:8,(anonymous_9)
FNDA:0,(anonymous_10)
FNDA:0,(anonymous_11)
FNDA:32,(anonymous_12)
FNDA:32,(anonymous_13)
DA:2,1
DA:3,40
DA:4,8
DA:5,1
DA:6,48
DA:7,40
DA:10,1
DA:11,1
DA:12,1
DA:13,1
DA:16,8
DA:17,8
DA:20,8
DA:21,8
DA:22,8
DA:23,8
DA:24,32
DA:26,8
DA:30,0
DA:31,0
DA:32,0
DA:36,32
DA:37,32
DA:38,32
DA:39,32
DA:40,32
DA:41,32
DA:43,32
DA:44,0
DA:45,0
DA:46,0
DA:48,0
DA:49,0
DA:50,0
DA:53,0
DA:60,1
LF:36
LH:26
BRDA:2,1,0,1
BRDA:2,1,1,1
BRDA:2,1,2,1
BRDA:3,2,0,40
BRDA:3,2,1,40
BRDA:6,3,0,40
BRDA:6,3,1,8
BRDA:39,4,0,32
BRDA:39,4,1,0
BRDA:41,5,0,32
BRDA:41,5,1,32
BRDA:45,6,0,0
BRDA:45,6,1,0
BRDA:48,7,0,0
BRDA:48,7,1,0
BRF:15
BRH:10
end_of_record
